SUCCESS: Location ChIJ012-JJL70YURrW5zB1gcnzY processed successfully
SUCCESS: Location ChIJ-07krwj_zYURTezue3mhlgo processed successfully
SUCCESS: Location ChIJ07mMRObx0YURDT8qfWL9LYw processed successfully
SUCCESS: Location ChIJ0abD0ToBzoURzqLPwtppBBc processed successfully
SUCCESS: Location ChIJ0fAWETf_zYURnUiY0H7bYMk processed successfully
SUCCESS: Location ChIJ0fhThCQA0oURALaHxBtFZ14 processed successfully
SUCCESS: Location ChIJ0UfzVsP_0YUR1LkCa9biijI processed successfully
SUCCESS: Location ChIJ0w1CvqUB0oUR6vBYP1Vhkp8 processed successfully
SUCCESS: Location ChIJ0XsJFl4CzoURU9dERbpc7Ws processed successfully
SUCCESS: Location ChIJ0yKN1qv50YUR_ChjwWyu9Ww processed successfully
SUCCESS: Location ChIJ_12j-sIDzoURzW-hj3pj3PU processed successfully
SUCCESS: Location ChIJ17vOz7T_zYURCje7XeuJByU processed successfully
SUCCESS: Location ChIJ17XyE7L70YURZ4pW8xsN1Do processed successfully
SUCCESS: Location ChIJ196jq8T40YURiuJzqm1JMQY processed successfully
SUCCESS: Location ChIJ1bNSGIT-0YUR_445sgdYXqc processed successfully
SUCCESS: Location ChIJ1cw-2qvi0YURYA0YV57Jn_g processed successfully
SUCCESS: Location ChIJ1d-tcZUC0oUR5pEVJ_YZw-c processed successfully
SUCCESS: Location ChIJ1SkCybb_zYURbnQUDxruUUg processed successfully
SUCCESS: Location ChIJ1TaWFJIDzoURmkLRrgiFnPE processed successfully
SUCCESS: Location ChIJ1_utKhsA0oURhrVIAvCWWBM processed successfully
SUCCESS: Location ChIJ1WEMS4770YURGvxB817u6Wo processed successfully
SUCCESS: Location ChIJ1xc8EvX30YURrA20PemLstk processed successfully
SUCCESS: Location ChIJ21Lg5r39zYUR-IZXyRpx4FU processed successfully
SUCCESS: Location ChIJ24KWVA8D0oURhDjDWX6SzjU processed successfully
SUCCESS: Location ChIJ24Pmcp8HzoUR12UoiDjCnrI processed successfully
SUCCESS: Location ChIJ28E-OQv50YURNNKlZfATGb0 processed successfully
SUCCESS: Location ChIJ28pgkC8DzoURFPS40HgnJgI processed successfully
SUCCESS: Location ChIJ2eIumFj-0YURT0DXDy6GXR4 processed successfully
SUCCESS: Location ChIJ2_MpauT30YURZ3mcJRRQDiA processed successfully
SUCCESS: Location ChIJ2RFgUQIA0oURan5WCwo0ey8 processed successfully
SUCCESS: Location ChIJ2SROzi8FzoURlWUXY1eXEQc processed successfully
SUCCESS: Location ChIJ2VZL2r__0YURD31cRonawBM processed successfully
SUCCESS: Location ChIJ2XMlhkX50YURO2yd8gwJ__A processed successfully
SUCCESS: Location ChIJ33US02H80YURC3vGS8RT8ec processed successfully
SUCCESS: Location ChIJ3dGBci350YURsDYUZcq-kIw processed successfully
SUCCESS: Location ChIJ3drGxpf_0YURpBqAJBjxqFs processed successfully
SUCCESS: Location ChIJ-3l5lDT50YURw7RiMfWkZQ4 processed successfully
SUCCESS: Location ChIJ3RXqQ4f_0YURh80kR0ZiImE processed successfully
SUCCESS: Location ChIJ3Sde3JgD0oURJjtafe27acU processed successfully
SUCCESS: Location ChIJ3SNZElP_0YURCoDdDXU61ms processed successfully
SUCCESS: Location ChIJ3VvdCQMA0oUREbaDFtT_I0g processed successfully
SUCCESS: Location ChIJ3-w6phUH0oUR_BB3gFazp4c processed successfully
SUCCESS: Location ChIJ3wQm6ib50YURcJko7t2hpHc processed successfully
SUCCESS: Location ChIJ3WZbg9v80YURh6DblsiGa-k processed successfully
SUCCESS: Location ChIJ-3ZsqUL80YUR3iYGhNuwiss processed successfully
SUCCESS: Location ChIJ445B0AAAzoURDJ5enadXEDM processed successfully
SUCCESS: Location ChIJ44r8v1v_zYURVxO50UENtlc processed successfully
SUCCESS: Location ChIJ45AlBjT30YURHcxV-T7cWic processed successfully
SUCCESS: Location ChIJ45Hw9Yzj0YURzfSeMyt4SSw processed successfully
SUCCESS: Location ChIJ45t0_97x0YURvOqj8BjkFzY processed successfully
SUCCESS: Location ChIJ462GF2wBzoURzr-TU8xDkcE processed successfully
SUCCESS: Location ChIJ48cUpaUDzoURGxwSKYGhIYA processed successfully
SUCCESS: Location ChIJ4a8nxjL50YURJ19RJ_A9T5E processed successfully
SUCCESS: Location ChIJ4bboBQ3_0YURCK4ctp7rVSA processed successfully
SUCCESS: Location ChIJ4e6QsbwC0oURg5kG8rTgXHs processed successfully
SUCCESS: Location ChIJ4SnQzS_90YURf7BzOtlBGOU processed successfully
SUCCESS: Location ChIJ4TcCShzx0YURAC1d1kfiZRI processed successfully
SUCCESS: Location ChIJ4ULhS1_-0YURSa9jpYWhFT8 processed successfully
SUCCESS: Location ChIJ4VNRAwD5zYURc3cYDlwCQj0 processed successfully
SUCCESS: Location ChIJ4W5PJPUAzoUROIpsdTFgeqI processed successfully
SUCCESS: Location ChIJ4w9qs4L_0YURI1fh1gJE424 processed successfully
SUCCESS: Location ChIJ5-03XrwBzoURf31IZkidK_E processed successfully
SUCCESS: Location ChIJ53FOWlwBzoUR1Rrc8mFAc2c processed successfully
SUCCESS: Location ChIJ53XajJH4zYUROVaDw4ljKLM processed successfully
SUCCESS: Location ChIJ59EQFxwd0oURnAeioDZ1_LU processed successfully
SUCCESS: Location ChIJ5_a8Nh8C0oURiYrDI5rn5sM processed successfully
SUCCESS: Location ChIJ5eeVDQ730YURj_m0_8pdWKk processed successfully
SUCCESS: Location ChIJ5Rk_Xzr_0YURXvh_UF9PrLU processed successfully
SUCCESS: Location ChIJ5SgC61sH0oUR3zsYW6DRTmA processed successfully
SUCCESS: Location ChIJ5SWpYigDzoURRdAC6ycIprQ processed successfully
SUCCESS: Location ChIJ5TpAcVH_0YURQGTpuE_TGic processed successfully
SUCCESS: Location ChIJ5xY48Z350YURhLTdU3_KgJs processed successfully
SUCCESS: Location ChIJ5ykajGUDzoURO7dwqGpqH5Y processed successfully
SUCCESS: Location ChIJ62RLBesA0oURPA4J8ro0S1k processed successfully
SUCCESS: Location ChIJ63ppRxYF0oURjTWgK5HZdWI processed successfully
SUCCESS: Location ChIJ66w-bDrj0YURCOLQZYI5iOg processed successfully
SUCCESS: Location ChIJ679sxOgB0oURm7Zl-v8T3ZI processed successfully
SUCCESS: Location ChIJ6-BIKkX_0YURTZmR7NVx11w processed successfully
SUCCESS: Location ChIJ6_C82ZL90YURtk2ef5JiEDA processed successfully
SUCCESS: Location ChIJ6-mYhcH_0YURLjWlwMkTqAc processed successfully
SUCCESS: Location ChIJ_6pkSM3-0YURDDaRslwM_0w processed successfully
SUCCESS: Location ChIJ6SVzyvQAzoUR5ZgcjlTdWtA processed successfully
SUCCESS: Location ChIJ-6vBJO340YURMQofbgt6j4M processed successfully
SUCCESS: Location ChIJ6xeUtdz_0YUR930AMg8viWw processed successfully
SUCCESS: Location ChIJ6XzRWQIA0oURzNHWnQB_ERs processed successfully
SUCCESS: Location ChIJ6YsZv_sd0oURYWt6xRKq8ZM processed successfully
SUCCESS: Location ChIJ6ZnrVPT_0YURDafgXAlnO6s processed successfully
SUCCESS: Location ChIJ71r40sn90YURyyBJ46j3rlE processed successfully
SUCCESS: Location ChIJ73nzVwD_zYURDT9fhpRrmhs processed successfully
SUCCESS: Location ChIJ76w0iYgH0oURJUMCgzuq_Bs processed successfully
SUCCESS: Location ChIJ7UMSHLYHzoUR1Qe2znDARqo processed successfully
SUCCESS: Location ChIJ7Z_qrm350YUR2sU3U11fsrU processed successfully
SUCCESS: Location ChIJ807mtr_x0YURvXPXSoQxRGc processed successfully
SUCCESS: Location ChIJ8_1X3w7_zYURU0uATHLTx_I processed successfully
SUCCESS: Location ChIJ8-2XhJP_0YURyEOo1O4sUAc processed successfully
SUCCESS: Location ChIJ83tEVNr_0YURu5F3vJMDIAc processed successfully
SUCCESS: Location ChIJ884Rcvb70YURBB1RwBPAIgg processed successfully
SUCCESS: Location ChIJ-89vkK3_0YURX8ofiyWZXng processed successfully
SUCCESS: Location ChIJ8-EMuhD50YURiOcy39suZCo processed successfully
SUCCESS: Location ChIJ-8RZdqwFzoUR2kEquFLmzv4 processed successfully
SUCCESS: Location ChIJ8VqaJZQD0oUR2mzRWQU2CaM processed successfully
SUCCESS: Location ChIJ8Wls0Y_-zYURTqBshe3uSGs processed successfully
SUCCESS: Location ChIJ8ZWV2cz-0YUR_dZtPvUaOPc processed successfully
SUCCESS: Location ChIJ90nqKecB0oURP-SJHo3_GKk processed successfully
SUCCESS: Location ChIJ9997Fmf60YURdvgmwgbLi0Q processed successfully
SUCCESS: Location ChIJ99vJwjD_0YURCImM-UydYCQ processed successfully
SUCCESS: Location ChIJ9ac60rD_0YURl9Xs_y1eGMY processed successfully
SUCCESS: Location ChIJ9bEvGqkd0oURfrLDw2qoNbA processed successfully
SUCCESS: Location ChIJ9cCqaSr90YURPQ-mYnYLhGM processed successfully
SUCCESS: Location ChIJ9cD_1cP30YURNsUyg6c10PA processed successfully
SUCCESS: Location ChIJ9dC2SSr50YURbY8j7GyISTc processed successfully
SUCCESS: Location ChIJ9fDGfGX50YURK65yT33JM4w processed successfully
SUCCESS: Location ChIJ9_mnXTH50YURh7my4joJ0qQ processed successfully
SUCCESS: Location ChIJ9T1PaZob0oURFtsS9Md6F-Y processed successfully
SUCCESS: Location ChIJ9VyRBXn30YUR4Av0CPuMT34 processed successfully
SUCCESS: Location ChIJ9_WNr08AzoURGGkN_6Xmfy4 processed successfully
SUCCESS: Location ChIJa1IN43oC0oURl7AvrbZIeqo processed successfully
SUCCESS: Location ChIJa4YdgjP50YURda1s8q-h8kQ processed successfully
SUCCESS: Location ChIJA5JbKBP_0YURwu-725fB0zA processed successfully
SUCCESS: Location ChIJA5mctML_0YURw3xoEYq41Y8 processed successfully
SUCCESS: Location ChIJA62SGbT_zYURF6KXLpjCsRA processed successfully
SUCCESS: Location ChIJa7j1VPUAzoURSvL9QrjhUtw processed successfully
SUCCESS: Location ChIJA-7PelsDzoURALP8x8VXFZw processed successfully
SUCCESS: Location ChIJA7T-ZQABzoURatsyTJldqtE processed successfully
SUCCESS: Location ChIJA80MOAwDzoUR8B5bVC8e_WA processed successfully
SUCCESS: Location ChIJA9hKxvn_0YURkEiE73k6_NA processed successfully
SUCCESS: Location ChIJAa5eNVAd0oURD0n1Mcty_Os processed successfully
SUCCESS: Location ChIJ-aAzbnH30YURKc-GPJkujUs processed successfully
SUCCESS: Location ChIJab8RTxEA0oURmN2jcx408F4 processed successfully
SUCCESS: Location ChIJAbok_8wB0oUR30u3-5j1g1U processed successfully
SUCCESS: Location ChIJAdrT9QX-0YURIMz2hsyU3RY processed successfully
SUCCESS: Location ChIJadWJThz50YURyf2cqHzb6c8 processed successfully
SUCCESS: Location ChIJa_pPTL750YUREkIyrKLtvO8 processed successfully
SUCCESS: Location ChIJAQAAMLMB0oURD_4FLwX5JUs processed successfully
SUCCESS: Location ChIJAR10S_cDzoURCKlGF60jjWk processed successfully
SUCCESS: Location ChIJARhtetT50YUROx0Wnm_gkkU processed successfully
SUCCESS: Location ChIJaS5RXtj-0YURjFjbyv425GQ processed successfully
SUCCESS: Location ChIJAUxhLtUDzoUR4NmN-yRR26M processed successfully
SUCCESS: Location ChIJAW6mReEB0oURfai5Fj_zJO8 processed successfully
SUCCESS: Location ChIJAw6NOEX_0YURAWGp5-IvJXk processed successfully
SUCCESS: Location ChIJAWEeXcn-0YURT9zbe9cSLn0 processed successfully
SUCCESS: Location ChIJaWoOO9fx0YURiO3DUUBMUoM processed successfully
SUCCESS: Location ChIJAwOThp75zYUR0lBUTwEyF6Y processed successfully
SUCCESS: Location ChIJAwSmFJYBzoURH-p2iZpRk08 processed successfully
SUCCESS: Location ChIJAwtiA4v-0YURSNdeI-NXibg processed successfully
SUCCESS: Location ChIJAxwYHm8BzoUR0zxGV436T8I processed successfully
SUCCESS: Location ChIJayBdMbr-0YURQDqM2VyFNc0 processed successfully
SUCCESS: Location ChIJayqiWQAD0oURtICZK_F107M processed successfully
SUCCESS: Location ChIJAz9rMAABzoURA7LXyGVaZBA processed successfully
SUCCESS: Location ChIJazaSh-n5zYURx6Kp-fx2EvI processed successfully
SUCCESS: Location ChIJAzkyfsIDzoURLvDXZaDllPM processed successfully
SUCCESS: Location ChIJAZuvG3kC0oURZpwgpzgYgp4 processed successfully
SUCCESS: Location ChIJb4SC-U7_0YUR2BELt3Jz6m0 processed successfully
SUCCESS: Location ChIJb5CHvWwC0oURZThZWCeFWIs processed successfully
SUCCESS: Location ChIJB7I09Fr_0YUR5fvenGABiFA processed successfully
SUCCESS: Location ChIJb8brj_n_0YURP6P7j8_u4J0 processed successfully
SUCCESS: Location ChIJB-AzoNH-0YURZryH2uWPzQ8 processed successfully
SUCCESS: Location ChIJBbNRYI7-0YURkqdKRRH1VM0 processed successfully
SUCCESS: Location ChIJbcYN3Eb_0YURVSjT7eaVnu0 processed successfully
SUCCESS: Location ChIJBdi1Ql4AzoURfbWo_SzdUwQ processed successfully
SUCCESS: Location ChIJ_bDnDWb30YURvyiIdMKBSng processed successfully
SUCCESS: Location ChIJBQCsOjIAzoURSod0xTE-q0g processed successfully
SUCCESS: Location ChIJBQoCWLT50YURniAdkQyP204 processed successfully
SUCCESS: Location ChIJbSOWF74H0oUR7jPNwEm6-tk processed successfully
SUCCESS: Location ChIJbSWQ03r90YURaPWYMbVf0LQ processed successfully
SUCCESS: Location ChIJbU2eV4P_0YURBPZef1PTCtM processed successfully
SUCCESS: Location ChIJbUPBwwrx0YUR8hQwdG7t47I processed successfully
SUCCESS: Location ChIJbY707-b90YURNeWoLzqy-KI processed successfully
SUCCESS: Location ChIJ_bZeGQABzoURkU_LMEoUOkY processed successfully
SUCCESS: Location ChIJc0bF1Pn_0YURF6J3xq9TFJE processed successfully
SUCCESS: Location ChIJC1iKBgEC0oURc6gSScA8Cd8 processed successfully
SUCCESS: Location ChIJc3z1YQIAzoUR1iX1EalUEPc processed successfully
SUCCESS: Location ChIJc5iJQeX_0YURi8rtgHnJ3ko processed successfully
SUCCESS: Location ChIJC6AwnDP_0YURAv2Rda0Inio processed successfully
SUCCESS: Location ChIJc8BabPwD0oURvlJrx_lo5bE processed successfully
SUCCESS: Location ChIJc8BdvUL80YURwLWegCFnRZc processed successfully
SUCCESS: Location ChIJCcOMNAAb0oURgyoPJjWt19M processed successfully
SUCCESS: Location ChIJCdXyJtj90YURIMzw0VQ_0EU processed successfully
SUCCESS: Location ChIJcfncPhgH0oURjXNtbAa2t1U processed successfully
SUCCESS: Location ChIJ_cjrdUEC0oURrzNuSExiBNg processed successfully
SUCCESS: Location ChIJcQayEpn_zYURKeKvPrL2h1E processed successfully
SUCCESS: Location ChIJCT06bhoC0oURszwDTCLicpM processed successfully
SUCCESS: Location ChIJCUc6tZ7_0YUR4bGhHGUQj-s processed successfully
SUCCESS: Location ChIJCWP4wE0B0oUR7x7vhrQF9Fo processed successfully
SUCCESS: Location ChIJCWUvP1z90YURKAIDP2EQC40 processed successfully
SUCCESS: Location ChIJcWXZ-3gC0oURN9gUz2Tn1Ns processed successfully
SUCCESS: Location ChIJCXDVeOf_zYURZJhLjJkoOpA processed successfully
SUCCESS: Location ChIJCxVPMPH70YURJo_Bqqjl6ME processed successfully
SUCCESS: Location ChIJcyfG1Er60YURa5vm9STb0Ao processed successfully
SUCCESS: Location ChIJcYFJtHD-zYURMX_EQ5Vja4E processed successfully
SUCCESS: Location ChIJcyHgF0b-0YURNvIjEXzHFHQ processed successfully
SUCCESS: Location ChIJcysQv4gH0oUR-keQY7uR9_E processed successfully
SUCCESS: Location ChIJczjP3ur4zYURwyJ9oggqxOg processed successfully
SUCCESS: Location ChIJczpRreMC0oURp3Bt-gXHJPo processed successfully
SUCCESS: Location ChIJD0MRGK39zYURyqJ2MRWgHAk processed successfully
SUCCESS: Location ChIJd1746375zYURjp51YDQpO2M processed successfully
SUCCESS: Location ChIJD1zqiGoAzoURqJSlAOD5zAM processed successfully
SUCCESS: Location ChIJd25Lcsz_0YURIBM1lxVsRwM processed successfully
SUCCESS: Location ChIJD_4SqPcH0oURa0pEw3Wj9uY processed successfully
SUCCESS: Location ChIJD53k8VcDzoURf9NIvfei0Ys processed successfully
SUCCESS: Location ChIJD5xlpfr_0YURzRIpMYPobcQ processed successfully
SUCCESS: Location ChIJDa5z1Rf50YURdLU1g6aKYBU processed successfully
SUCCESS: Location ChIJdaArK4MFzoURsDk4wsJnsHE processed successfully
SUCCESS: Location ChIJdakpBW3w0YURcZEqc8z7Kzc processed successfully
SUCCESS: Location ChIJdauHcy__0YUR--QGJ2RUhsc processed successfully
SUCCESS: Location ChIJDcfctBkBzoUR3UpHdmk3jOA processed successfully
SUCCESS: Location ChIJ-dDMLXL_0YURFiY0wnexgNw processed successfully
SUCCESS: Location ChIJddqZ8xodzoURzdFlU517HgY processed successfully
SUCCESS: Location ChIJdfCSsSPx0YURdxN1GpI979M processed successfully
SUCCESS: Location ChIJDQuuqAYF0oURsPzBE5wTgDQ processed successfully
SUCCESS: Location ChIJD-SwdfH9zYURoDVMfQ769HM processed successfully
SUCCESS: Location ChIJdVpROhj80YUREfRXD8MDYIU processed successfully
SUCCESS: Location ChIJDVzWwPIB0oURR5i2oxIUhPI processed successfully
SUCCESS: Location ChIJdWfdi-UDzoURtqeS89C5-ek processed successfully
SUCCESS: Location ChIJdWLrWFb-0YURznQFIn8NdOk processed successfully
SUCCESS: Location ChIJDwWAPZkBzoURQiJyeEdfGtg processed successfully
SUCCESS: Location ChIJDXgWU_f-zYURk5UkHprzUFc processed successfully
SUCCESS: Location ChIJDxH2OTP50YURh7Lp438zrIg processed successfully
SUCCESS: Location ChIJdYcEGqri0YURQ2wO8JbThGw processed successfully
SUCCESS: Location ChIJDyVqpOEB0oURU3r1WNxPXlo processed successfully
SUCCESS: Location ChIJE3XPDyj90YURPycqK0EUnxU processed successfully
SUCCESS: Location ChIJe5D-DdT-0YURQGGka-Vd-NE processed successfully
SUCCESS: Location ChIJE6V1Y8MB0oURXujK55jB_Ts processed successfully
SUCCESS: Location ChIJe9tntaX90YURaLsjp1oi04o processed successfully
SUCCESS: Location ChIJEa1A3wj50YURsh5C9ejCmLM processed successfully
SUCCESS: Location ChIJEaNZmzIB0oURI5MzWHyPZDI processed successfully
SUCCESS: Location ChIJEcaoKrn_0YURbC4EiWkomtQ processed successfully
SUCCESS: Location ChIJefo0bW390YUR2mQ_K4BfLhc processed successfully
SUCCESS: Location ChIJe-MDIPT_zYURTR9m6hbVPUg processed successfully
SUCCESS: Location ChIJeRfbmab50YURhy4yH1ofUKo processed successfully
SUCCESS: Location ChIJeTYmi9sdzoURkq_VIX1DRtA processed successfully
SUCCESS: Location ChIJeW6jCzr5zYUR5BYKjugo1JM processed successfully
SUCCESS: Location ChIJEwJq2rz_0YURNU35weZX9xI processed successfully
SUCCESS: Location ChIJeWWEgUb50YURbP3qTf2xST0 processed successfully
SUCCESS: Location ChIJewYUqQEA0oURZz2YNZAvENw processed successfully
SUCCESS: Location ChIJeYLOZMT_0YURFEhp2ubb43c processed successfully
SUCCESS: Location ChIJeYNfW7H50YURagxRTNJy_iE processed successfully
SUCCESS: Location ChIJeyStGpv_0YUR14k5uj9gkeY processed successfully
SUCCESS: Location ChIJeY-WiFL-0YUR2zz7iwrunFs processed successfully
SUCCESS: Location ChIJEZ-R7AMA0oUR5zFQVPep0mw processed successfully
SUCCESS: Location ChIJF01h_L4H0oURXjGAR5ZaReo processed successfully
SUCCESS: Location ChIJf0Hz0PYD0oURsMQw6CIHcU4 processed successfully
SUCCESS: Location ChIJf2B-j5AD0oURXvysF7NJKc0 processed successfully
SUCCESS: Location ChIJF2PwVib90YURGAaSNjC_Aw8 processed successfully
SUCCESS: Location ChIJF3QB1Kbx0YUR3mXOoJxziho processed successfully
SUCCESS: Location ChIJF5cFefgB0oURmsC_YnK-shQ processed successfully
SUCCESS: Location ChIJF5YvS2L_0YURZeUoewaOfbM processed successfully
SUCCESS: Location ChIJF6eQA9b-zYURuxEMUZTwmms processed successfully
SUCCESS: Location ChIJF98FO0P80YURv0akk3eCre8 processed successfully
SUCCESS: Location ChIJF9gWaTL-zYURrhJRUPdJsws processed successfully
SUCCESS: Location ChIJfaYqAnQd0oURa8yYSHP4R5k processed successfully
SUCCESS: Location ChIJfbh7n-wAzoUR_01cb8dfSmw processed successfully
SUCCESS: Location ChIJfbxVhjL_0YURCiDlh4xnSpM processed successfully
SUCCESS: Location ChIJFcENofoBzoURCN6lP0FcFBE processed successfully
SUCCESS: Location ChIJFdCPK3b40YURt-tC6-PuprM processed successfully
SUCCESS: Location ChIJFRiE5RL50YURK7Fh7qIbPtM processed successfully
SUCCESS: Location ChIJFTJWo_cB0oURIpDYOZ2njk8 processed successfully
SUCCESS: Location ChIJfTnqBGL30YUR4uy9WTKWv5Y processed successfully
SUCCESS: Location ChIJFUDnw_n_0YURXvVExVsHl0o processed successfully
SUCCESS: Location ChIJfUht5qcB0oURDXpXYhcX4lU processed successfully
SUCCESS: Location ChIJFWh6wH8BzoURoQOnEb8QEaM processed successfully
SUCCESS: Location ChIJFXjQ5uEB0oURq_9OSpyeMoo processed successfully
SUCCESS: Location ChIJfXSaHgDx0YURAwKP4Q2QTvE processed successfully
SUCCESS: Location ChIJFYJj0jwA0oURWZQ_Rkhu-FE processed successfully
SUCCESS: Location ChIJFYKyQb340YURHT8x2f3RMzw processed successfully
SUCCESS: Location ChIJFy_m_2780YURop0ZT_3j0-8 processed successfully
SUCCESS: Location ChIJfyWh0FUB0oURWtRqjwsmGfo processed successfully
SUCCESS: Location ChIJFZ-6Z7X-0YUR5-hNGnvn2To processed successfully
SUCCESS: Location ChIJg1lZZG4A0oURd3MELmfsDLM processed successfully
SUCCESS: Location ChIJG2cMID3_zYURRoUDaQRq8wQ processed successfully
SUCCESS: Location ChIJG5SAVJ750YUR609N24j2tIU processed successfully
SUCCESS: Location ChIJG5xihCQA0oURcZL-oFhK7zk processed successfully
SUCCESS: Location ChIJG6lqV2EC0oURdnirWKSJN2Y processed successfully
SUCCESS: Location ChIJG97J8zIB0oURMJiOzHvOCls processed successfully
SUCCESS: Location ChIJgbpKCSf_0YURyWp4d_8unS8 processed successfully
SUCCESS: Location ChIJgbrlxmL5zYURjgL0rqzuPS0 processed successfully
SUCCESS: Location ChIJGcX84iD50YUROgjvzjMf5dY processed successfully
SUCCESS: Location ChIJgcZCTmsA0oURVfilITz2nhY processed successfully
SUCCESS: Location ChIJgd37MPUAzoURXFDzxHsSOH0 processed successfully
SUCCESS: Location ChIJGejuV8b_0YUR8n8674zMxRA processed successfully
SUCCESS: Location ChIJGfAEDtf50YURjbMXREE2gGw processed successfully
SUCCESS: Location ChIJGfSjXjL-0YURp14nFKJ3zCM processed successfully
SUCCESS: Location ChIJGR3YBFj_0YURWGEHZ1rH-9M processed successfully
SUCCESS: Location ChIJGR-EF4L30YURHIUMSGK6uJM processed successfully
SUCCESS: Location ChIJgRP2wvgBzoURiLn_airCI9A processed successfully
SUCCESS: Location ChIJGRwMH80D0oURa9DY0psAQJM processed successfully
SUCCESS: Location ChIJGTETmFj_0YUR6RI0bD8t8LU processed successfully
SUCCESS: Location ChIJGUpVra8DzoUR6rNrXgx9m_E processed successfully
SUCCESS: Location ChIJGV813cQBzoURezeSv1hsBxs processed successfully
SUCCESS: Location ChIJGwMxMOL40YUR_EVnjuLlDzk processed successfully
SUCCESS: Location ChIJGy3sxab70YURXy8t-O3Rnv0 processed successfully
SUCCESS: Location ChIJGykx_qLx0YURJNsUU2rodns processed successfully
SUCCESS: Location ChIJgYNqTY7x0YUR0uEGi7Plg4k processed successfully
SUCCESS: Location ChIJGz3Epb0BzoUR1LJ8CfCO6TY processed successfully
SUCCESS: Location ChIJGZFPH7YA0oUR0s5BIBOhGus processed successfully
SUCCESS: Location ChIJGZTVlcn_zYURRZxrmu06Qto processed successfully
SUCCESS: Location ChIJh1mQzWT_zYURSfqFmvadPHg processed successfully
SUCCESS: Location ChIJh1zVR_UAzoUR-b6mWULWfXM processed successfully
SUCCESS: Location ChIJH3x1xy750YUR90qP2ipcKeQ processed successfully
SUCCESS: Location ChIJH3xQKecDzoURbya8Iabv2fc processed successfully
SUCCESS: Location ChIJh5if0FD-0YURZiN5sgxxReU processed successfully
SUCCESS: Location ChIJH8IlcbYF0oUReIC-ZzWUQHI processed successfully
SUCCESS: Location ChIJh9XuegMBzoURZef90WljQxs processed successfully
SUCCESS: Location ChIJhcDbvm4D0oURnurwgin-tnQ processed successfully
SUCCESS: Location ChIJHdfB_kAH0oURjaXqCnc9tcU processed successfully
SUCCESS: Location ChIJHf9Dw9_x0YURHpJh5vg37ho processed successfully
SUCCESS: Location ChIJh-KVKdz-0YUR0B98L86KKQ0 processed successfully
SUCCESS: Location ChIJh-r4KwADzoURpjAVEdf0-SM processed successfully
SUCCESS: Location ChIJHSAhfnAAzoURSQyJUPspwX0 processed successfully
SUCCESS: Location ChIJHUFtNnf_0YURvGacyULQGvw processed successfully
SUCCESS: Location ChIJHUMfYOcc0oURQnCEd9UDaNY processed successfully
SUCCESS: Location ChIJHVWUnXv_0YURqPTYRof2aro processed successfully
SUCCESS: Location ChIJHwciRdL40YURIAzMPd3G_SA processed successfully
SUCCESS: Location ChIJHy11T4T50YURrBx6Q9Fpcbs processed successfully
SUCCESS: Location ChIJHZ_Hqk790YURP8VlVjZA6hY processed successfully
SUCCESS: Location ChIJhZtL4Yb_0YURtR8RljTZ4n4 processed successfully
SUCCESS: Location ChIJI_2SZf7-0YURiupe_g1uGEE processed successfully
SUCCESS: Location ChIJI4_tR83-0YURMouBJIUA4KY processed successfully
SUCCESS: Location ChIJI4_tR83-0YURwk0tscoXHrI processed successfully
SUCCESS: Location ChIJI5J-r1r50YURM7NmDXm3IJo processed successfully
SUCCESS: Location ChIJi-9OPvUAzoURsPRISwoTZ3I processed successfully
SUCCESS: Location ChIJibF6Okf9zYUR-kdnSmIVFes processed successfully
SUCCESS: Location ChIJicnbC9AB0oUR4p0YR80VLZU processed successfully
SUCCESS: Location ChIJidgQNcYCzoURZmuIejJ7bZs processed successfully
SUCCESS: Location ChIJieiPY2340YUR2YlzLQjGSE4 processed successfully
SUCCESS: Location ChIJIeTkB3gBzoURpYknf2jyyQE processed successfully
SUCCESS: Location ChIJi_jvfRn50YURtVhstzEu8k0 processed successfully
SUCCESS: Location ChIJi_M5ohX80YUR2fRQok-nK5Q processed successfully
SUCCESS: Location ChIJIRo9WdX-0YUR8SAxEJ2aSHU processed successfully
SUCCESS: Location ChIJIRoUsdz_0YURX84VhI3hHVs processed successfully
SUCCESS: Location ChIJISgmFO390YURi3FosT2CnOM processed successfully
SUCCESS: Location ChIJiSWoesX-0YURk2ve_iP_g70 processed successfully
SUCCESS: Location ChIJiVinnRb-0YUR45ZopYoaE5I processed successfully
SUCCESS: Location ChIJiW-1vUMbzoURq6gWjZfx96I processed successfully
SUCCESS: Location ChIJIz2jfSP50YURNjvHtw5vIiQ processed successfully
SUCCESS: Location ChIJizvGV_8AzoUR8BxvBDERHKI processed successfully
SUCCESS: Location ChIJJ2jgVHMBzoUR7MSrvEwVwFM processed successfully
SUCCESS: Location ChIJj69pZMD50YUR9Ttmm2PV3oQ processed successfully
SUCCESS: Location ChIJJ7CbK3wB0oURZLLlYcE67dU processed successfully
SUCCESS: Location ChIJJ7f3J8z80YURwwYxCsMbajI processed successfully
SUCCESS: Location ChIJJ7kjIGD_0YUReCkUcGrE3R8 processed successfully
SUCCESS: Location ChIJj7QDYxj_zYUR3m_-uZ6Tvt0 processed successfully
SUCCESS: Location ChIJj95GZVIezoURIOey7T9gfk0 processed successfully
SUCCESS: Location ChIJJ9Oad8b70YURJUmYUS4eVaU processed successfully
SUCCESS: Location ChIJja3Hhvvx0YURwBK5M0DYPrw processed successfully
SUCCESS: Location ChIJJaIaXcP_0YURnNXIUZIw_mA processed successfully
SUCCESS: Location ChIJjb0pP0cD0oURRBXvHgC6Z4w processed successfully
SUCCESS: Location ChIJjcFE2hr50YURPnhoNIZIuO4 processed successfully
SUCCESS: Location ChIJJeV299r_0YURAWwYCP9ev60 processed successfully
SUCCESS: Location ChIJJR9g1OX_zYURjSeEyYnPX_0 processed successfully
SUCCESS: Location ChIJJ-tKP9n40YURp5pHADS1W0g processed successfully
SUCCESS: Location ChIJjTLB-bn5zYURH4SQFFxefgU processed successfully
SUCCESS: Location ChIJjWdn2B350YURGwbS7cWXOhk processed successfully
SUCCESS: Location ChIJJWiihdcBzoURpiViKJXtPts processed successfully
SUCCESS: Location ChIJJWRNjSkd0oURn2Szp5Qfots processed successfully
SUCCESS: Location ChIJjwtLuMUDzoURgFl2PlXk0NM processed successfully
SUCCESS: Location ChIJJYzT9TP_0YURNtpwNArG8OE processed successfully
SUCCESS: Location ChIJjZNvefX50YUR21eyVSVLqLY processed successfully
SUCCESS: Location ChIJK033Xc0DzoURJGCKU682DYs processed successfully
SUCCESS: Location ChIJk0N4IwDx0YUR5PFtUBOa8VM processed successfully
SUCCESS: Location ChIJK2dLhp3_0YURVA5ZL47rtfo processed successfully
SUCCESS: Location ChIJk2ukA-H_0YUR3YxkqCQBVvo processed successfully
SUCCESS: Location ChIJK6cqaZz50YURziuvZ5wHZPg processed successfully
SUCCESS: Location ChIJK8qobvIDzoURR0vBljlIs-I processed successfully
SUCCESS: Location ChIJK-aKkLMdzoURIIA1HjOdZS4 processed successfully
SUCCESS: Location ChIJKbxWu_wDzoURkpPvQVCkUkw processed successfully
SUCCESS: Location ChIJke8daDb_0YUR9T-ueTlHy_8 processed successfully
SUCCESS: Location ChIJk_f3Qvb70YURcoYyeS4JKcc processed successfully
SUCCESS: Location ChIJKQ8CkhEFzoURSoUrA4U-JxE processed successfully
SUCCESS: Location ChIJKSa9_8v_0YUR9u1wSQDi-X0 processed successfully
SUCCESS: Location ChIJKTdl5fgDzoUR7-PuVI8sMCs processed successfully
SUCCESS: Location ChIJkTWLbvkDzoURMoTKaekOPkA processed successfully
SUCCESS: Location ChIJkVJIc5sFzoURcUZVPyY3Yvc processed successfully
SUCCESS: Location ChIJkwEi0zD_0YURNcemgv_3-Wc processed successfully
SUCCESS: Location ChIJkwLn1rj7zYUR0xsOfYJGUIs processed successfully
SUCCESS: Location ChIJkWmF0FoDzoURPta5uDvBu2o processed successfully
SUCCESS: Location ChIJKyKJaG7-0YURtitTdAKlgy4 processed successfully
SUCCESS: Location ChIJkywy7O770YURf5Y5klGACPw processed successfully
SUCCESS: Location ChIJkz3zDlv50YUR3IsEkkCcNrc processed successfully
SUCCESS: Location ChIJL0UaXyv50YURNyz05p6HsQg processed successfully
SUCCESS: Location ChIJl2bm0_EbzoURZ6ocyI7QGx0 processed successfully
SUCCESS: Location ChIJl2FBmiYCzoURTBDbOOOiEN0 processed successfully
SUCCESS: Location ChIJl2IDv5sD0oURpWSgU6adsm8 processed successfully
SUCCESS: Location ChIJl2NJSEUAzoURqf70p6tNCL8 processed successfully
SUCCESS: Location ChIJL30_S8X90YURu87JTc4lNpM processed successfully
SUCCESS: Location ChIJL7cQvDX60YURPPViSKQbG28 processed successfully
SUCCESS: Location ChIJL7EfCzP50YURNvzmA7gabIU processed successfully
SUCCESS: Location ChIJL7fxBgT_0YURQM6A0wl47e4 processed successfully
SUCCESS: Location ChIJl7hG81_90YURGwsyVHNhno4 processed successfully
SUCCESS: Location ChIJL9wnJc4c0oUReFHBqes-TcY processed successfully
SUCCESS: Location ChIJL9YA8DwdzoURs7-E9ah3ys8 processed successfully
SUCCESS: Location ChIJLeheezz50YURsQP4V2EKOyw processed successfully
SUCCESS: Location ChIJlUKPwi8FzoUR0ry8H1ku4iY processed successfully
SUCCESS: Location ChIJLUrOppT60YURghglOdp-4yo processed successfully
SUCCESS: Location ChIJlVoSy9IazoURqzCjD_D4KEs processed successfully
SUCCESS: Location ChIJLXHf-aP_0YURdofBnspb2tM processed successfully
SUCCESS: Location ChIJlY0Dgr_9zYURp7H7dsNXcqQ processed successfully
SUCCESS: Location ChIJlYK52vT-0YUR-0lEF2BD7Yc processed successfully
SUCCESS: Location ChIJlyrYagAd0oUR0fvlR6nexJs processed successfully
SUCCESS: Location ChIJm1tM4Dvx0YURD_k9qWvmD8k processed successfully
SUCCESS: Location ChIJM2_nI7cBzoURiEpqHgXgH4U processed successfully
SUCCESS: Location ChIJM3AIG-sD0oUR--ydzBJYWkw processed successfully
SUCCESS: Location ChIJm6F_SqHx0YURGeaxepDTEvg processed successfully
SUCCESS: Location ChIJm6_PDfj-0YURJbYHM-NFV3A processed successfully
SUCCESS: Location ChIJMfX_nZr40YURWjrB1U8Ysqo processed successfully
SUCCESS: Location ChIJM_mRahoC0oURmt8R_M3udzw processed successfully
SUCCESS: Location ChIJMQi0RC8BzoURUDOKKmwNBeg processed successfully
SUCCESS: Location ChIJMRSEcwDj0YURMzi2g1az4uE processed successfully
SUCCESS: Location ChIJMUgTY8z_0YURQVR0mAgAZYo processed successfully
SUCCESS: Location ChIJmVDiGRoDzoUR_VlKnYilKqo processed successfully
SUCCESS: Location ChIJmVP0CVr_0YURmK4FtqQ4H58 processed successfully
SUCCESS: Location ChIJmX6Qkev50YURgMQV0qA6klg processed successfully
SUCCESS: Location ChIJmXGkb4__zYUR0msq9AyTJ9M processed successfully
SUCCESS: Location ChIJmXiXgO8BzoURk-k176yVIo4 processed successfully
SUCCESS: Location ChIJmyGhNB8DzoURJIBiGLmXE0g processed successfully
SUCCESS: Location ChIJmZVH3hH_zYURLaVT4ZwKonk processed successfully
SUCCESS: Location ChIJn03moyP90YURD8x67ZjwjEY processed successfully
SUCCESS: Location ChIJn0L5O34BzoURfh3-HLm4m2g processed successfully
SUCCESS: Location ChIJN1KGCYkAzoURPYQO13JdnZE processed successfully
SUCCESS: Location ChIJn2jdv3T50YURJEnViBhB1Ww processed successfully
SUCCESS: Location ChIJN4jnfR4B0oURh8z_Lg8ll5s processed successfully
SUCCESS: Location ChIJn63wsUf_0YUR7w-2EDnhTFw processed successfully
SUCCESS: Location ChIJN65ql3r50YURJfK7CW3qH-Y processed successfully
SUCCESS: Location ChIJn788yij-0YURql4zyV-22x4 processed successfully
SUCCESS: Location ChIJnb61RNX40YURjLOqxoI9oh0 processed successfully
SUCCESS: Location ChIJNbj_Z2YB0oURcr_eCdf7hO8 processed successfully
SUCCESS: Location ChIJn_BSlP0BzoURkQhG5hS5v4M processed successfully
SUCCESS: Location ChIJNc3VZp__0YURJ5vNc3Xejro processed successfully
SUCCESS: Location ChIJncqI2egBzoURFN6Jgv2YAMA processed successfully
SUCCESS: Location ChIJNfurU_UE0oURh3nnYfeiN_E processed successfully
SUCCESS: Location ChIJnRzbic370YURASVOFJxeWec processed successfully
SUCCESS: Location ChIJnSqiqOgFzoURo-9Vdj-7ZGo processed successfully
SUCCESS: Location ChIJNU8Uk9wBzoURuI60gco5ppg processed successfully
SUCCESS: Location ChIJn-vceSkd0oURaujWGbh7gdY processed successfully
SUCCESS: Location ChIJnVl05XYA0oUR37IRVBUpXJE processed successfully
SUCCESS: Location ChIJnVnR3hsBzoURN1Or0kmvPgg processed successfully
SUCCESS: Location ChIJNweCT6r_0YURRCsUAxen5c8 processed successfully
SUCCESS: Location ChIJNWSsywP80YURrMI29KUemDQ processed successfully
SUCCESS: Location ChIJnz_n8VQE0oURVaubpukuEh8 processed successfully
SUCCESS: Location ChIJO0N8aJH-0YURFCrRteP86k8 processed successfully
SUCCESS: Location ChIJO2kM0pr_0YURrkluI9jv5-I processed successfully
SUCCESS: Location ChIJo2PkBJcA0oURKtZ1hQjjCzc processed successfully
SUCCESS: Location ChIJO2W__nb90YURn4wS7vQ_Sj8 processed successfully
SUCCESS: Location ChIJO2Wxq4kDzoURGe0Xeu-IEJU processed successfully
SUCCESS: Location ChIJO3tsfeIDzoURH3_Q9mJ5bWg processed successfully
SUCCESS: Location ChIJo4k_YQD70YURanQku9hm6Cc processed successfully
SUCCESS: Location ChIJO7c_Hlod0oURXME9hYjeU5g processed successfully
SUCCESS: Location ChIJo8n8nlEAzoURrO3XRNj1qyw processed successfully
SUCCESS: Location ChIJob2t4Mb30YURl8Jn8O6sPBM processed successfully
SUCCESS: Location ChIJoblh9eAAzoURnQTEL1z0vVo processed successfully
SUCCESS: Location ChIJodTm020D0oUROyyUG5Dzobo processed successfully
SUCCESS: Location ChIJOdwpSVADzoURF93GLelW_Ws processed successfully
SUCCESS: Location ChIJOfNvJVD_0YUR0hqYBvlmxkw processed successfully
SUCCESS: Location ChIJOfThwM4DzoUR_UIn_hVw9Mk processed successfully
SUCCESS: Location ChIJo-LV4VEdzoURQGXAmPFzql0 processed successfully
SUCCESS: Location ChIJO_q-BDobzoURSllClH3GQ4U processed successfully
SUCCESS: Location ChIJoR0zSFYbzoURqEdgr0VT3Bs processed successfully
SUCCESS: Location ChIJoS2_vXnx0YURMeqZXJk2114 processed successfully
SUCCESS: Location ChIJOSAfo7Qb0oUR-wMuEM-dC6I processed successfully
SUCCESS: Location ChIJoV9pVaf40YURJGPB0QgZb6k processed successfully
SUCCESS: Location ChIJOVHhJZQC0oURkoTujgJYBVQ processed successfully
SUCCESS: Location ChIJOVKaSVUBzoURkqb2fq2awB4 processed successfully
SUCCESS: Location ChIJOVxyhYP_0YURvvUMGVCMBSg processed successfully
SUCCESS: Location ChIJoXG9Uz4BzoURUh6XkUqgPmw processed successfully
SUCCESS: Location ChIJOxpTWvP30YURdqXUxOgdSRc processed successfully
SUCCESS: Location ChIJoyPuNCn80YURzGxvBheMClI processed successfully
SUCCESS: Location ChIJOYu5gtMB0oURYnaN9i6pH1w processed successfully
SUCCESS: Location ChIJOZgIti3_0YURYLtqYW2hfjg processed successfully
SUCCESS: Location ChIJozRx9Rr50YURZ5IsIvAJF9M processed successfully
SUCCESS: Location ChIJOZSdpWwBzoURoGUNa61i7Co processed successfully
SUCCESS: Location ChIJoZUYBaID0oURhqBkAdt4f1k processed successfully
SUCCESS: Location ChIJOZX7WrAB0oURAoZSwbvfBxc processed successfully
SUCCESS: Location ChIJP1dJRVf_0YURr8MZosHl4kI processed successfully
SUCCESS: Location ChIJp1IL-g730YURWNqDSFAI3ZQ processed successfully
SUCCESS: Location ChIJp1VSaMIDzoURkktBRXbqlck processed successfully
SUCCESS: Location ChIJp2No594DzoUR-QnTQseEgJE processed successfully
SUCCESS: Location ChIJp2Uuxczx0YURUmqjNK03pac processed successfully
SUCCESS: Location ChIJp3zIgyP50YUR6zMJBWCMnhc processed successfully
SUCCESS: Location ChIJp6j8KXEEzoURyTH-Ax-wyhI processed successfully
SUCCESS: Location ChIJP8BE46wEzoURyA0BCV2pRyg processed successfully
SUCCESS: Location ChIJP8EW5vMB0oURKiMRxq6dBik processed successfully
SUCCESS: Location ChIJpbPBXyr40YURLcdT4cWEP6M processed successfully
SUCCESS: Location ChIJPTfyIQsBzoURStXBMrEkyj4 processed successfully
SUCCESS: Location ChIJpVviKmoH0oUR6blaMdjMF10 processed successfully
SUCCESS: Location ChIJpVxerIb50YURKBTzOrtWVm8 processed successfully
SUCCESS: Location ChIJPXON8IT90YURW3pi1GbMu7M processed successfully
SUCCESS: Location ChIJPYMSYU7w0YURw90D5GGaqUs processed successfully
SUCCESS: Location ChIJpzENNmEd0oURPnFBsLXz_SI processed successfully
SUCCESS: Location ChIJQ16Y7f0BzoUR1qDtZh01mUE processed successfully
SUCCESS: Location ChIJQ1eVhd8BzoURRcFjrITsoAc processed successfully
SUCCESS: Location ChIJq2_1Non50YURs-rBDNv60ok processed successfully
SUCCESS: Location ChIJq6kJg_AB0oURdNBlm0zWxM8 processed successfully
SUCCESS: Location ChIJq6qq6nYA0oUR-xL5d_u3WEY processed successfully
SUCCESS: Location ChIJQ8Am9uoBzoURbb9JdFtzXxc processed successfully
SUCCESS: Location ChIJq8q0IND-0YUR8ENL3GWrLsI processed successfully
SUCCESS: Location ChIJq8sCtQ__0YURe-AYZ8Yc8Fs processed successfully
SUCCESS: Location ChIJ_QAnyOQB0oUR4EowuGoa7sw processed successfully
SUCCESS: Location ChIJq-B2HoH_zYURxjyPPevA6AU processed successfully
SUCCESS: Location ChIJQb6V74sB0oURXM2btPOZWCA processed successfully
SUCCESS: Location ChIJQcThjoYBzoURkg_b3I7HYtA processed successfully
SUCCESS: Location ChIJQdMft97-0YURTo_Mz8uU4jM processed successfully
SUCCESS: Location ChIJQ-dY1fAc0oUReAjxt4S69Zg processed successfully
SUCCESS: Location ChIJQenfdqED0oURIW55MsT69ZU processed successfully
SUCCESS: Location ChIJQ__fTFTx0YUROHL3rimjWzA processed successfully
SUCCESS: Location ChIJQ_G4nND_zYUR4xE5OSw9108 processed successfully
SUCCESS: Location ChIJQQq6xjT-0YURJdbSprzriGY processed successfully
SUCCESS: Location ChIJq_rVNnH50YURVLLnxwmxyso processed successfully
SUCCESS: Location ChIJqSpxSqMb0oURVv-I5XeFbgs processed successfully
SUCCESS: Location ChIJ-QT8_ov_0YURqvkTWfsNoqM processed successfully
SUCCESS: Location ChIJQUoVIjP50YURyAfX7nCVX_w processed successfully
SUCCESS: Location ChIJqY5HNzP50YURxcqDF58XtuE processed successfully
SUCCESS: Location ChIJqYe9rqr_0YURL4BEw2k8sC0 processed successfully
SUCCESS: Location ChIJQYhQEhn90YURWVngv2UZPuY processed successfully
SUCCESS: Location ChIJQZEcuuUBzoURJMcy1f2rTOM processed successfully
SUCCESS: Location ChIJr1q4i8QA0oUREwt-m-rCTiI processed successfully
SUCCESS: Location ChIJR2LfQ_X7zYURJFI04VfNZ4o processed successfully
SUCCESS: Location ChIJr3MZKysHzoUREsMtaZkN8rg processed successfully
SUCCESS: Location ChIJr3rWYmUb0oURp5SGe-3g6Y0 processed successfully
SUCCESS: Location ChIJ-R6gAvwB0oURb42WS821FF4 processed successfully
SUCCESS: Location ChIJr6M6vjT50YURQ-y3ZORNIVw processed successfully
SUCCESS: Location ChIJr82ZuhcC0oUR42JqEUE3cZw processed successfully
SUCCESS: Location ChIJ-R8Kgxj-0YURB0z6PihjzC0 processed successfully
SUCCESS: Location ChIJR8kNBiYb0oURyWj8CzasAtA processed successfully
SUCCESS: Location ChIJr9jBhKj50YURA_D3SX3qPB4 processed successfully
SUCCESS: Location ChIJraZkTlnx0YURUE9PrgXCW_M processed successfully
SUCCESS: Location ChIJrazZuFsA0oURmyGbrjKwoFU processed successfully
SUCCESS: Location ChIJRbZO1NL50YUR7MVdm7hP7Ug processed successfully
SUCCESS: Location ChIJrcalMQwAzoURyXCMkV9Xjk8 processed successfully
SUCCESS: Location ChIJRcoTlrgH0oUR48Aa2qGI1uc processed successfully
SUCCESS: Location ChIJReq3x_n90YURox5y-FjNIRM processed successfully
SUCCESS: Location ChIJrfuANvQd0oURV1M6VT7sC7U processed successfully
SUCCESS: Location ChIJr-TYCBHx0YURcWui4g6DOcc processed successfully
SUCCESS: Location ChIJRVkChvj_0YURriMSF4QlBf0 processed successfully
SUCCESS: Location ChIJ-_rwt9X50YURb1RNWFNrjsc processed successfully
SUCCESS: Location ChIJRWueLTP50YURlCgtSyiZm14 processed successfully
SUCCESS: Location ChIJrXChnL740YUROOzbbdPEo0o processed successfully
SUCCESS: Location ChIJrXkY93b90YURG4lbcBNyU1k processed successfully
SUCCESS: Location ChIJRxPS-07_0YURbJgw_6mMOi8 processed successfully
SUCCESS: Location ChIJRXx3TXn_0YUR7aLyChzPp8M processed successfully
SUCCESS: Location ChIJrytwDXsAzoURdPOX5AOA3nw processed successfully
SUCCESS: Location ChIJ-Rz1mLP_0YURWOCZbUJ326E processed successfully
SUCCESS: Location ChIJs0j25Vb80YUR-D8feMDfZHo processed successfully
SUCCESS: Location ChIJS0phsIH80YURk2Vl3uIfwfU processed successfully
SUCCESS: Location ChIJs2qaH-_90YURPoYyZ3ZSlxA processed successfully
SUCCESS: Location ChIJS4IE9HsAzoURt9JVE3pbK6Y processed successfully
SUCCESS: Location ChIJs4nT1xoC0oURXhfHSqfAVYE processed successfully
SUCCESS: Location ChIJS7R39Sr50YURQE6mi9UOKds processed successfully
SUCCESS: Location ChIJs7xyvjv60YUR2Gd_RSR2k2I processed successfully
SUCCESS: Location ChIJsbIu52v_0YUR1m_4hsfHKCQ processed successfully
SUCCESS: Location ChIJScjIILQB0oURJMVub-MaI4Q processed successfully
SUCCESS: Location ChIJSdfReqYBzoURwYrVP4sf8IM processed successfully
SUCCESS: Location ChIJsdHqQbv40YUR-o6Hpdb3O3g processed successfully
SUCCESS: Location ChIJs_N7ANL-0YUR72p7FaEep-Y processed successfully
SUCCESS: Location ChIJsSb9fmMAzoURad-Ouzy1694 processed successfully
SUCCESS: Location ChIJsTG7GZX50YURZbXLL9FZfxM processed successfully
SUCCESS: Location ChIJsTqvU2f30YUROXuMX6t4Tgg processed successfully
SUCCESS: Location ChIJSXaFysz-0YUR_TmRjmzfMN0 processed successfully
SUCCESS: Location ChIJsxepPVwBzoURDoGWUxWFGWo processed successfully
SUCCESS: Location ChIJsYimf8L_zYUR9Ligyimtdok processed successfully
SUCCESS: Location ChIJSyujwA8DzoURcVRCmqJ8w6o processed successfully
SUCCESS: Location ChIJszK-2XD50YUR0DLGrAvkLnk processed successfully
SUCCESS: Location ChIJT11ehYcD0oURIvADPETZAJw processed successfully
SUCCESS: Location ChIJT4i7NN_30YURobP0S031WXg processed successfully
SUCCESS: Location ChIJT6hyBtrj0YURqIZy1JPuj-4 processed successfully
SUCCESS: Location ChIJt6_tYPQCzoURzdE89F8bQU0 processed successfully
SUCCESS: Location ChIJt8vxXMz_0YURjTC8755jIPc processed successfully
SUCCESS: Location ChIJ-TATuSz_0YUR-kmEr193Jc8 processed successfully
SUCCESS: Location ChIJTbzHUbD90YURI269hbMTDUE processed successfully
SUCCESS: Location ChIJtceaBtoB0oURYY6I_ASPrmA processed successfully
SUCCESS: Location ChIJt-KqKQAD0oURLy7JRk8DNDM processed successfully
SUCCESS: Location ChIJTQ2Pah_50YURsBxaAMGZfuU processed successfully
SUCCESS: Location ChIJTQGqdSv50YURJKLN5Eu1o3U processed successfully
SUCCESS: Location ChIJTQGqdSv50YURz-imDdIQ2Bc processed successfully
SUCCESS: Location ChIJtQwe_OUDzoUR-MyVlt_hWdM processed successfully
SUCCESS: Location ChIJTRyV0bYczoURmQnERDgeTUg processed successfully
SUCCESS: Location ChIJTTWJazz_zYUR5YCGt251VJc processed successfully
SUCCESS: Location ChIJtwuvqz0BzoURkq7VYL8wXME processed successfully
SUCCESS: Location ChIJtx9WaDb-zYURlOCBc9SeZwM processed successfully
SUCCESS: Location ChIJTxSV3DsDzoURTgV95AwQ-zg processed successfully
SUCCESS: Location ChIJTYWIy9z_0YURddO8zJQYnqo processed successfully
SUCCESS: Location ChIJTyZEQTn_zYURlg_TFv4jQM8 processed successfully
SUCCESS: Location ChIJtzi0aMfx0YURpqbDgDEGhIo processed successfully
SUCCESS: Location ChIJTzpDYyX_0YURxxfOtnPkB3c processed successfully
SUCCESS: Location ChIJu0nDbdH_zYURg0DwWiPi75I processed successfully
SUCCESS: Location ChIJU2JlAH8EzoURc6VKF4ndLmA processed successfully
SUCCESS: Location ChIJU3UtlXgBzoURla255grhKVc processed successfully
SUCCESS: Location ChIJU5iJDwv_zYURjFmpRY-9f1I processed successfully
SUCCESS: Location ChIJu5SW0zv50YURV2PHYi4tfzw processed successfully
SUCCESS: Location ChIJu6ZG9_oA0oUR6AFcGdviVBY processed successfully
SUCCESS: Location ChIJu8Q1hBoC0oUR3pO4s85bcUE processed successfully
SUCCESS: Location ChIJuac9VtH90YURQtOj6eDm8SY processed successfully
SUCCESS: Location ChIJubnDN0790YUR25DnBY-RZPw processed successfully
SUCCESS: Location ChIJU-_c4Vj90YURkdSdWPrBEAs processed successfully
SUCCESS: Location ChIJUcdxhLH_zYUR14MpLuiRT0g processed successfully
SUCCESS: Location ChIJudloDbP_zYURSJODnr_v8no processed successfully
SUCCESS: Location ChIJ_UghKRz9zYURWUUx4kgPNL4 processed successfully
SUCCESS: Location ChIJu_HDCmD90YUR1l8cDYlavxk processed successfully
SUCCESS: Location ChIJUQ2z6hgDzoURTGjfvxW4lw4 processed successfully
SUCCESS: Location ChIJuSjUDY8d0oURYN9U5FhfM-4 processed successfully
SUCCESS: Location ChIJUT8CQMACzoURJG72OBnnHEo processed successfully
SUCCESS: Location ChIJuUwvr0b50YURk-NmXhj06vs processed successfully
SUCCESS: Location ChIJuV6IllIAzoURRbiH2iYAtSM processed successfully
SUCCESS: Location ChIJuwdpbgoC0oUR8hZEqssQD3Y processed successfully
SUCCESS: Location ChIJUw_eavX_zYURwjfHlX0JjMk processed successfully
SUCCESS: Location ChIJuX1Hxtr_0YUR-vXtj7o8QiU processed successfully
SUCCESS: Location ChIJUyIKvH0C0oURlxi5zRLxnlA processed successfully
SUCCESS: Location ChIJuzwcRsvi0YUR9pc61kyfPv0 processed successfully
SUCCESS: Location ChIJv0LcYRoC0oURwXXz3593qE8 processed successfully
SUCCESS: Location ChIJV26h9dDx0YURet581ODr2nA processed successfully
SUCCESS: Location ChIJv2hmaMv-0YUR3HNtNTPZys0 processed successfully
SUCCESS: Location ChIJv_4dy2T50YURhgMbn7L9e-s processed successfully
SUCCESS: Location ChIJV5TiG1D_0YUR_QVQFSGVq-4 processed successfully
SUCCESS: Location ChIJvawqY0T_zYURnZJw0mScx5w processed successfully
SUCCESS: Location ChIJVe15uynj0YURsfqpINLIGw4 processed successfully
SUCCESS: Location ChIJVfiBBfz_0YUR5GfFAwi5_6w processed successfully
SUCCESS: Location ChIJVf-VH2L90YURV2e7QYf8E4k processed successfully
SUCCESS: Location ChIJvRdReIT_0YURzPTc8xRvKlI processed successfully
SUCCESS: Location ChIJvRU3IFkBzoURHIbSwxOmms4 processed successfully
SUCCESS: Location ChIJv-_T6ikDzoURRfSeHjt7xzk processed successfully
SUCCESS: Location ChIJvV5kbXwd0oURL8aiktsA8N0 processed successfully
SUCCESS: Location ChIJVWJrv88DzoURXovCOdnfYe8 processed successfully
SUCCESS: Location ChIJVXmuMcP_0YURBRTMHESl2zo processed successfully
SUCCESS: Location ChIJVxOVE8380YURSFrbTTM9yOU processed successfully
SUCCESS: Location ChIJvXPgznT90YUR6uBfrYPqMCQ processed successfully
SUCCESS: Location ChIJvYLraZgD0oURX5mFY35CoAc processed successfully
SUCCESS: Location ChIJ-VYYM2IBzoURJv9vc3g7qbU processed successfully
SUCCESS: Location ChIJVyZYSb35zYURMZnqwnjL5XY processed successfully
SUCCESS: Location ChIJVzA29SwCzoURM1Dq1KcwIek processed successfully
SUCCESS: Location ChIJvZx5lnYDzoURhY0hsBDZoQU processed successfully
SUCCESS: Location ChIJw0fLJTj60YURVzdwFUUEhFA processed successfully
SUCCESS: Location ChIJw0O77bAczoURlvZjcs4AtG4 processed successfully
SUCCESS: Location ChIJ-w1y67b-0YUR6mPtTj6pI28 processed successfully
SUCCESS: Location ChIJw36XHtIb0oUR4JU2OHsWsQ4 processed successfully
SUCCESS: Location ChIJW3bYG4zj0YURcggKpGfRtZg processed successfully
SUCCESS: Location ChIJw3Sk-EIBzoURvdid9DJ9m0c processed successfully
SUCCESS: Location ChIJw4CcgkoBzoURvfwVUzAmk9M processed successfully
SUCCESS: Location ChIJW4iMiST50YURCfHJBjK_4tE processed successfully
SUCCESS: Location ChIJW4ZQaUwDzoURigYR_HyYGv8 processed successfully
SUCCESS: Location ChIJw5xFBh__0YURmjSRInmBLSg processed successfully
SUCCESS: Location ChIJw-66vMT40YURhOxTB0UKnzE processed successfully
SUCCESS: Location ChIJW757fb0BzoURTLbZk4YQjbY processed successfully
SUCCESS: Location ChIJw7g8s0790YURmzfvpkxLLjk processed successfully
SUCCESS: Location ChIJWbZn1c_40YURM2XEZgPFq54 processed successfully
SUCCESS: Location ChIJ-wBzWNH40YURTUqnO6pJWOM processed successfully
SUCCESS: Location ChIJwcFQA9gCzoURwnlGzoMmDLY processed successfully
SUCCESS: Location ChIJwe9YeR_80YURteCtRp_gKIs processed successfully
SUCCESS: Location ChIJWfed-pv_0YUR9qQE_Iw43sE processed successfully
SUCCESS: Location ChIJwQtXverx0YUREzl6J-ZRiEI processed successfully
SUCCESS: Location ChIJwVvyzKz7zYURc2nt8Q7Va4U processed successfully
SUCCESS: Location ChIJWw1tLuH50YURCBBD2aIPA_w processed successfully
SUCCESS: Location ChIJwXCkijf_0YURw2O8mtKqEL0 processed successfully
SUCCESS: Location ChIJwXColAIC0oURBKBWFzsqhkI processed successfully
SUCCESS: Location ChIJWy9MY1gD0oURI9bIoBIrL7U processed successfully
SUCCESS: Location ChIJwzRfIfr_0YURuRv_tM52_RM processed successfully
SUCCESS: Location ChIJx2AAXI350YURu7_XQi2cc3M processed successfully
SUCCESS: Location ChIJX2GGNZX40YURmNx0V7rLf_0 processed successfully
SUCCESS: Location ChIJx3jcpoj40YURIDi0Hoopk2w processed successfully
SUCCESS: Location ChIJx4f5gu8B0oURMx7E8J7wGTI processed successfully
SUCCESS: Location ChIJx7x08iIBzoURgHXCbMPo0xk processed successfully
SUCCESS: Location ChIJx9BkmksBzoURhvN0yp_4cEM processed successfully
SUCCESS: Location ChIJxak0Kpz50YURsGoopfnqoCE processed successfully
SUCCESS: Location ChIJxaVc7x__zYURFis5q_4V6c8 processed successfully
SUCCESS: Location ChIJxbc_JZP_0YURQM1Z8WqZ1Uo processed successfully
SUCCESS: Location ChIJxb_Xhiz-zYUR545UAVU4fKs processed successfully
SUCCESS: Location ChIJXfCHFFobzoURY3rcsrjDgkE processed successfully
SUCCESS: Location ChIJ-xhK7__40YURwzyu5h3FESU processed successfully
SUCCESS: Location ChIJx_IErwIBzoUR1FxW6JVsPOU processed successfully
SUCCESS: Location ChIJ_xlMuP8DzoURL66VBRyx4yA processed successfully
SUCCESS: Location ChIJ-XN1uTsDzoURLVNytH18e3o processed successfully
SUCCESS: Location ChIJXRzWKqv_0YURFXq7yleGc8s processed successfully
SUCCESS: Location ChIJxSUeddX-0YURNIFMA2OAD6I processed successfully
SUCCESS: Location ChIJxTI49TcB0oURsfrs_Mbs8GU processed successfully
SUCCESS: Location ChIJxTrmYH77zYURa3AdkDrmEVs processed successfully
SUCCESS: Location ChIJxU3ZH0YBzoUR2FXrn4CpjOc processed successfully
SUCCESS: Location ChIJxUpYS3UEzoURnTs95_pyS3I processed successfully
SUCCESS: Location ChIJxWFpwyH-0YURimnt_rSofJY processed successfully
SUCCESS: Location ChIJX_wqEy0d0oURXBSqCJuFbdI processed successfully
SUCCESS: Location ChIJxWRUueEDzoURhg4qN_aL6Mc processed successfully
SUCCESS: Location ChIJXX5-HXoD0oURdCTwQq0ibXg processed successfully
SUCCESS: Location ChIJxY9yXDr_0YURSHaJB-onrro processed successfully
SUCCESS: Location ChIJy0HQCT_50YURqXyNA-fFkp8 processed successfully
SUCCESS: Location ChIJy0sY1h750YURI543ztyrAF8 processed successfully
SUCCESS: Location ChIJY1jU2Xb_0YURQXEB7qqWACQ processed successfully
SUCCESS: Location ChIJY2WVmNX40YUReN3PtV1PvGQ processed successfully
SUCCESS: Location ChIJY349lcv70YURkJmyeo1Xw_E processed successfully
SUCCESS: Location ChIJy6uUeyn50YURNL0lVTFg_r0 processed successfully
SUCCESS: Location ChIJycty2vn-0YURe7h_Hs7o49s processed successfully
SUCCESS: Location ChIJyeeaLyH_0YURebbhWxDAQAQ processed successfully
SUCCESS: Location ChIJyf8fM1H_0YURtPQJ7O20etA processed successfully
SUCCESS: Location ChIJYQA_UjH_zYURZJUmR7kkWP4 processed successfully
SUCCESS: Location ChIJ_yrf4ab50YURqF_bl-6WpbI processed successfully
SUCCESS: Location ChIJYSwpMyAD0oURbHxYZNuMPz0 processed successfully
SUCCESS: Location ChIJyVBdXMgD0oURCoinPbXFInE processed successfully
SUCCESS: Location ChIJyw2GQDQFzoURBLXjrsDVTws processed successfully
SUCCESS: Location ChIJYxW99TX_0YUR9y_gLQ5vNmw processed successfully
SUCCESS: Location ChIJyY5Mpcr70YURSf0GWApUMzA processed successfully
SUCCESS: Location ChIJYZyus_7x0YURBWwhnRsdDQQ processed successfully
SUCCESS: Location ChIJz1OIZB390YUR69MZ2_XUgfU processed successfully
SUCCESS: Location ChIJZ2cWw9X40YURuJ537bvh9WA processed successfully
SUCCESS: Location ChIJZ2lB4Mf-0YUR1xUYsitgvN8 processed successfully
SUCCESS: Location ChIJz38qvpYCzoUReIttKSqEuBw processed successfully
SUCCESS: Location ChIJz3h4mY3_zYURL_k0X-KlWyQ processed successfully
SUCCESS: Location ChIJz3rqPAD9zYURKsVsiT2Ewtc processed successfully
SUCCESS: Location ChIJz4mERdT40YURxmDVb-xLmPw processed successfully
SUCCESS: Location ChIJz4n2NYrx0YURJAt_A6PuuDQ processed successfully
SUCCESS: Location ChIJZ5MCM6YAzoURFlntx4_8WRU processed successfully
SUCCESS: Location ChIJz6av9UL7zYURVftPCJODtqI processed successfully
SUCCESS: Location ChIJz8dbfeYB0oURF7jfsmSa6D8 processed successfully
SUCCESS: Location ChIJzc5SY7X-0YURyh1Hfe2Iszg processed successfully
SUCCESS: Location ChIJzeGsZpv_0YUR_hdjGL2J1NI processed successfully
SUCCESS: Location ChIJZfcnyVD50YURfo1H_0nhXN4 processed successfully
SUCCESS: Location ChIJ-ZIacgDx0YURvNqAiVyJgAs processed successfully
SUCCESS: Location ChIJZRjYEtIBzoURK-cmNc1RB1w processed successfully
SUCCESS: Location ChIJzR-L9xz40YURi-yc0-5pIbI processed successfully
SUCCESS: Location ChIJzSrTeyT50YURo7DapMJZwy8 processed successfully
SUCCESS: Location ChIJZTMErjL-0YURBU8Dj-O1oYY processed successfully
SUCCESS: Location ChIJzVy1lZn50YURro-MGmjKDcE processed successfully
SUCCESS: Location ChIJzw7RuTT_0YURE2EXNI7CeCc processed successfully
SUCCESS: Location ChIJzWnTqhHj0YURGOZwqBF5qt8 processed successfully
SUCCESS: Location ChIJZxCATMj50YUR7VNfEs2wYBM processed successfully
SUCCESS: Location ChIJZz4xfB3-zYURckX4t-1WUgM processed successfully
