ERROR: Location ChIJ_0ALprwBzoURNq4p0lIxNLQ failed: TypeError: fetch failed
ERROR: Location ChIJ0Xdbojb-zYURaHaroXiuHTo failed: Error: Failed to fetch image: Not Found
ERROR: Location ChIJ1f7QCYT90YURlWuZ-xJpSmc failed: Error: Failed to fetch image: Not Found
ERROR: Location ChIJ1Rw7IAAB0oUR2RYeVvHuxxw failed: Error: Failed to fetch image: Not Found
ERROR: Location ChIJ1TKdsMwB0oURsGa57Q_sRrE failed: Error: Failed to fetch image: Not Found
ERROR: Location ChIJ28KxJ-_30YURpqz0jmal_Ug failed: Error: Failed to fetch image: Not Found
ERROR: Location ChIJ4zh_SwD50YURGh83jE74WGw failed: Error: Failed to fetch image: Not Found
ERROR: Location ChIJ501Qh6X_zYURscfM-BDPR08 failed: Error: Failed to fetch image: Not Found
ERROR: Location ChIJ5TSoip7x0YURLa3IKnBLmzs failed: Error: Failed to fetch image: Not Found
ERROR: Location ChIJ72avqM0DzoURSOThSWv_BH0 failed: Error: Failed to fetch image: Not Found
ERROR: Location ChIJ7XGfMTH80YURGf6F9Lc-xks failed: Error: Failed to fetch image: Not Found
ERROR: Location ChIJ8YilLIX70YURFbKK8pQpt5U failed: Error: Failed to fetch image: Not Found
ERROR: Location ChIJ93GlO9UD0oUR6c1p-2NEEWM failed: Error: Failed to fetch image: Not Found
ERROR: Location ChIJ9S93HPEB0oUR8V1R-3TpC6w failed: Error: Failed to fetch image: Not Found
ERROR: Location ChIJA8dOZwABzoURj7QG8Mkrsqs failed: Error: Failed to fetch image: Not Found
ERROR: Location ChIJaZm8J7_50YURFBwLkPyv_as failed: Error: Failed to fetch image: Not Found
ERROR: Location ChIJB7HjNwAd0oURSJUK6YREMhg failed: Error: Failed to fetch image: Not Found
ERROR: Location ChIJBXTiMZAD0oURRaTiVANHDFk failed: Error: Failed to fetch image: Not Found
ERROR: Location ChIJCzMxKLv90YURFjEQySHlVlY failed: Error: Failed to fetch image: Not Found
ERROR: Location ChIJDY1XcAAD0oURglRqJzLwlq4 failed: Error: Failed to fetch image: Not Found
ERROR: Location ChIJeYCyoS3_zYURzyHJVAaQHlc failed: Error: Failed to fetch image: Not Found
ERROR: Location ChIJfcOcEgD30YURLQlkn3BIy-M failed: Error: Failed to fetch image: Not Found
ERROR: Location ChIJfRpE_zsDzoURxcfnKQARufc failed: Error: Failed to fetch image: Not Found
ERROR: Location ChIJf-s2RUL_zYURXQJHBbVc4ck failed: Error: Failed to fetch image: Not Found
ERROR: Location ChIJg2XmytP90YURsR8xxbVll9s failed: SyntaxError: Unexpected token < in JSON at position 0
ERROR: Location ChIJG8CKRfr50YURjLQENbWzj1Y failed: Error: Failed to fetch image: Not Found
ERROR: Location ChIJGcvCBgADzoURnX9whfkjZB8 failed: Error: Failed to fetch image: Not Found
ERROR: Location ChIJgZFPMXwD0oUROb-2Q9YiCas failed: Error: Failed to fetch image: Not Found
ERROR: Location ChIJh48TeZsBzoURAzOrQ37YUU0 failed: Error: Failed to fetch image: Not Found
ERROR: Location ChIJHU5M35X90YUR0jZn2XDKd7U failed: Error: Failed to fetch image: Not Found
ERROR: Location ChIJi8sU0CLx0YURbuC3hgTKhWQ failed: Error: Failed to fetch image: Not Found
ERROR: Location ChIJI_iy0m0DzoURIQ1bLYn3r9s failed: Error: Failed to fetch image: Not Found
ERROR: Location ChIJIUkv9Iz9zYURbGM736W1sxg failed: Error: Failed to fetch image: Not Found
ERROR: Location ChIJKbnIQ6gH0oURHywO98aLC3U failed: Error: Failed to fetch image: Not Found
ERROR: Location ChIJL2oQGYr5zYUR4tAJYkU8yK0 failed: Error: Failed to fetch image: Not Found
ERROR: Location ChIJm2ddOwAdzoUR38OjIHWnnaA failed: Error: Failed to fetch image: Not Found
ERROR: Location ChIJMaTYV6z_0YURUs5ZLsJZ1a8 failed: Error: Failed to fetch image: Not Found
ERROR: Location ChIJMRdafwD70YURmkU-5E86Kew failed: Error: Failed to fetch image: Not Found
ERROR: Location ChIJM_vLkY_x0YURqmAOdbuk5Ew failed: Error: Failed to fetch image: Not Found
ERROR: Location ChIJmWW6kMcH0oUR2WlvOXdv5-Y failed: Error: Failed to fetch image: Not Found
ERROR: Location ChIJNaF-CUP50YURt17Qeq56350 failed: Error: Failed to fetch image: Not Found
ERROR: Location ChIJo1eZ1zj90YURQClUPh6mf7w failed: Error: Failed to fetch image: Not Found
ERROR: Location ChIJofOK0pQD0oURjZ7SxFYA130 failed: Error: Failed to fetch image: Not Found
ERROR: Location ChIJp4vTrigBzoURdpQ3KRSoP-8 failed: Error: Failed to fetch image: Not Found
ERROR: Location ChIJpfn6HQAd0oURmeIEcDdt0bs failed: Error: Failed to fetch image: Not Found
ERROR: Location ChIJPXsqQQADzoURJ-BNdrN5WL8 failed: Error: Failed to fetch image: Not Found
ERROR: Location ChIJq1tfvEv9zYURfmW2uCg0V4I failed: Error: Failed to fetch image: Not Found
ERROR: Location ChIJS9TjDQD90YUR6LgeFVh1tfM failed: Error: Failed to fetch image: Not Found
ERROR: Location ChIJsXcCHwD90YURsYbjLaTpc_E failed: Error: Failed to fetch image: Not Found
ERROR: Location ChIJt0KL5Cr90YURgT9UhoC8vJo failed: Error: Failed to fetch image: Not Found
ERROR: Location ChIJTbXRdqsHzoURArJtqsCxVJk failed: Error: Failed to fetch image: Not Found
ERROR: Location ChIJT_ZQSnv90YURbWSnCvFASuQ failed: Error: Failed to fetch image: Not Found
ERROR: Location ChIJu2aSJaQFzoURMev60544LUU failed: Error: Failed to fetch image: Not Found
ERROR: Location ChIJUSdX0n3x0YURpTUOm22W0i8 failed: Error: Failed to fetch image: Not Found
ERROR: Location ChIJuxJobRwD0oURCMtGLD0FZs0 failed: Error: Failed to fetch image: Not Found
ERROR: Location ChIJv1Ni6Dj90YURwdhFCUIYA0g failed: Error: Failed to fetch image: Not Found
ERROR: Location ChIJv1QVIQIB0oURFEDajvGFrps failed: Error: Failed to fetch image: Not Found
ERROR: Location ChIJV56WUgD70YUR617-POdw1zg failed: Error: Failed to fetch image: Not Found
ERROR: Location ChIJVc_-HgD30YURhg2wV_H3API failed: Error: Failed to fetch image: Not Found
ERROR: Location ChIJVSETXR0A0oURnCpMTXsKQdw failed: TypeError: fetch failed
ERROR: Location ChIJvSn9gcoH0oURBV_lZeI6SK8 failed: Error: Failed to fetch image: Not Found
ERROR: Location ChIJvZ73xwf90YURsM0dYUDCOHE failed: Error: Failed to fetch image: Not Found
ERROR: Location ChIJW27T2wn50YURXfuEVyquP-4 failed: Error: Failed to fetch image: Not Found
ERROR: Location ChIJWbi-P8YH0oUR36MI40LFSPo failed: Error: Failed to fetch image: Not Found
ERROR: Location ChIJWUvOegAD0oURzaWzTr3nwJ8 failed: Error: Failed to fetch image: Not Found
ERROR: Location ChIJWZNoAtX_0YURUL9sjZRX13k failed: Error: Failed to fetch image: Not Found
ERROR: Location ChIJxRSXkCTx0YURpKqr7kBVp5k failed: Error: Failed to fetch image: Not Found
ERROR: Location ChIJy6_LGAD_0YURMZwosO4FsoI failed: Error: Failed to fetch image: Not Found
ERROR: Location ChIJY_iBM0v-0YURVZgdY8Ttju8 failed: Error: Failed to fetch image: Not Found
ERROR: Location ChIJyXdgne0D0oURKatcuReVoVA failed: Error: Failed to fetch image: Not Found
ERROR: Location ChIJz_MX7XP30YURBiv4TnOmn5Q failed: Error: Failed to fetch image: Not Found
