SUCCESS: Location ChIJ012-JJL70YURrW5zB1gcnzY thumbnail generated successfully
SUCCESS: Location ChIJ-07krwj_zYURTezue3mhlgo thumbnail generated successfully
SUCCESS: Location ChIJ07mMRObx0YURDT8qfWL9LYw thumbnail generated successfully
SUCCESS: Location ChIJ0abD0ToBzoURzqLPwtppBBc thumbnail generated successfully
SUCCESS: Location ChIJ0fAWETf_zYURnUiY0H7bYMk thumbnail generated successfully
SUCCESS: Location ChIJ0fhThCQA0oURALaHxBtFZ14 thumbnail generated successfully
SUCCESS: Location ChIJ0UfzVsP_0YUR1LkCa9biijI thumbnail generated successfully
SUCCESS: Location ChIJ0w1CvqUB0oUR6vBYP1Vhkp8 thumbnail generated successfully
SUCCESS: Location ChIJ0XsJFl4CzoURU9dERbpc7Ws thumbnail generated successfully
SUCCESS: Location ChIJ0yKN1qv50YUR_ChjwWyu9Ww thumbnail generated successfully
SUCCESS: Location ChIJ_12j-sIDzoURzW-hj3pj3PU thumbnail generated successfully
SUCCESS: Location ChIJ17vOz7T_zYURCje7XeuJByU thumbnail generated successfully
SUCCESS: Location ChIJ17XyE7L70YURZ4pW8xsN1Do thumbnail generated successfully
SUCCESS: Location ChIJ196jq8T40YURiuJzqm1JMQY thumbnail generated successfully
SUCCESS: Location ChIJ1bNSGIT-0YUR_445sgdYXqc thumbnail generated successfully
SUCCESS: Location ChIJ1cw-2qvi0YURYA0YV57Jn_g thumbnail generated successfully
SUCCESS: Location ChIJ1d-tcZUC0oUR5pEVJ_YZw-c thumbnail generated successfully
SUCCESS: Location ChIJ1SkCybb_zYURbnQUDxruUUg thumbnail generated successfully
SUCCESS: Location ChIJ1TaWFJIDzoURmkLRrgiFnPE thumbnail generated successfully
SUCCESS: Location ChIJ1_utKhsA0oURhrVIAvCWWBM thumbnail generated successfully
SUCCESS: Location ChIJ1WEMS4770YURGvxB817u6Wo thumbnail generated successfully
SUCCESS: Location ChIJ1xc8EvX30YURrA20PemLstk thumbnail generated successfully
SUCCESS: Location ChIJ21Lg5r39zYUR-IZXyRpx4FU thumbnail generated successfully
SUCCESS: Location ChIJ24KWVA8D0oURhDjDWX6SzjU thumbnail generated successfully
SUCCESS: Location ChIJ24Pmcp8HzoUR12UoiDjCnrI thumbnail generated successfully
SUCCESS: Location ChIJ28E-OQv50YURNNKlZfATGb0 thumbnail generated successfully
SUCCESS: Location ChIJ28pgkC8DzoURFPS40HgnJgI thumbnail generated successfully
SUCCESS: Location ChIJ2eIumFj-0YURT0DXDy6GXR4 thumbnail generated successfully
SUCCESS: Location ChIJ2_MpauT30YURZ3mcJRRQDiA thumbnail generated successfully
SUCCESS: Location ChIJ2RFgUQIA0oURan5WCwo0ey8 thumbnail generated successfully
SUCCESS: Location ChIJ2SROzi8FzoURlWUXY1eXEQc thumbnail generated successfully
SUCCESS: Location ChIJ2VZL2r__0YURD31cRonawBM thumbnail generated successfully
SUCCESS: Location ChIJ2XMlhkX50YURO2yd8gwJ__A thumbnail generated successfully
SUCCESS: Location ChIJ33US02H80YURC3vGS8RT8ec thumbnail generated successfully
SUCCESS: Location ChIJ3dGBci350YURsDYUZcq-kIw thumbnail generated successfully
SUCCESS: Location ChIJ3drGxpf_0YURpBqAJBjxqFs thumbnail generated successfully
SUCCESS: Location ChIJ-3l5lDT50YURw7RiMfWkZQ4 thumbnail generated successfully
SUCCESS: Location ChIJ3RXqQ4f_0YURh80kR0ZiImE thumbnail generated successfully
SUCCESS: Location ChIJ3Sde3JgD0oURJjtafe27acU thumbnail generated successfully
SUCCESS: Location ChIJ3SNZElP_0YURCoDdDXU61ms thumbnail generated successfully
SUCCESS: Location ChIJ3VvdCQMA0oUREbaDFtT_I0g thumbnail generated successfully
SUCCESS: Location ChIJ3-w6phUH0oUR_BB3gFazp4c thumbnail generated successfully
SUCCESS: Location ChIJ3wQm6ib50YURcJko7t2hpHc thumbnail generated successfully
SUCCESS: Location ChIJ3WZbg9v80YURh6DblsiGa-k thumbnail generated successfully
SUCCESS: Location ChIJ-3ZsqUL80YUR3iYGhNuwiss thumbnail generated successfully
SUCCESS: Location ChIJ445B0AAAzoURDJ5enadXEDM thumbnail generated successfully
SUCCESS: Location ChIJ44r8v1v_zYURVxO50UENtlc thumbnail generated successfully
SUCCESS: Location ChIJ45AlBjT30YURHcxV-T7cWic thumbnail generated successfully
SUCCESS: Location ChIJ45Hw9Yzj0YURzfSeMyt4SSw thumbnail generated successfully
SUCCESS: Location ChIJ45t0_97x0YURvOqj8BjkFzY thumbnail generated successfully
SUCCESS: Location ChIJ462GF2wBzoURzr-TU8xDkcE thumbnail generated successfully
SUCCESS: Location ChIJ48cUpaUDzoURGxwSKYGhIYA thumbnail generated successfully
SUCCESS: Location ChIJ4a8nxjL50YURJ19RJ_A9T5E thumbnail generated successfully
SUCCESS: Location ChIJ4bboBQ3_0YURCK4ctp7rVSA thumbnail generated successfully
SUCCESS: Location ChIJ4e6QsbwC0oURg5kG8rTgXHs thumbnail generated successfully
SUCCESS: Location ChIJ4SnQzS_90YURf7BzOtlBGOU thumbnail generated successfully
SUCCESS: Location ChIJ4TcCShzx0YURAC1d1kfiZRI thumbnail generated successfully
SUCCESS: Location ChIJ4ULhS1_-0YURSa9jpYWhFT8 thumbnail generated successfully
SUCCESS: Location ChIJ4VNRAwD5zYURc3cYDlwCQj0 thumbnail generated successfully
SUCCESS: Location ChIJ4W5PJPUAzoUROIpsdTFgeqI thumbnail generated successfully
SUCCESS: Location ChIJ4w9qs4L_0YURI1fh1gJE424 thumbnail generated successfully
SUCCESS: Location ChIJ5-03XrwBzoURf31IZkidK_E thumbnail generated successfully
SUCCESS: Location ChIJ53FOWlwBzoUR1Rrc8mFAc2c thumbnail generated successfully
SUCCESS: Location ChIJ53XajJH4zYUROVaDw4ljKLM thumbnail generated successfully
SUCCESS: Location ChIJ59EQFxwd0oURnAeioDZ1_LU thumbnail generated successfully
SUCCESS: Location ChIJ5_a8Nh8C0oURiYrDI5rn5sM thumbnail generated successfully
SUCCESS: Location ChIJ5eeVDQ730YURj_m0_8pdWKk thumbnail generated successfully
SUCCESS: Location ChIJ5Rk_Xzr_0YURXvh_UF9PrLU thumbnail generated successfully
SUCCESS: Location ChIJ5SgC61sH0oUR3zsYW6DRTmA thumbnail generated successfully
SUCCESS: Location ChIJ5SWpYigDzoURRdAC6ycIprQ thumbnail generated successfully
SUCCESS: Location ChIJ5TpAcVH_0YURQGTpuE_TGic thumbnail generated successfully
SUCCESS: Location ChIJ5xY48Z350YURhLTdU3_KgJs thumbnail generated successfully
SUCCESS: Location ChIJ5ykajGUDzoURO7dwqGpqH5Y thumbnail generated successfully
SUCCESS: Location ChIJ62RLBesA0oURPA4J8ro0S1k thumbnail generated successfully
SUCCESS: Location ChIJ63ppRxYF0oURjTWgK5HZdWI thumbnail generated successfully
SUCCESS: Location ChIJ66w-bDrj0YURCOLQZYI5iOg thumbnail generated successfully
SUCCESS: Location ChIJ679sxOgB0oURm7Zl-v8T3ZI thumbnail generated successfully
SUCCESS: Location ChIJ6-BIKkX_0YURTZmR7NVx11w thumbnail generated successfully
SUCCESS: Location ChIJ6_C82ZL90YURtk2ef5JiEDA thumbnail generated successfully
SUCCESS: Location ChIJ6-mYhcH_0YURLjWlwMkTqAc thumbnail generated successfully
SUCCESS: Location ChIJ_6pkSM3-0YURDDaRslwM_0w thumbnail generated successfully
SUCCESS: Location ChIJ6SVzyvQAzoUR5ZgcjlTdWtA thumbnail generated successfully
SUCCESS: Location ChIJ-6vBJO340YURMQofbgt6j4M thumbnail generated successfully
SUCCESS: Location ChIJ6xeUtdz_0YUR930AMg8viWw thumbnail generated successfully
SUCCESS: Location ChIJ6XzRWQIA0oURzNHWnQB_ERs thumbnail generated successfully
SUCCESS: Location ChIJ6YsZv_sd0oURYWt6xRKq8ZM thumbnail generated successfully
SUCCESS: Location ChIJ6ZnrVPT_0YURDafgXAlnO6s thumbnail generated successfully
SUCCESS: Location ChIJ71r40sn90YURyyBJ46j3rlE thumbnail generated successfully
SUCCESS: Location ChIJ73nzVwD_zYURDT9fhpRrmhs thumbnail generated successfully
SUCCESS: Location ChIJ76w0iYgH0oURJUMCgzuq_Bs thumbnail generated successfully
SUCCESS: Location ChIJ7UMSHLYHzoUR1Qe2znDARqo thumbnail generated successfully
SUCCESS: Location ChIJ7Z_qrm350YUR2sU3U11fsrU thumbnail generated successfully
SUCCESS: Location ChIJ807mtr_x0YURvXPXSoQxRGc thumbnail generated successfully
SUCCESS: Location ChIJ8_1X3w7_zYURU0uATHLTx_I thumbnail generated successfully
SUCCESS: Location ChIJ8-2XhJP_0YURyEOo1O4sUAc thumbnail generated successfully
SUCCESS: Location ChIJ83tEVNr_0YURu5F3vJMDIAc thumbnail generated successfully
SUCCESS: Location ChIJ884Rcvb70YURBB1RwBPAIgg thumbnail generated successfully
SUCCESS: Location ChIJ-89vkK3_0YURX8ofiyWZXng thumbnail generated successfully
SUCCESS: Location ChIJ8-EMuhD50YURiOcy39suZCo thumbnail generated successfully
SUCCESS: Location ChIJ-8RZdqwFzoUR2kEquFLmzv4 thumbnail generated successfully
SUCCESS: Location ChIJ8VqaJZQD0oUR2mzRWQU2CaM thumbnail generated successfully
SUCCESS: Location ChIJ8Wls0Y_-zYURTqBshe3uSGs thumbnail generated successfully
SUCCESS: Location ChIJ8ZWV2cz-0YUR_dZtPvUaOPc thumbnail generated successfully
SUCCESS: Location ChIJ90nqKecB0oURP-SJHo3_GKk thumbnail generated successfully
SUCCESS: Location ChIJ9997Fmf60YURdvgmwgbLi0Q thumbnail generated successfully
SUCCESS: Location ChIJ99vJwjD_0YURCImM-UydYCQ thumbnail generated successfully
SUCCESS: Location ChIJ9ac60rD_0YURl9Xs_y1eGMY thumbnail generated successfully
SUCCESS: Location ChIJ9bEvGqkd0oURfrLDw2qoNbA thumbnail generated successfully
SUCCESS: Location ChIJ9cCqaSr90YURPQ-mYnYLhGM thumbnail generated successfully
SUCCESS: Location ChIJ9cD_1cP30YURNsUyg6c10PA thumbnail generated successfully
SUCCESS: Location ChIJ9dC2SSr50YURbY8j7GyISTc thumbnail generated successfully
SUCCESS: Location ChIJ9fDGfGX50YURK65yT33JM4w thumbnail generated successfully
SUCCESS: Location ChIJ9_mnXTH50YURh7my4joJ0qQ thumbnail generated successfully
SUCCESS: Location ChIJ9T1PaZob0oURFtsS9Md6F-Y thumbnail generated successfully
SUCCESS: Location ChIJ9VyRBXn30YUR4Av0CPuMT34 thumbnail generated successfully
SUCCESS: Location ChIJ9_WNr08AzoURGGkN_6Xmfy4 thumbnail generated successfully
SUCCESS: Location ChIJa1IN43oC0oURl7AvrbZIeqo thumbnail generated successfully
SUCCESS: Location ChIJa4YdgjP50YURda1s8q-h8kQ thumbnail generated successfully
SUCCESS: Location ChIJA5JbKBP_0YURwu-725fB0zA thumbnail generated successfully
SUCCESS: Location ChIJA5mctML_0YURw3xoEYq41Y8 thumbnail generated successfully
SUCCESS: Location ChIJA62SGbT_zYURF6KXLpjCsRA thumbnail generated successfully
SUCCESS: Location ChIJa7j1VPUAzoURSvL9QrjhUtw thumbnail generated successfully
SUCCESS: Location ChIJA-7PelsDzoURALP8x8VXFZw thumbnail generated successfully
SUCCESS: Location ChIJA7T-ZQABzoURatsyTJldqtE thumbnail generated successfully
SUCCESS: Location ChIJA80MOAwDzoUR8B5bVC8e_WA thumbnail generated successfully
SUCCESS: Location ChIJA9hKxvn_0YURkEiE73k6_NA thumbnail generated successfully
SUCCESS: Location ChIJAa5eNVAd0oURD0n1Mcty_Os thumbnail generated successfully
SUCCESS: Location ChIJ-aAzbnH30YURKc-GPJkujUs thumbnail generated successfully
SUCCESS: Location ChIJab8RTxEA0oURmN2jcx408F4 thumbnail generated successfully
SUCCESS: Location ChIJAbok_8wB0oUR30u3-5j1g1U thumbnail generated successfully
SUCCESS: Location ChIJAdrT9QX-0YURIMz2hsyU3RY thumbnail generated successfully
SUCCESS: Location ChIJadWJThz50YURyf2cqHzb6c8 thumbnail generated successfully
SUCCESS: Location ChIJa_pPTL750YUREkIyrKLtvO8 thumbnail generated successfully
SUCCESS: Location ChIJAQAAMLMB0oURD_4FLwX5JUs thumbnail generated successfully
SUCCESS: Location ChIJAR10S_cDzoURCKlGF60jjWk thumbnail generated successfully
SUCCESS: Location ChIJARhtetT50YUROx0Wnm_gkkU thumbnail generated successfully
SUCCESS: Location ChIJaS5RXtj-0YURjFjbyv425GQ thumbnail generated successfully
SUCCESS: Location ChIJAUxhLtUDzoUR4NmN-yRR26M thumbnail generated successfully
SUCCESS: Location ChIJAW6mReEB0oURfai5Fj_zJO8 thumbnail generated successfully
SUCCESS: Location ChIJAw6NOEX_0YURAWGp5-IvJXk thumbnail generated successfully
SUCCESS: Location ChIJAWEeXcn-0YURT9zbe9cSLn0 thumbnail generated successfully
SUCCESS: Location ChIJaWoOO9fx0YURiO3DUUBMUoM thumbnail generated successfully
SUCCESS: Location ChIJAwOThp75zYUR0lBUTwEyF6Y thumbnail generated successfully
SUCCESS: Location ChIJAwSmFJYBzoURH-p2iZpRk08 thumbnail generated successfully
SUCCESS: Location ChIJAwtiA4v-0YURSNdeI-NXibg thumbnail generated successfully
SUCCESS: Location ChIJAxwYHm8BzoUR0zxGV436T8I thumbnail generated successfully
SUCCESS: Location ChIJayBdMbr-0YURQDqM2VyFNc0 thumbnail generated successfully
SUCCESS: Location ChIJayqiWQAD0oURtICZK_F107M thumbnail generated successfully
SUCCESS: Location ChIJAz9rMAABzoURA7LXyGVaZBA thumbnail generated successfully
SUCCESS: Location ChIJazaSh-n5zYURx6Kp-fx2EvI thumbnail generated successfully
SUCCESS: Location ChIJAzkyfsIDzoURLvDXZaDllPM thumbnail generated successfully
SUCCESS: Location ChIJAZuvG3kC0oURZpwgpzgYgp4 thumbnail generated successfully
SUCCESS: Location ChIJb4SC-U7_0YUR2BELt3Jz6m0 thumbnail generated successfully
SUCCESS: Location ChIJb5CHvWwC0oURZThZWCeFWIs thumbnail generated successfully
SUCCESS: Location ChIJB7I09Fr_0YUR5fvenGABiFA thumbnail generated successfully
SUCCESS: Location ChIJb8brj_n_0YURP6P7j8_u4J0 thumbnail generated successfully
SUCCESS: Location ChIJB-AzoNH-0YURZryH2uWPzQ8 thumbnail generated successfully
SUCCESS: Location ChIJBbNRYI7-0YURkqdKRRH1VM0 thumbnail generated successfully
SUCCESS: Location ChIJbcYN3Eb_0YURVSjT7eaVnu0 thumbnail generated successfully
SUCCESS: Location ChIJBdi1Ql4AzoURfbWo_SzdUwQ thumbnail generated successfully
SUCCESS: Location ChIJ_bDnDWb30YURvyiIdMKBSng thumbnail generated successfully
SUCCESS: Location ChIJBQCsOjIAzoURSod0xTE-q0g thumbnail generated successfully
SUCCESS: Location ChIJBQoCWLT50YURniAdkQyP204 thumbnail generated successfully
SUCCESS: Location ChIJbSOWF74H0oUR7jPNwEm6-tk thumbnail generated successfully
SUCCESS: Location ChIJbSWQ03r90YURaPWYMbVf0LQ thumbnail generated successfully
SUCCESS: Location ChIJbU2eV4P_0YURBPZef1PTCtM thumbnail generated successfully
SUCCESS: Location ChIJbUPBwwrx0YUR8hQwdG7t47I thumbnail generated successfully
SUCCESS: Location ChIJbY707-b90YURNeWoLzqy-KI thumbnail generated successfully
SUCCESS: Location ChIJ_bZeGQABzoURkU_LMEoUOkY thumbnail generated successfully
SUCCESS: Location ChIJc0bF1Pn_0YURF6J3xq9TFJE thumbnail generated successfully
SUCCESS: Location ChIJC1iKBgEC0oURc6gSScA8Cd8 thumbnail generated successfully
SUCCESS: Location ChIJc3z1YQIAzoUR1iX1EalUEPc thumbnail generated successfully
SUCCESS: Location ChIJc5iJQeX_0YURi8rtgHnJ3ko thumbnail generated successfully
SUCCESS: Location ChIJC6AwnDP_0YURAv2Rda0Inio thumbnail generated successfully
SUCCESS: Location ChIJc8BabPwD0oURvlJrx_lo5bE thumbnail generated successfully
SUCCESS: Location ChIJc8BdvUL80YURwLWegCFnRZc thumbnail generated successfully
SUCCESS: Location ChIJCcOMNAAb0oURgyoPJjWt19M thumbnail generated successfully
SUCCESS: Location ChIJCdXyJtj90YURIMzw0VQ_0EU thumbnail generated successfully
SUCCESS: Location ChIJcfncPhgH0oURjXNtbAa2t1U thumbnail generated successfully
SUCCESS: Location ChIJ_cjrdUEC0oURrzNuSExiBNg thumbnail generated successfully
SUCCESS: Location ChIJcQayEpn_zYURKeKvPrL2h1E thumbnail generated successfully
SUCCESS: Location ChIJCT06bhoC0oURszwDTCLicpM thumbnail generated successfully
SUCCESS: Location ChIJCUc6tZ7_0YUR4bGhHGUQj-s thumbnail generated successfully
SUCCESS: Location ChIJCWP4wE0B0oUR7x7vhrQF9Fo thumbnail generated successfully
SUCCESS: Location ChIJCWUvP1z90YURKAIDP2EQC40 thumbnail generated successfully
SUCCESS: Location ChIJcWXZ-3gC0oURN9gUz2Tn1Ns thumbnail generated successfully
SUCCESS: Location ChIJCXDVeOf_zYURZJhLjJkoOpA thumbnail generated successfully
SUCCESS: Location ChIJCxVPMPH70YURJo_Bqqjl6ME thumbnail generated successfully
SUCCESS: Location ChIJcyfG1Er60YURa5vm9STb0Ao thumbnail generated successfully
SUCCESS: Location ChIJcYFJtHD-zYURMX_EQ5Vja4E thumbnail generated successfully
SUCCESS: Location ChIJcyHgF0b-0YURNvIjEXzHFHQ thumbnail generated successfully
SUCCESS: Location ChIJcysQv4gH0oUR-keQY7uR9_E thumbnail generated successfully
SUCCESS: Location ChIJczjP3ur4zYURwyJ9oggqxOg thumbnail generated successfully
SUCCESS: Location ChIJczpRreMC0oURp3Bt-gXHJPo thumbnail generated successfully
SUCCESS: Location ChIJD0MRGK39zYURyqJ2MRWgHAk thumbnail generated successfully
SUCCESS: Location ChIJd1746375zYURjp51YDQpO2M thumbnail generated successfully
SUCCESS: Location ChIJD1zqiGoAzoURqJSlAOD5zAM thumbnail generated successfully
SUCCESS: Location ChIJd25Lcsz_0YURIBM1lxVsRwM thumbnail generated successfully
SUCCESS: Location ChIJD_4SqPcH0oURa0pEw3Wj9uY thumbnail generated successfully
SUCCESS: Location ChIJD53k8VcDzoURf9NIvfei0Ys thumbnail generated successfully
SUCCESS: Location ChIJD5xlpfr_0YURzRIpMYPobcQ thumbnail generated successfully
SUCCESS: Location ChIJDa5z1Rf50YURdLU1g6aKYBU thumbnail generated successfully
SUCCESS: Location ChIJdaArK4MFzoURsDk4wsJnsHE thumbnail generated successfully
SUCCESS: Location ChIJdakpBW3w0YURcZEqc8z7Kzc thumbnail generated successfully
SUCCESS: Location ChIJdauHcy__0YUR--QGJ2RUhsc thumbnail generated successfully
SUCCESS: Location ChIJDcfctBkBzoUR3UpHdmk3jOA thumbnail generated successfully
SUCCESS: Location ChIJ-dDMLXL_0YURFiY0wnexgNw thumbnail generated successfully
SUCCESS: Location ChIJddqZ8xodzoURzdFlU517HgY thumbnail generated successfully
SUCCESS: Location ChIJdfCSsSPx0YURdxN1GpI979M thumbnail generated successfully
SUCCESS: Location ChIJDQuuqAYF0oURsPzBE5wTgDQ thumbnail generated successfully
SUCCESS: Location ChIJD-SwdfH9zYURoDVMfQ769HM thumbnail generated successfully
SUCCESS: Location ChIJdVpROhj80YUREfRXD8MDYIU thumbnail generated successfully
SUCCESS: Location ChIJDVzWwPIB0oURR5i2oxIUhPI thumbnail generated successfully
SUCCESS: Location ChIJdWfdi-UDzoURtqeS89C5-ek thumbnail generated successfully
SUCCESS: Location ChIJdWLrWFb-0YURznQFIn8NdOk thumbnail generated successfully
SUCCESS: Location ChIJDwWAPZkBzoURQiJyeEdfGtg thumbnail generated successfully
SUCCESS: Location ChIJDXgWU_f-zYURk5UkHprzUFc thumbnail generated successfully
SUCCESS: Location ChIJDxH2OTP50YURh7Lp438zrIg thumbnail generated successfully
SUCCESS: Location ChIJdYcEGqri0YURQ2wO8JbThGw thumbnail generated successfully
SUCCESS: Location ChIJDyVqpOEB0oURU3r1WNxPXlo thumbnail generated successfully
SUCCESS: Location ChIJE3XPDyj90YURPycqK0EUnxU thumbnail generated successfully
SUCCESS: Location ChIJe5D-DdT-0YURQGGka-Vd-NE thumbnail generated successfully
SUCCESS: Location ChIJE6V1Y8MB0oURXujK55jB_Ts thumbnail generated successfully
SUCCESS: Location ChIJe9tntaX90YURaLsjp1oi04o thumbnail generated successfully
SUCCESS: Location ChIJEa1A3wj50YURsh5C9ejCmLM thumbnail generated successfully
SUCCESS: Location ChIJEaNZmzIB0oURI5MzWHyPZDI thumbnail generated successfully
SUCCESS: Location ChIJEcaoKrn_0YURbC4EiWkomtQ thumbnail generated successfully
SUCCESS: Location ChIJefo0bW390YUR2mQ_K4BfLhc thumbnail generated successfully
SUCCESS: Location ChIJe-MDIPT_zYURTR9m6hbVPUg thumbnail generated successfully
SUCCESS: Location ChIJeRfbmab50YURhy4yH1ofUKo thumbnail generated successfully
SUCCESS: Location ChIJeTYmi9sdzoURkq_VIX1DRtA thumbnail generated successfully
SUCCESS: Location ChIJeW6jCzr5zYUR5BYKjugo1JM thumbnail generated successfully
SUCCESS: Location ChIJEwJq2rz_0YURNU35weZX9xI thumbnail generated successfully
SUCCESS: Location ChIJeWWEgUb50YURbP3qTf2xST0 thumbnail generated successfully
SUCCESS: Location ChIJewYUqQEA0oURZz2YNZAvENw thumbnail generated successfully
SUCCESS: Location ChIJeYLOZMT_0YURFEhp2ubb43c thumbnail generated successfully
SUCCESS: Location ChIJeYNfW7H50YURagxRTNJy_iE thumbnail generated successfully
SUCCESS: Location ChIJeyStGpv_0YUR14k5uj9gkeY thumbnail generated successfully
SUCCESS: Location ChIJeY-WiFL-0YUR2zz7iwrunFs thumbnail generated successfully
SUCCESS: Location ChIJEZ-R7AMA0oUR5zFQVPep0mw thumbnail generated successfully
SUCCESS: Location ChIJF01h_L4H0oURXjGAR5ZaReo thumbnail generated successfully
SUCCESS: Location ChIJf0Hz0PYD0oURsMQw6CIHcU4 thumbnail generated successfully
SUCCESS: Location ChIJf2B-j5AD0oURXvysF7NJKc0 thumbnail generated successfully
SUCCESS: Location ChIJF2PwVib90YURGAaSNjC_Aw8 thumbnail generated successfully
SUCCESS: Location ChIJF3QB1Kbx0YUR3mXOoJxziho thumbnail generated successfully
SUCCESS: Location ChIJF5cFefgB0oURmsC_YnK-shQ thumbnail generated successfully
SUCCESS: Location ChIJF5YvS2L_0YURZeUoewaOfbM thumbnail generated successfully
SUCCESS: Location ChIJF6eQA9b-zYURuxEMUZTwmms thumbnail generated successfully
SUCCESS: Location ChIJF98FO0P80YURv0akk3eCre8 thumbnail generated successfully
SUCCESS: Location ChIJF9gWaTL-zYURrhJRUPdJsws thumbnail generated successfully
SUCCESS: Location ChIJfaYqAnQd0oURa8yYSHP4R5k thumbnail generated successfully
SUCCESS: Location ChIJfbh7n-wAzoUR_01cb8dfSmw thumbnail generated successfully
SUCCESS: Location ChIJfbxVhjL_0YURCiDlh4xnSpM thumbnail generated successfully
SUCCESS: Location ChIJFcENofoBzoURCN6lP0FcFBE thumbnail generated successfully
SUCCESS: Location ChIJFdCPK3b40YURt-tC6-PuprM thumbnail generated successfully
SUCCESS: Location ChIJFRiE5RL50YURK7Fh7qIbPtM thumbnail generated successfully
SUCCESS: Location ChIJFTJWo_cB0oURIpDYOZ2njk8 thumbnail generated successfully
SUCCESS: Location ChIJfTnqBGL30YUR4uy9WTKWv5Y thumbnail generated successfully
SUCCESS: Location ChIJFUDnw_n_0YURXvVExVsHl0o thumbnail generated successfully
SUCCESS: Location ChIJfUht5qcB0oURDXpXYhcX4lU thumbnail generated successfully
SUCCESS: Location ChIJFWh6wH8BzoURoQOnEb8QEaM thumbnail generated successfully
SUCCESS: Location ChIJFXjQ5uEB0oURq_9OSpyeMoo thumbnail generated successfully
SUCCESS: Location ChIJfXSaHgDx0YURAwKP4Q2QTvE thumbnail generated successfully
SUCCESS: Location ChIJFYJj0jwA0oURWZQ_Rkhu-FE thumbnail generated successfully
SUCCESS: Location ChIJFYKyQb340YURHT8x2f3RMzw thumbnail generated successfully
SUCCESS: Location ChIJFy_m_2780YURop0ZT_3j0-8 thumbnail generated successfully
SUCCESS: Location ChIJfyWh0FUB0oURWtRqjwsmGfo thumbnail generated successfully
SUCCESS: Location ChIJFZ-6Z7X-0YUR5-hNGnvn2To thumbnail generated successfully
SUCCESS: Location ChIJg1lZZG4A0oURd3MELmfsDLM thumbnail generated successfully
SUCCESS: Location ChIJG2cMID3_zYURRoUDaQRq8wQ thumbnail generated successfully
SUCCESS: Location ChIJG5SAVJ750YUR609N24j2tIU thumbnail generated successfully
SUCCESS: Location ChIJG5xihCQA0oURcZL-oFhK7zk thumbnail generated successfully
SUCCESS: Location ChIJG6lqV2EC0oURdnirWKSJN2Y thumbnail generated successfully
SUCCESS: Location ChIJG97J8zIB0oURMJiOzHvOCls thumbnail generated successfully
SUCCESS: Location ChIJgbpKCSf_0YURyWp4d_8unS8 thumbnail generated successfully
SUCCESS: Location ChIJgbrlxmL5zYURjgL0rqzuPS0 thumbnail generated successfully
SUCCESS: Location ChIJGcX84iD50YUROgjvzjMf5dY thumbnail generated successfully
SUCCESS: Location ChIJgcZCTmsA0oURVfilITz2nhY thumbnail generated successfully
SUCCESS: Location ChIJgd37MPUAzoURXFDzxHsSOH0 thumbnail generated successfully
SUCCESS: Location ChIJGejuV8b_0YUR8n8674zMxRA thumbnail generated successfully
SUCCESS: Location ChIJGfAEDtf50YURjbMXREE2gGw thumbnail generated successfully
SUCCESS: Location ChIJGfSjXjL-0YURp14nFKJ3zCM thumbnail generated successfully
SUCCESS: Location ChIJGR3YBFj_0YURWGEHZ1rH-9M thumbnail generated successfully
SUCCESS: Location ChIJGR-EF4L30YURHIUMSGK6uJM thumbnail generated successfully
SUCCESS: Location ChIJgRP2wvgBzoURiLn_airCI9A thumbnail generated successfully
SUCCESS: Location ChIJGRwMH80D0oURa9DY0psAQJM thumbnail generated successfully
SUCCESS: Location ChIJGTETmFj_0YUR6RI0bD8t8LU thumbnail generated successfully
SUCCESS: Location ChIJGUpVra8DzoUR6rNrXgx9m_E thumbnail generated successfully
SUCCESS: Location ChIJGV813cQBzoURezeSv1hsBxs thumbnail generated successfully
SUCCESS: Location ChIJGwMxMOL40YUR_EVnjuLlDzk thumbnail generated successfully
SUCCESS: Location ChIJGy3sxab70YURXy8t-O3Rnv0 thumbnail generated successfully
SUCCESS: Location ChIJGykx_qLx0YURJNsUU2rodns thumbnail generated successfully
SUCCESS: Location ChIJgYNqTY7x0YUR0uEGi7Plg4k thumbnail generated successfully
SUCCESS: Location ChIJGz3Epb0BzoUR1LJ8CfCO6TY thumbnail generated successfully
SUCCESS: Location ChIJGZFPH7YA0oUR0s5BIBOhGus thumbnail generated successfully
SUCCESS: Location ChIJGZTVlcn_zYURRZxrmu06Qto thumbnail generated successfully
SUCCESS: Location ChIJh1mQzWT_zYURSfqFmvadPHg thumbnail generated successfully
SUCCESS: Location ChIJh1zVR_UAzoUR-b6mWULWfXM thumbnail generated successfully
SUCCESS: Location ChIJH3x1xy750YUR90qP2ipcKeQ thumbnail generated successfully
SUCCESS: Location ChIJH3xQKecDzoURbya8Iabv2fc thumbnail generated successfully
SUCCESS: Location ChIJh5if0FD-0YURZiN5sgxxReU thumbnail generated successfully
SUCCESS: Location ChIJH8IlcbYF0oUReIC-ZzWUQHI thumbnail generated successfully
SUCCESS: Location ChIJh9XuegMBzoURZef90WljQxs thumbnail generated successfully
SUCCESS: Location ChIJhcDbvm4D0oURnurwgin-tnQ thumbnail generated successfully
SUCCESS: Location ChIJHdfB_kAH0oURjaXqCnc9tcU thumbnail generated successfully
SUCCESS: Location ChIJHf9Dw9_x0YURHpJh5vg37ho thumbnail generated successfully
SUCCESS: Location ChIJh-KVKdz-0YUR0B98L86KKQ0 thumbnail generated successfully
SUCCESS: Location ChIJh-r4KwADzoURpjAVEdf0-SM thumbnail generated successfully
SUCCESS: Location ChIJHSAhfnAAzoURSQyJUPspwX0 thumbnail generated successfully
SUCCESS: Location ChIJHUFtNnf_0YURvGacyULQGvw thumbnail generated successfully
SUCCESS: Location ChIJHUMfYOcc0oURQnCEd9UDaNY thumbnail generated successfully
SUCCESS: Location ChIJHVWUnXv_0YURqPTYRof2aro thumbnail generated successfully
SUCCESS: Location ChIJHwciRdL40YURIAzMPd3G_SA thumbnail generated successfully
SUCCESS: Location ChIJHy11T4T50YURrBx6Q9Fpcbs thumbnail generated successfully
SUCCESS: Location ChIJHZ_Hqk790YURP8VlVjZA6hY thumbnail generated successfully
SUCCESS: Location ChIJhZtL4Yb_0YURtR8RljTZ4n4 thumbnail generated successfully
SUCCESS: Location ChIJI_2SZf7-0YURiupe_g1uGEE thumbnail generated successfully
SUCCESS: Location ChIJI4_tR83-0YURMouBJIUA4KY thumbnail generated successfully
SUCCESS: Location ChIJI4_tR83-0YURwk0tscoXHrI thumbnail generated successfully
SUCCESS: Location ChIJI5J-r1r50YURM7NmDXm3IJo thumbnail generated successfully
SUCCESS: Location ChIJi-9OPvUAzoURsPRISwoTZ3I thumbnail generated successfully
SUCCESS: Location ChIJibF6Okf9zYUR-kdnSmIVFes thumbnail generated successfully
SUCCESS: Location ChIJicnbC9AB0oUR4p0YR80VLZU thumbnail generated successfully
SUCCESS: Location ChIJidgQNcYCzoURZmuIejJ7bZs thumbnail generated successfully
SUCCESS: Location ChIJieiPY2340YUR2YlzLQjGSE4 thumbnail generated successfully
SUCCESS: Location ChIJIeTkB3gBzoURpYknf2jyyQE thumbnail generated successfully
SUCCESS: Location ChIJi_jvfRn50YURtVhstzEu8k0 thumbnail generated successfully
SUCCESS: Location ChIJi_M5ohX80YUR2fRQok-nK5Q thumbnail generated successfully
SUCCESS: Location ChIJIRo9WdX-0YUR8SAxEJ2aSHU thumbnail generated successfully
SUCCESS: Location ChIJIRoUsdz_0YURX84VhI3hHVs thumbnail generated successfully
SUCCESS: Location ChIJISgmFO390YURi3FosT2CnOM thumbnail generated successfully
SUCCESS: Location ChIJiSWoesX-0YURk2ve_iP_g70 thumbnail generated successfully
SUCCESS: Location ChIJiVinnRb-0YUR45ZopYoaE5I thumbnail generated successfully
SUCCESS: Location ChIJiW-1vUMbzoURq6gWjZfx96I thumbnail generated successfully
SUCCESS: Location ChIJIz2jfSP50YURNjvHtw5vIiQ thumbnail generated successfully
SUCCESS: Location ChIJizvGV_8AzoUR8BxvBDERHKI thumbnail generated successfully
SUCCESS: Location ChIJJ2jgVHMBzoUR7MSrvEwVwFM thumbnail generated successfully
SUCCESS: Location ChIJj69pZMD50YUR9Ttmm2PV3oQ thumbnail generated successfully
SUCCESS: Location ChIJJ7CbK3wB0oURZLLlYcE67dU thumbnail generated successfully
SUCCESS: Location ChIJJ7f3J8z80YURwwYxCsMbajI thumbnail generated successfully
SUCCESS: Location ChIJJ7kjIGD_0YUReCkUcGrE3R8 thumbnail generated successfully
SUCCESS: Location ChIJj7QDYxj_zYUR3m_-uZ6Tvt0 thumbnail generated successfully
SUCCESS: Location ChIJj95GZVIezoURIOey7T9gfk0 thumbnail generated successfully
SUCCESS: Location ChIJJ9Oad8b70YURJUmYUS4eVaU thumbnail generated successfully
SUCCESS: Location ChIJja3Hhvvx0YURwBK5M0DYPrw thumbnail generated successfully
SUCCESS: Location ChIJJaIaXcP_0YURnNXIUZIw_mA thumbnail generated successfully
SUCCESS: Location ChIJjb0pP0cD0oURRBXvHgC6Z4w thumbnail generated successfully
SUCCESS: Location ChIJjcFE2hr50YURPnhoNIZIuO4 thumbnail generated successfully
SUCCESS: Location ChIJJeV299r_0YURAWwYCP9ev60 thumbnail generated successfully
SUCCESS: Location ChIJJR9g1OX_zYURjSeEyYnPX_0 thumbnail generated successfully
SUCCESS: Location ChIJJ-tKP9n40YURp5pHADS1W0g thumbnail generated successfully
SUCCESS: Location ChIJjTLB-bn5zYURH4SQFFxefgU thumbnail generated successfully
SUCCESS: Location ChIJjWdn2B350YURGwbS7cWXOhk thumbnail generated successfully
SUCCESS: Location ChIJJWiihdcBzoURpiViKJXtPts thumbnail generated successfully
SUCCESS: Location ChIJJWRNjSkd0oURn2Szp5Qfots thumbnail generated successfully
SUCCESS: Location ChIJjwtLuMUDzoURgFl2PlXk0NM thumbnail generated successfully
SUCCESS: Location ChIJJYzT9TP_0YURNtpwNArG8OE thumbnail generated successfully
SUCCESS: Location ChIJjZNvefX50YUR21eyVSVLqLY thumbnail generated successfully
SUCCESS: Location ChIJK033Xc0DzoURJGCKU682DYs thumbnail generated successfully
SUCCESS: Location ChIJk0N4IwDx0YUR5PFtUBOa8VM thumbnail generated successfully
SUCCESS: Location ChIJK2dLhp3_0YURVA5ZL47rtfo thumbnail generated successfully
SUCCESS: Location ChIJk2ukA-H_0YUR3YxkqCQBVvo thumbnail generated successfully
SUCCESS: Location ChIJK6cqaZz50YURziuvZ5wHZPg thumbnail generated successfully
SUCCESS: Location ChIJK8qobvIDzoURR0vBljlIs-I thumbnail generated successfully
SUCCESS: Location ChIJK-aKkLMdzoURIIA1HjOdZS4 thumbnail generated successfully
SUCCESS: Location ChIJKbxWu_wDzoURkpPvQVCkUkw thumbnail generated successfully
SUCCESS: Location ChIJke8daDb_0YUR9T-ueTlHy_8 thumbnail generated successfully
SUCCESS: Location ChIJk_f3Qvb70YURcoYyeS4JKcc thumbnail generated successfully
SUCCESS: Location ChIJKQ8CkhEFzoURSoUrA4U-JxE thumbnail generated successfully
SUCCESS: Location ChIJKSa9_8v_0YUR9u1wSQDi-X0 thumbnail generated successfully
SUCCESS: Location ChIJKTdl5fgDzoUR7-PuVI8sMCs thumbnail generated successfully
SUCCESS: Location ChIJkTWLbvkDzoURMoTKaekOPkA thumbnail generated successfully
SUCCESS: Location ChIJkVJIc5sFzoURcUZVPyY3Yvc thumbnail generated successfully
SUCCESS: Location ChIJkwEi0zD_0YURNcemgv_3-Wc thumbnail generated successfully
SUCCESS: Location ChIJkwLn1rj7zYUR0xsOfYJGUIs thumbnail generated successfully
SUCCESS: Location ChIJkWmF0FoDzoURPta5uDvBu2o thumbnail generated successfully
SUCCESS: Location ChIJKyKJaG7-0YURtitTdAKlgy4 thumbnail generated successfully
SUCCESS: Location ChIJkywy7O770YURf5Y5klGACPw thumbnail generated successfully
SUCCESS: Location ChIJkz3zDlv50YUR3IsEkkCcNrc thumbnail generated successfully
SUCCESS: Location ChIJL0UaXyv50YURNyz05p6HsQg thumbnail generated successfully
SUCCESS: Location ChIJl2bm0_EbzoURZ6ocyI7QGx0 thumbnail generated successfully
SUCCESS: Location ChIJl2FBmiYCzoURTBDbOOOiEN0 thumbnail generated successfully
SUCCESS: Location ChIJl2IDv5sD0oURpWSgU6adsm8 thumbnail generated successfully
SUCCESS: Location ChIJl2NJSEUAzoURqf70p6tNCL8 thumbnail generated successfully
SUCCESS: Location ChIJL30_S8X90YURu87JTc4lNpM thumbnail generated successfully
SUCCESS: Location ChIJL7cQvDX60YURPPViSKQbG28 thumbnail generated successfully
SUCCESS: Location ChIJL7EfCzP50YURNvzmA7gabIU thumbnail generated successfully
SUCCESS: Location ChIJL7fxBgT_0YURQM6A0wl47e4 thumbnail generated successfully
SUCCESS: Location ChIJl7hG81_90YURGwsyVHNhno4 thumbnail generated successfully
SUCCESS: Location ChIJL9wnJc4c0oUReFHBqes-TcY thumbnail generated successfully
SUCCESS: Location ChIJL9YA8DwdzoURs7-E9ah3ys8 thumbnail generated successfully
SUCCESS: Location ChIJLeheezz50YURsQP4V2EKOyw thumbnail generated successfully
SUCCESS: Location ChIJlUKPwi8FzoUR0ry8H1ku4iY thumbnail generated successfully
SUCCESS: Location ChIJLUrOppT60YURghglOdp-4yo thumbnail generated successfully
SUCCESS: Location ChIJlVoSy9IazoURqzCjD_D4KEs thumbnail generated successfully
SUCCESS: Location ChIJLXHf-aP_0YURdofBnspb2tM thumbnail generated successfully
SUCCESS: Location ChIJlY0Dgr_9zYURp7H7dsNXcqQ thumbnail generated successfully
SUCCESS: Location ChIJlYK52vT-0YUR-0lEF2BD7Yc thumbnail generated successfully
SUCCESS: Location ChIJlyrYagAd0oUR0fvlR6nexJs thumbnail generated successfully
SUCCESS: Location ChIJm1tM4Dvx0YURD_k9qWvmD8k thumbnail generated successfully
SUCCESS: Location ChIJM2_nI7cBzoURiEpqHgXgH4U thumbnail generated successfully
SUCCESS: Location ChIJM3AIG-sD0oUR--ydzBJYWkw thumbnail generated successfully
SUCCESS: Location ChIJm6F_SqHx0YURGeaxepDTEvg thumbnail generated successfully
SUCCESS: Location ChIJm6_PDfj-0YURJbYHM-NFV3A thumbnail generated successfully
SUCCESS: Location ChIJMfX_nZr40YURWjrB1U8Ysqo thumbnail generated successfully
SUCCESS: Location ChIJM_mRahoC0oURmt8R_M3udzw thumbnail generated successfully
SUCCESS: Location ChIJMQi0RC8BzoURUDOKKmwNBeg thumbnail generated successfully
SUCCESS: Location ChIJMRSEcwDj0YURMzi2g1az4uE thumbnail generated successfully
SUCCESS: Location ChIJMUgTY8z_0YURQVR0mAgAZYo thumbnail generated successfully
SUCCESS: Location ChIJmVDiGRoDzoUR_VlKnYilKqo thumbnail generated successfully
SUCCESS: Location ChIJmVP0CVr_0YURmK4FtqQ4H58 thumbnail generated successfully
SUCCESS: Location ChIJmX6Qkev50YURgMQV0qA6klg thumbnail generated successfully
SUCCESS: Location ChIJmXGkb4__zYUR0msq9AyTJ9M thumbnail generated successfully
SUCCESS: Location ChIJmXiXgO8BzoURk-k176yVIo4 thumbnail generated successfully
SUCCESS: Location ChIJmyGhNB8DzoURJIBiGLmXE0g thumbnail generated successfully
SUCCESS: Location ChIJmZVH3hH_zYURLaVT4ZwKonk thumbnail generated successfully
SUCCESS: Location ChIJn03moyP90YURD8x67ZjwjEY thumbnail generated successfully
SUCCESS: Location ChIJn0L5O34BzoURfh3-HLm4m2g thumbnail generated successfully
SUCCESS: Location ChIJN1KGCYkAzoURPYQO13JdnZE thumbnail generated successfully
SUCCESS: Location ChIJn2jdv3T50YURJEnViBhB1Ww thumbnail generated successfully
SUCCESS: Location ChIJN4jnfR4B0oURh8z_Lg8ll5s thumbnail generated successfully
SUCCESS: Location ChIJn63wsUf_0YUR7w-2EDnhTFw thumbnail generated successfully
SUCCESS: Location ChIJN65ql3r50YURJfK7CW3qH-Y thumbnail generated successfully
SUCCESS: Location ChIJn788yij-0YURql4zyV-22x4 thumbnail generated successfully
SUCCESS: Location ChIJnb61RNX40YURjLOqxoI9oh0 thumbnail generated successfully
SUCCESS: Location ChIJNbj_Z2YB0oURcr_eCdf7hO8 thumbnail generated successfully
SUCCESS: Location ChIJn_BSlP0BzoURkQhG5hS5v4M thumbnail generated successfully
SUCCESS: Location ChIJNc3VZp__0YURJ5vNc3Xejro thumbnail generated successfully
SUCCESS: Location ChIJncqI2egBzoURFN6Jgv2YAMA thumbnail generated successfully
SUCCESS: Location ChIJNfurU_UE0oURh3nnYfeiN_E thumbnail generated successfully
SUCCESS: Location ChIJnRzbic370YURASVOFJxeWec thumbnail generated successfully
SUCCESS: Location ChIJnSqiqOgFzoURo-9Vdj-7ZGo thumbnail generated successfully
SUCCESS: Location ChIJNU8Uk9wBzoURuI60gco5ppg thumbnail generated successfully
SUCCESS: Location ChIJn-vceSkd0oURaujWGbh7gdY thumbnail generated successfully
SUCCESS: Location ChIJnVl05XYA0oUR37IRVBUpXJE thumbnail generated successfully
SUCCESS: Location ChIJnVnR3hsBzoURN1Or0kmvPgg thumbnail generated successfully
SUCCESS: Location ChIJNweCT6r_0YURRCsUAxen5c8 thumbnail generated successfully
SUCCESS: Location ChIJNWSsywP80YURrMI29KUemDQ thumbnail generated successfully
SUCCESS: Location ChIJnz_n8VQE0oURVaubpukuEh8 thumbnail generated successfully
SUCCESS: Location ChIJO0N8aJH-0YURFCrRteP86k8 thumbnail generated successfully
SUCCESS: Location ChIJO2kM0pr_0YURrkluI9jv5-I thumbnail generated successfully
SUCCESS: Location ChIJo2PkBJcA0oURKtZ1hQjjCzc thumbnail generated successfully
SUCCESS: Location ChIJO2W__nb90YURn4wS7vQ_Sj8 thumbnail generated successfully
SUCCESS: Location ChIJO2Wxq4kDzoURGe0Xeu-IEJU thumbnail generated successfully
SUCCESS: Location ChIJO3tsfeIDzoURH3_Q9mJ5bWg thumbnail generated successfully
SUCCESS: Location ChIJo4k_YQD70YURanQku9hm6Cc thumbnail generated successfully
SUCCESS: Location ChIJO7c_Hlod0oURXME9hYjeU5g thumbnail generated successfully
SUCCESS: Location ChIJo8n8nlEAzoURrO3XRNj1qyw thumbnail generated successfully
SUCCESS: Location ChIJob2t4Mb30YURl8Jn8O6sPBM thumbnail generated successfully
SUCCESS: Location ChIJoblh9eAAzoURnQTEL1z0vVo thumbnail generated successfully
SUCCESS: Location ChIJodTm020D0oUROyyUG5Dzobo thumbnail generated successfully
SUCCESS: Location ChIJOdwpSVADzoURF93GLelW_Ws thumbnail generated successfully
SUCCESS: Location ChIJOfNvJVD_0YUR0hqYBvlmxkw thumbnail generated successfully
SUCCESS: Location ChIJOfThwM4DzoUR_UIn_hVw9Mk thumbnail generated successfully
SUCCESS: Location ChIJo-LV4VEdzoURQGXAmPFzql0 thumbnail generated successfully
SUCCESS: Location ChIJO_q-BDobzoURSllClH3GQ4U thumbnail generated successfully
SUCCESS: Location ChIJoR0zSFYbzoURqEdgr0VT3Bs thumbnail generated successfully
SUCCESS: Location ChIJoS2_vXnx0YURMeqZXJk2114 thumbnail generated successfully
SUCCESS: Location ChIJOSAfo7Qb0oUR-wMuEM-dC6I thumbnail generated successfully
SUCCESS: Location ChIJoV9pVaf40YURJGPB0QgZb6k thumbnail generated successfully
SUCCESS: Location ChIJOVHhJZQC0oURkoTujgJYBVQ thumbnail generated successfully
SUCCESS: Location ChIJOVKaSVUBzoURkqb2fq2awB4 thumbnail generated successfully
SUCCESS: Location ChIJOVxyhYP_0YURvvUMGVCMBSg thumbnail generated successfully
SUCCESS: Location ChIJoXG9Uz4BzoURUh6XkUqgPmw thumbnail generated successfully
SUCCESS: Location ChIJOxpTWvP30YURdqXUxOgdSRc thumbnail generated successfully
SUCCESS: Location ChIJoyPuNCn80YURzGxvBheMClI thumbnail generated successfully
SUCCESS: Location ChIJOYu5gtMB0oURYnaN9i6pH1w thumbnail generated successfully
SUCCESS: Location ChIJOZgIti3_0YURYLtqYW2hfjg thumbnail generated successfully
SUCCESS: Location ChIJozRx9Rr50YURZ5IsIvAJF9M thumbnail generated successfully
SUCCESS: Location ChIJOZSdpWwBzoURoGUNa61i7Co thumbnail generated successfully
SUCCESS: Location ChIJoZUYBaID0oURhqBkAdt4f1k thumbnail generated successfully
SUCCESS: Location ChIJOZX7WrAB0oURAoZSwbvfBxc thumbnail generated successfully
SUCCESS: Location ChIJP1dJRVf_0YURr8MZosHl4kI thumbnail generated successfully
SUCCESS: Location ChIJp1IL-g730YURWNqDSFAI3ZQ thumbnail generated successfully
SUCCESS: Location ChIJp1VSaMIDzoURkktBRXbqlck thumbnail generated successfully
SUCCESS: Location ChIJp2No594DzoUR-QnTQseEgJE thumbnail generated successfully
SUCCESS: Location ChIJp2Uuxczx0YURUmqjNK03pac thumbnail generated successfully
SUCCESS: Location ChIJp3zIgyP50YUR6zMJBWCMnhc thumbnail generated successfully
SUCCESS: Location ChIJp6j8KXEEzoURyTH-Ax-wyhI thumbnail generated successfully
SUCCESS: Location ChIJP8BE46wEzoURyA0BCV2pRyg thumbnail generated successfully
SUCCESS: Location ChIJP8EW5vMB0oURKiMRxq6dBik thumbnail generated successfully
SUCCESS: Location ChIJpbPBXyr40YURLcdT4cWEP6M thumbnail generated successfully
SUCCESS: Location ChIJPTfyIQsBzoURStXBMrEkyj4 thumbnail generated successfully
SUCCESS: Location ChIJpVviKmoH0oUR6blaMdjMF10 thumbnail generated successfully
SUCCESS: Location ChIJpVxerIb50YURKBTzOrtWVm8 thumbnail generated successfully
SUCCESS: Location ChIJPXON8IT90YURW3pi1GbMu7M thumbnail generated successfully
SUCCESS: Location ChIJPYMSYU7w0YURw90D5GGaqUs thumbnail generated successfully
SUCCESS: Location ChIJpzENNmEd0oURPnFBsLXz_SI thumbnail generated successfully
SUCCESS: Location ChIJQ16Y7f0BzoUR1qDtZh01mUE thumbnail generated successfully
SUCCESS: Location ChIJQ1eVhd8BzoURRcFjrITsoAc thumbnail generated successfully
SUCCESS: Location ChIJq2_1Non50YURs-rBDNv60ok thumbnail generated successfully
SUCCESS: Location ChIJq6kJg_AB0oURdNBlm0zWxM8 thumbnail generated successfully
SUCCESS: Location ChIJq6qq6nYA0oUR-xL5d_u3WEY thumbnail generated successfully
SUCCESS: Location ChIJQ8Am9uoBzoURbb9JdFtzXxc thumbnail generated successfully
SUCCESS: Location ChIJq8q0IND-0YUR8ENL3GWrLsI thumbnail generated successfully
SUCCESS: Location ChIJq8sCtQ__0YURe-AYZ8Yc8Fs thumbnail generated successfully
SUCCESS: Location ChIJ_QAnyOQB0oUR4EowuGoa7sw thumbnail generated successfully
SUCCESS: Location ChIJq-B2HoH_zYURxjyPPevA6AU thumbnail generated successfully
SUCCESS: Location ChIJQb6V74sB0oURXM2btPOZWCA thumbnail generated successfully
SUCCESS: Location ChIJQcThjoYBzoURkg_b3I7HYtA thumbnail generated successfully
SUCCESS: Location ChIJQdMft97-0YURTo_Mz8uU4jM thumbnail generated successfully
SUCCESS: Location ChIJQ-dY1fAc0oUReAjxt4S69Zg thumbnail generated successfully
SUCCESS: Location ChIJQenfdqED0oURIW55MsT69ZU thumbnail generated successfully
SUCCESS: Location ChIJQ__fTFTx0YUROHL3rimjWzA thumbnail generated successfully
SUCCESS: Location ChIJQ_G4nND_zYUR4xE5OSw9108 thumbnail generated successfully
SUCCESS: Location ChIJQQq6xjT-0YURJdbSprzriGY thumbnail generated successfully
SUCCESS: Location ChIJq_rVNnH50YURVLLnxwmxyso thumbnail generated successfully
SUCCESS: Location ChIJqSpxSqMb0oURVv-I5XeFbgs thumbnail generated successfully
SUCCESS: Location ChIJ-QT8_ov_0YURqvkTWfsNoqM thumbnail generated successfully
SUCCESS: Location ChIJQUoVIjP50YURyAfX7nCVX_w thumbnail generated successfully
SUCCESS: Location ChIJqY5HNzP50YURxcqDF58XtuE thumbnail generated successfully
SUCCESS: Location ChIJqYe9rqr_0YURL4BEw2k8sC0 thumbnail generated successfully
SUCCESS: Location ChIJQYhQEhn90YURWVngv2UZPuY thumbnail generated successfully
SUCCESS: Location ChIJQZEcuuUBzoURJMcy1f2rTOM thumbnail generated successfully
SUCCESS: Location ChIJr1q4i8QA0oUREwt-m-rCTiI thumbnail generated successfully
SUCCESS: Location ChIJR2LfQ_X7zYURJFI04VfNZ4o thumbnail generated successfully
SUCCESS: Location ChIJr3MZKysHzoUREsMtaZkN8rg thumbnail generated successfully
SUCCESS: Location ChIJr3rWYmUb0oURp5SGe-3g6Y0 thumbnail generated successfully
SUCCESS: Location ChIJ-R6gAvwB0oURb42WS821FF4 thumbnail generated successfully
SUCCESS: Location ChIJr6M6vjT50YURQ-y3ZORNIVw thumbnail generated successfully
SUCCESS: Location ChIJr82ZuhcC0oUR42JqEUE3cZw thumbnail generated successfully
SUCCESS: Location ChIJ-R8Kgxj-0YURB0z6PihjzC0 thumbnail generated successfully
SUCCESS: Location ChIJR8kNBiYb0oURyWj8CzasAtA thumbnail generated successfully
SUCCESS: Location ChIJr9jBhKj50YURA_D3SX3qPB4 thumbnail generated successfully
SUCCESS: Location ChIJraZkTlnx0YURUE9PrgXCW_M thumbnail generated successfully
SUCCESS: Location ChIJrazZuFsA0oURmyGbrjKwoFU thumbnail generated successfully
SUCCESS: Location ChIJRbZO1NL50YUR7MVdm7hP7Ug thumbnail generated successfully
SUCCESS: Location ChIJrcalMQwAzoURyXCMkV9Xjk8 thumbnail generated successfully
SUCCESS: Location ChIJRcoTlrgH0oUR48Aa2qGI1uc thumbnail generated successfully
SUCCESS: Location ChIJReq3x_n90YURox5y-FjNIRM thumbnail generated successfully
SUCCESS: Location ChIJrfuANvQd0oURV1M6VT7sC7U thumbnail generated successfully
SUCCESS: Location ChIJr-TYCBHx0YURcWui4g6DOcc thumbnail generated successfully
SUCCESS: Location ChIJRVkChvj_0YURriMSF4QlBf0 thumbnail generated successfully
SUCCESS: Location ChIJ-_rwt9X50YURb1RNWFNrjsc thumbnail generated successfully
SUCCESS: Location ChIJRWueLTP50YURlCgtSyiZm14 thumbnail generated successfully
SUCCESS: Location ChIJrXChnL740YUROOzbbdPEo0o thumbnail generated successfully
SUCCESS: Location ChIJrXkY93b90YURG4lbcBNyU1k thumbnail generated successfully
SUCCESS: Location ChIJRxPS-07_0YURbJgw_6mMOi8 thumbnail generated successfully
SUCCESS: Location ChIJRXx3TXn_0YUR7aLyChzPp8M thumbnail generated successfully
SUCCESS: Location ChIJrytwDXsAzoURdPOX5AOA3nw thumbnail generated successfully
SUCCESS: Location ChIJ-Rz1mLP_0YURWOCZbUJ326E thumbnail generated successfully
SUCCESS: Location ChIJs0j25Vb80YUR-D8feMDfZHo thumbnail generated successfully
SUCCESS: Location ChIJS0phsIH80YURk2Vl3uIfwfU thumbnail generated successfully
SUCCESS: Location ChIJs2qaH-_90YURPoYyZ3ZSlxA thumbnail generated successfully
SUCCESS: Location ChIJS4IE9HsAzoURt9JVE3pbK6Y thumbnail generated successfully
SUCCESS: Location ChIJs4nT1xoC0oURXhfHSqfAVYE thumbnail generated successfully
SUCCESS: Location ChIJS7R39Sr50YURQE6mi9UOKds thumbnail generated successfully
SUCCESS: Location ChIJs7xyvjv60YUR2Gd_RSR2k2I thumbnail generated successfully
SUCCESS: Location ChIJsbIu52v_0YUR1m_4hsfHKCQ thumbnail generated successfully
SUCCESS: Location ChIJScjIILQB0oURJMVub-MaI4Q thumbnail generated successfully
SUCCESS: Location ChIJSdfReqYBzoURwYrVP4sf8IM thumbnail generated successfully
SUCCESS: Location ChIJsdHqQbv40YUR-o6Hpdb3O3g thumbnail generated successfully
SUCCESS: Location ChIJs_N7ANL-0YUR72p7FaEep-Y thumbnail generated successfully
SUCCESS: Location ChIJsSb9fmMAzoURad-Ouzy1694 thumbnail generated successfully
SUCCESS: Location ChIJsTG7GZX50YURZbXLL9FZfxM thumbnail generated successfully
SUCCESS: Location ChIJsTqvU2f30YUROXuMX6t4Tgg thumbnail generated successfully
SUCCESS: Location ChIJSXaFysz-0YUR_TmRjmzfMN0 thumbnail generated successfully
SUCCESS: Location ChIJsxepPVwBzoURDoGWUxWFGWo thumbnail generated successfully
SUCCESS: Location ChIJsYimf8L_zYUR9Ligyimtdok thumbnail generated successfully
SUCCESS: Location ChIJSyujwA8DzoURcVRCmqJ8w6o thumbnail generated successfully
SUCCESS: Location ChIJszK-2XD50YUR0DLGrAvkLnk thumbnail generated successfully
SUCCESS: Location ChIJT11ehYcD0oURIvADPETZAJw thumbnail generated successfully
SUCCESS: Location ChIJT4i7NN_30YURobP0S031WXg thumbnail generated successfully
SUCCESS: Location ChIJT6hyBtrj0YURqIZy1JPuj-4 thumbnail generated successfully
SUCCESS: Location ChIJt6_tYPQCzoURzdE89F8bQU0 thumbnail generated successfully
SUCCESS: Location ChIJt8vxXMz_0YURjTC8755jIPc thumbnail generated successfully
SUCCESS: Location ChIJ-TATuSz_0YUR-kmEr193Jc8 thumbnail generated successfully
SUCCESS: Location ChIJTbzHUbD90YURI269hbMTDUE thumbnail generated successfully
SUCCESS: Location ChIJtceaBtoB0oURYY6I_ASPrmA thumbnail generated successfully
SUCCESS: Location ChIJt-KqKQAD0oURLy7JRk8DNDM thumbnail generated successfully
SUCCESS: Location ChIJTQ2Pah_50YURsBxaAMGZfuU thumbnail generated successfully
SUCCESS: Location ChIJTQGqdSv50YURJKLN5Eu1o3U thumbnail generated successfully
SUCCESS: Location ChIJTQGqdSv50YURz-imDdIQ2Bc thumbnail generated successfully
SUCCESS: Location ChIJtQwe_OUDzoUR-MyVlt_hWdM thumbnail generated successfully
SUCCESS: Location ChIJTRyV0bYczoURmQnERDgeTUg thumbnail generated successfully
SUCCESS: Location ChIJTTWJazz_zYUR5YCGt251VJc thumbnail generated successfully
SUCCESS: Location ChIJtwuvqz0BzoURkq7VYL8wXME thumbnail generated successfully
SUCCESS: Location ChIJtx9WaDb-zYURlOCBc9SeZwM thumbnail generated successfully
SUCCESS: Location ChIJTxSV3DsDzoURTgV95AwQ-zg thumbnail generated successfully
SUCCESS: Location ChIJTYWIy9z_0YURddO8zJQYnqo thumbnail generated successfully
SUCCESS: Location ChIJTyZEQTn_zYURlg_TFv4jQM8 thumbnail generated successfully
SUCCESS: Location ChIJtzi0aMfx0YURpqbDgDEGhIo thumbnail generated successfully
SUCCESS: Location ChIJTzpDYyX_0YURxxfOtnPkB3c thumbnail generated successfully
SUCCESS: Location ChIJU2JlAH8EzoURc6VKF4ndLmA thumbnail generated successfully
SUCCESS: Location ChIJU3UtlXgBzoURla255grhKVc thumbnail generated successfully
SUCCESS: Location ChIJU5iJDwv_zYURjFmpRY-9f1I thumbnail generated successfully
SUCCESS: Location ChIJu5SW0zv50YURV2PHYi4tfzw thumbnail generated successfully
SUCCESS: Location ChIJu6ZG9_oA0oUR6AFcGdviVBY thumbnail generated successfully
SUCCESS: Location ChIJu8Q1hBoC0oUR3pO4s85bcUE thumbnail generated successfully
SUCCESS: Location ChIJuac9VtH90YURQtOj6eDm8SY thumbnail generated successfully
SUCCESS: Location ChIJubnDN0790YUR25DnBY-RZPw thumbnail generated successfully
SUCCESS: Location ChIJU-_c4Vj90YURkdSdWPrBEAs thumbnail generated successfully
SUCCESS: Location ChIJUcdxhLH_zYUR14MpLuiRT0g thumbnail generated successfully
SUCCESS: Location ChIJudloDbP_zYURSJODnr_v8no thumbnail generated successfully
SUCCESS: Location ChIJ_UghKRz9zYURWUUx4kgPNL4 thumbnail generated successfully
SUCCESS: Location ChIJu_HDCmD90YUR1l8cDYlavxk thumbnail generated successfully
SUCCESS: Location ChIJUQ2z6hgDzoURTGjfvxW4lw4 thumbnail generated successfully
SUCCESS: Location ChIJuSjUDY8d0oURYN9U5FhfM-4 thumbnail generated successfully
SUCCESS: Location ChIJUT8CQMACzoURJG72OBnnHEo thumbnail generated successfully
SUCCESS: Location ChIJuUwvr0b50YURk-NmXhj06vs thumbnail generated successfully
SUCCESS: Location ChIJuV6IllIAzoURRbiH2iYAtSM thumbnail generated successfully
SUCCESS: Location ChIJuwdpbgoC0oUR8hZEqssQD3Y thumbnail generated successfully
SUCCESS: Location ChIJUw_eavX_zYURwjfHlX0JjMk thumbnail generated successfully
SUCCESS: Location ChIJuX1Hxtr_0YUR-vXtj7o8QiU thumbnail generated successfully
SUCCESS: Location ChIJUyIKvH0C0oURlxi5zRLxnlA thumbnail generated successfully
SUCCESS: Location ChIJuzwcRsvi0YUR9pc61kyfPv0 thumbnail generated successfully
SUCCESS: Location ChIJv0LcYRoC0oURwXXz3593qE8 thumbnail generated successfully
SUCCESS: Location ChIJV26h9dDx0YURet581ODr2nA thumbnail generated successfully
SUCCESS: Location ChIJv2hmaMv-0YUR3HNtNTPZys0 thumbnail generated successfully
SUCCESS: Location ChIJv_4dy2T50YURhgMbn7L9e-s thumbnail generated successfully
SUCCESS: Location ChIJV5TiG1D_0YUR_QVQFSGVq-4 thumbnail generated successfully
SUCCESS: Location ChIJvawqY0T_zYURnZJw0mScx5w thumbnail generated successfully
SUCCESS: Location ChIJVe15uynj0YURsfqpINLIGw4 thumbnail generated successfully
SUCCESS: Location ChIJVfiBBfz_0YUR5GfFAwi5_6w thumbnail generated successfully
SUCCESS: Location ChIJVf-VH2L90YURV2e7QYf8E4k thumbnail generated successfully
SUCCESS: Location ChIJvRdReIT_0YURzPTc8xRvKlI thumbnail generated successfully
SUCCESS: Location ChIJvRU3IFkBzoURHIbSwxOmms4 thumbnail generated successfully
SUCCESS: Location ChIJv-_T6ikDzoURRfSeHjt7xzk thumbnail generated successfully
SUCCESS: Location ChIJvV5kbXwd0oURL8aiktsA8N0 thumbnail generated successfully
SUCCESS: Location ChIJVWJrv88DzoURXovCOdnfYe8 thumbnail generated successfully
SUCCESS: Location ChIJVXmuMcP_0YURBRTMHESl2zo thumbnail generated successfully
SUCCESS: Location ChIJVxOVE8380YURSFrbTTM9yOU thumbnail generated successfully
SUCCESS: Location ChIJvXPgznT90YUR6uBfrYPqMCQ thumbnail generated successfully
SUCCESS: Location ChIJvYLraZgD0oURX5mFY35CoAc thumbnail generated successfully
SUCCESS: Location ChIJ-VYYM2IBzoURJv9vc3g7qbU thumbnail generated successfully
SUCCESS: Location ChIJVyZYSb35zYURMZnqwnjL5XY thumbnail generated successfully
SUCCESS: Location ChIJVzA29SwCzoURM1Dq1KcwIek thumbnail generated successfully
SUCCESS: Location ChIJvZx5lnYDzoURhY0hsBDZoQU thumbnail generated successfully
SUCCESS: Location ChIJw0fLJTj60YURVzdwFUUEhFA thumbnail generated successfully
SUCCESS: Location ChIJw0O77bAczoURlvZjcs4AtG4 thumbnail generated successfully
SUCCESS: Location ChIJ-w1y67b-0YUR6mPtTj6pI28 thumbnail generated successfully
SUCCESS: Location ChIJw36XHtIb0oUR4JU2OHsWsQ4 thumbnail generated successfully
SUCCESS: Location ChIJW3bYG4zj0YURcggKpGfRtZg thumbnail generated successfully
SUCCESS: Location ChIJw3Sk-EIBzoURvdid9DJ9m0c thumbnail generated successfully
SUCCESS: Location ChIJw4CcgkoBzoURvfwVUzAmk9M thumbnail generated successfully
SUCCESS: Location ChIJW4iMiST50YURCfHJBjK_4tE thumbnail generated successfully
SUCCESS: Location ChIJW4ZQaUwDzoURigYR_HyYGv8 thumbnail generated successfully
SUCCESS: Location ChIJw5xFBh__0YURmjSRInmBLSg thumbnail generated successfully
SUCCESS: Location ChIJw-66vMT40YURhOxTB0UKnzE thumbnail generated successfully
SUCCESS: Location ChIJW757fb0BzoURTLbZk4YQjbY thumbnail generated successfully
SUCCESS: Location ChIJw7g8s0790YURmzfvpkxLLjk thumbnail generated successfully
SUCCESS: Location ChIJWbZn1c_40YURM2XEZgPFq54 thumbnail generated successfully
SUCCESS: Location ChIJ-wBzWNH40YURTUqnO6pJWOM thumbnail generated successfully
SUCCESS: Location ChIJwcFQA9gCzoURwnlGzoMmDLY thumbnail generated successfully
SUCCESS: Location ChIJwe9YeR_80YURteCtRp_gKIs thumbnail generated successfully
SUCCESS: Location ChIJWfed-pv_0YUR9qQE_Iw43sE thumbnail generated successfully
SUCCESS: Location ChIJwQtXverx0YUREzl6J-ZRiEI thumbnail generated successfully
SUCCESS: Location ChIJwVvyzKz7zYURc2nt8Q7Va4U thumbnail generated successfully
SUCCESS: Location ChIJWw1tLuH50YURCBBD2aIPA_w thumbnail generated successfully
SUCCESS: Location ChIJwXCkijf_0YURw2O8mtKqEL0 thumbnail generated successfully
SUCCESS: Location ChIJwXColAIC0oURBKBWFzsqhkI thumbnail generated successfully
SUCCESS: Location ChIJWy9MY1gD0oURI9bIoBIrL7U thumbnail generated successfully
SUCCESS: Location ChIJwzRfIfr_0YURuRv_tM52_RM thumbnail generated successfully
SUCCESS: Location ChIJx2AAXI350YURu7_XQi2cc3M thumbnail generated successfully
SUCCESS: Location ChIJX2GGNZX40YURmNx0V7rLf_0 thumbnail generated successfully
SUCCESS: Location ChIJx3jcpoj40YURIDi0Hoopk2w thumbnail generated successfully
SUCCESS: Location ChIJx4f5gu8B0oURMx7E8J7wGTI thumbnail generated successfully
SUCCESS: Location ChIJx7x08iIBzoURgHXCbMPo0xk thumbnail generated successfully
SUCCESS: Location ChIJx9BkmksBzoURhvN0yp_4cEM thumbnail generated successfully
SUCCESS: Location ChIJxak0Kpz50YURsGoopfnqoCE thumbnail generated successfully
SUCCESS: Location ChIJxaVc7x__zYURFis5q_4V6c8 thumbnail generated successfully
SUCCESS: Location ChIJxbc_JZP_0YURQM1Z8WqZ1Uo thumbnail generated successfully
SUCCESS: Location ChIJxb_Xhiz-zYUR545UAVU4fKs thumbnail generated successfully
SUCCESS: Location ChIJXfCHFFobzoURY3rcsrjDgkE thumbnail generated successfully
SUCCESS: Location ChIJ-xhK7__40YURwzyu5h3FESU thumbnail generated successfully
SUCCESS: Location ChIJx_IErwIBzoUR1FxW6JVsPOU thumbnail generated successfully
SUCCESS: Location ChIJ_xlMuP8DzoURL66VBRyx4yA thumbnail generated successfully
SUCCESS: Location ChIJ-XN1uTsDzoURLVNytH18e3o thumbnail generated successfully
SUCCESS: Location ChIJXRzWKqv_0YURFXq7yleGc8s thumbnail generated successfully
SUCCESS: Location ChIJxSUeddX-0YURNIFMA2OAD6I thumbnail generated successfully
SUCCESS: Location ChIJxTI49TcB0oURsfrs_Mbs8GU thumbnail generated successfully
SUCCESS: Location ChIJxTrmYH77zYURa3AdkDrmEVs thumbnail generated successfully
SUCCESS: Location ChIJxU3ZH0YBzoUR2FXrn4CpjOc thumbnail generated successfully
SUCCESS: Location ChIJxUpYS3UEzoURnTs95_pyS3I thumbnail generated successfully
SUCCESS: Location ChIJxWFpwyH-0YURimnt_rSofJY thumbnail generated successfully
SUCCESS: Location ChIJX_wqEy0d0oURXBSqCJuFbdI thumbnail generated successfully
SUCCESS: Location ChIJxWRUueEDzoURhg4qN_aL6Mc thumbnail generated successfully
SUCCESS: Location ChIJXX5-HXoD0oURdCTwQq0ibXg thumbnail generated successfully
SUCCESS: Location ChIJxY9yXDr_0YURSHaJB-onrro thumbnail generated successfully
SUCCESS: Location ChIJy0HQCT_50YURqXyNA-fFkp8 thumbnail generated successfully
SUCCESS: Location ChIJy0sY1h750YURI543ztyrAF8 thumbnail generated successfully
SUCCESS: Location ChIJY1jU2Xb_0YURQXEB7qqWACQ thumbnail generated successfully
SUCCESS: Location ChIJY2WVmNX40YUReN3PtV1PvGQ thumbnail generated successfully
SUCCESS: Location ChIJY349lcv70YURkJmyeo1Xw_E thumbnail generated successfully
SUCCESS: Location ChIJy6uUeyn50YURNL0lVTFg_r0 thumbnail generated successfully
SUCCESS: Location ChIJycty2vn-0YURe7h_Hs7o49s thumbnail generated successfully
SUCCESS: Location ChIJyeeaLyH_0YURebbhWxDAQAQ thumbnail generated successfully
SUCCESS: Location ChIJyf8fM1H_0YURtPQJ7O20etA thumbnail generated successfully
SUCCESS: Location ChIJYQA_UjH_zYURZJUmR7kkWP4 thumbnail generated successfully
SUCCESS: Location ChIJ_yrf4ab50YURqF_bl-6WpbI thumbnail generated successfully
SUCCESS: Location ChIJYSwpMyAD0oURbHxYZNuMPz0 thumbnail generated successfully
SUCCESS: Location ChIJyVBdXMgD0oURCoinPbXFInE thumbnail generated successfully
SUCCESS: Location ChIJyw2GQDQFzoURBLXjrsDVTws thumbnail generated successfully
SUCCESS: Location ChIJYxW99TX_0YUR9y_gLQ5vNmw thumbnail generated successfully
SUCCESS: Location ChIJyY5Mpcr70YURSf0GWApUMzA thumbnail generated successfully
SUCCESS: Location ChIJYZyus_7x0YURBWwhnRsdDQQ thumbnail generated successfully
SUCCESS: Location ChIJz1OIZB390YUR69MZ2_XUgfU thumbnail generated successfully
SUCCESS: Location ChIJZ2cWw9X40YURuJ537bvh9WA thumbnail generated successfully
SUCCESS: Location ChIJZ2lB4Mf-0YUR1xUYsitgvN8 thumbnail generated successfully
SUCCESS: Location ChIJz38qvpYCzoUReIttKSqEuBw thumbnail generated successfully
SUCCESS: Location ChIJz3h4mY3_zYURL_k0X-KlWyQ thumbnail generated successfully
SUCCESS: Location ChIJz3rqPAD9zYURKsVsiT2Ewtc thumbnail generated successfully
SUCCESS: Location ChIJz4mERdT40YURxmDVb-xLmPw thumbnail generated successfully
SUCCESS: Location ChIJz4n2NYrx0YURJAt_A6PuuDQ thumbnail generated successfully
SUCCESS: Location ChIJZ5MCM6YAzoURFlntx4_8WRU thumbnail generated successfully
SUCCESS: Location ChIJz6av9UL7zYURVftPCJODtqI thumbnail generated successfully
SUCCESS: Location ChIJz8dbfeYB0oURF7jfsmSa6D8 thumbnail generated successfully
SUCCESS: Location ChIJzc5SY7X-0YURyh1Hfe2Iszg thumbnail generated successfully
SUCCESS: Location ChIJzeGsZpv_0YUR_hdjGL2J1NI thumbnail generated successfully
SUCCESS: Location ChIJZfcnyVD50YURfo1H_0nhXN4 thumbnail generated successfully
SUCCESS: Location ChIJ-ZIacgDx0YURvNqAiVyJgAs thumbnail generated successfully
SUCCESS: Location ChIJZRjYEtIBzoURK-cmNc1RB1w thumbnail generated successfully
SUCCESS: Location ChIJzR-L9xz40YURi-yc0-5pIbI thumbnail generated successfully
SUCCESS: Location ChIJzSrTeyT50YURo7DapMJZwy8 thumbnail generated successfully
SUCCESS: Location ChIJZTMErjL-0YURBU8Dj-O1oYY thumbnail generated successfully
SUCCESS: Location ChIJzVy1lZn50YURro-MGmjKDcE thumbnail generated successfully
SUCCESS: Location ChIJzw7RuTT_0YURE2EXNI7CeCc thumbnail generated successfully
SUCCESS: Location ChIJzWnTqhHj0YURGOZwqBF5qt8 thumbnail generated successfully
SUCCESS: Location ChIJZxCATMj50YUR7VNfEs2wYBM thumbnail generated successfully
SUCCESS: Location ChIJZz4xfB3-zYURckX4t-1WUgM thumbnail generated successfully
