2024-11-30T22:00:42.087Z - Starting translation process. Continuing from ID: start
2024-11-30T22:00:45.515Z - Successfully translated location ChIJ-07krwj_zYURTezue3mhlgo
2024-11-30T22:00:45.966Z - Successfully translated location ChIJ0fAWETf_zYURnUiY0H7bYMk
2024-11-30T22:00:46.412Z - Successfully translated location ChIJ07mMRObx0YURDT8qfWL9LYw
2024-11-30T22:00:46.861Z - Successfully translated location ChIJ0Xdbojb-zYURaHaroXiuHTo
2024-11-30T22:00:47.312Z - Successfully translated location ChIJ_0ALprwBzoURNq4p0lIxNLQ
2024-11-30T22:00:47.758Z - Successfully translated location ChIJ012-JJL70YURrW5zB1gcnzY
2024-11-30T22:00:48.202Z - Successfully translated location ChIJ0UfzVsP_0YUR1LkCa9biijI
2024-11-30T22:00:48.660Z - Successfully translated location ChIJ0abD0ToBzoURzqLPwtppBBc
2024-11-30T22:00:49.112Z - Successfully translated location ChIJ0w1CvqUB0oUR6vBYP1Vhkp8
2024-11-30T22:00:49.563Z - Successfully translated location ChIJ0fhThCQA0oURALaHxBtFZ14
2024-11-30T22:00:49.565Z - Completed batch. Total processed: 10
2024-11-30T22:00:52.579Z - Successfully translated location ChIJ0XsJFl4CzoURU9dERbpc7Ws
2024-11-30T22:00:53.022Z - Successfully translated location ChIJ1f7QCYT90YURlWuZ-xJpSmc
2024-11-30T22:00:53.467Z - Successfully translated location ChIJ17vOz7T_zYURCje7XeuJByU
2024-11-30T22:00:53.913Z - Successfully translated location ChIJ1bNSGIT-0YUR_445sgdYXqc
2024-11-30T22:00:54.424Z - Successfully translated location ChIJ17XyE7L70YURZ4pW8xsN1Do
2024-11-30T22:00:54.869Z - Successfully translated location ChIJ1cw-2qvi0YURYA0YV57Jn_g
2024-11-30T22:00:55.321Z - Successfully translated location ChIJ0yKN1qv50YUR_ChjwWyu9Ww
2024-11-30T22:00:55.768Z - Successfully translated location ChIJ196jq8T40YURiuJzqm1JMQY
2024-11-30T22:00:56.213Z - Successfully translated location ChIJ1d-tcZUC0oUR5pEVJ_YZw-c
2024-11-30T22:00:56.657Z - Successfully translated location ChIJ_12j-sIDzoURzW-hj3pj3PU
2024-11-30T22:00:56.661Z - Completed batch. Total processed: 20
2024-11-30T22:00:59.738Z - Successfully translated location ChIJ1xc8EvX30YURrA20PemLstk
2024-11-30T22:01:00.192Z - Successfully translated location ChIJ24KWVA8D0oURhDjDWX6SzjU
2024-11-30T22:01:00.632Z - Successfully translated location ChIJ1SkCybb_zYURbnQUDxruUUg
2024-11-30T22:01:01.077Z - Successfully translated location ChIJ1TKdsMwB0oURsGa57Q_sRrE
2024-11-30T22:01:01.520Z - Successfully translated location ChIJ1WEMS4770YURGvxB817u6Wo
2024-11-30T22:01:01.974Z - Successfully translated location ChIJ24Pmcp8HzoUR12UoiDjCnrI
2024-11-30T22:01:02.430Z - Successfully translated location ChIJ1TaWFJIDzoURmkLRrgiFnPE
2024-11-30T22:01:02.893Z - Successfully translated location ChIJ1Rw7IAAB0oUR2RYeVvHuxxw
2024-11-30T22:01:03.344Z - Successfully translated location ChIJ21Lg5r39zYUR-IZXyRpx4FU
2024-11-30T22:01:03.793Z - Successfully translated location ChIJ1_utKhsA0oURhrVIAvCWWBM
2024-11-30T22:01:03.794Z - Completed batch. Total processed: 30
2024-11-30T22:01:06.451Z - Successfully translated location ChIJ275jR4_30YURJKyIJk3qM5A
2024-11-30T22:01:06.885Z - Successfully translated location ChIJ28KxJ-_30YURpqz0jmal_Ug
2024-11-30T22:01:07.353Z - Successfully translated location ChIJ28E-OQv50YURNNKlZfATGb0
2024-11-30T22:01:07.804Z - Successfully translated location ChIJ2eIumFj-0YURT0DXDy6GXR4
2024-11-30T22:01:08.257Z - Successfully translated location ChIJ2SROzi8FzoURlWUXY1eXEQc
2024-11-30T22:01:08.697Z - Successfully translated location ChIJ2RFgUQIA0oURan5WCwo0ey8
2024-11-30T22:01:09.141Z - Successfully translated location ChIJ2XMlhkX50YURO2yd8gwJ__A
2024-11-30T22:01:09.588Z - Successfully translated location ChIJ2VZL2r__0YURD31cRonawBM
2024-11-30T22:01:10.037Z - Successfully translated location ChIJ28pgkC8DzoURFPS40HgnJgI
2024-11-30T22:01:10.496Z - Successfully translated location ChIJ2_MpauT30YURZ3mcJRRQDiA
2024-11-30T22:01:10.498Z - Completed batch. Total processed: 40
2024-11-30T22:01:13.273Z - Successfully translated location ChIJ3-w6phUH0oUR_BB3gFazp4c
2024-11-30T22:01:13.718Z - Successfully translated location ChIJ39zYVi_70YURhbzWr2Ie_9Q
2024-11-30T22:01:14.165Z - Successfully translated location ChIJ33US02H80YURC3vGS8RT8ec
2024-11-30T22:01:14.610Z - Successfully translated location ChIJ-3l5lDT50YURw7RiMfWkZQ4
2024-11-30T22:01:15.152Z - Successfully translated location ChIJ3Sde3JgD0oURJjtafe27acU
2024-11-30T22:01:15.600Z - Successfully translated location ChIJ3RXqQ4f_0YURh80kR0ZiImE
2024-11-30T22:01:16.148Z - Successfully translated location ChIJ3SNZElP_0YURCoDdDXU61ms
2024-11-30T22:01:16.593Z - Successfully translated location ChIJ3drGxpf_0YURpBqAJBjxqFs
2024-11-30T22:01:17.038Z - Successfully translated location ChIJ3VvdCQMA0oUREbaDFtT_I0g
2024-11-30T22:01:17.486Z - Successfully translated location ChIJ3dGBci350YURsDYUZcq-kIw
2024-11-30T22:01:17.487Z - Completed batch. Total processed: 50
2024-11-30T22:01:20.431Z - Successfully translated location ChIJ45t0_97x0YURvOqj8BjkFzY
2024-11-30T22:01:20.887Z - Successfully translated location ChIJ45Hw9Yzj0YURzfSeMyt4SSw
2024-11-30T22:01:21.332Z - Successfully translated location ChIJ3Yvu7BYd0oUR5W6i40-jakk
2024-11-30T22:01:21.778Z - Successfully translated location ChIJ462GF2wBzoURzr-TU8xDkcE
2024-11-30T22:01:22.228Z - Successfully translated location ChIJ3WZbg9v80YURh6DblsiGa-k
2024-11-30T22:01:22.677Z - Successfully translated location ChIJ44r8v1v_zYURVxO50UENtlc
2024-11-30T22:01:23.125Z - Successfully translated location ChIJ-3ZsqUL80YUR3iYGhNuwiss
2024-11-30T22:01:23.579Z - Successfully translated location ChIJ445B0AAAzoURDJ5enadXEDM
2024-11-30T22:01:24.026Z - Successfully translated location ChIJ3wQm6ib50YURcJko7t2hpHc
2024-11-30T22:01:24.472Z - Successfully translated location ChIJ45AlBjT30YURHcxV-T7cWic
2024-11-30T22:01:24.474Z - Completed batch. Total processed: 60
2024-11-30T22:01:27.589Z - Successfully translated location ChIJ4VNRAwD5zYURc3cYDlwCQj0
2024-11-30T22:01:28.035Z - Successfully translated location ChIJ4dalXAf90YUR5FNjJXIUc4c
2024-11-30T22:01:28.486Z - Successfully translated location ChIJ4W5PJPUAzoUROIpsdTFgeqI
2024-11-30T22:01:28.934Z - Successfully translated location ChIJ4e6QsbwC0oURg5kG8rTgXHs
2024-11-30T22:01:29.382Z - Successfully translated location ChIJ4ULhS1_-0YURSa9jpYWhFT8
2024-11-30T22:01:29.823Z - Successfully translated location ChIJ4TcCShzx0YURAC1d1kfiZRI
2024-11-30T22:01:30.350Z - Successfully translated location ChIJ4a8nxjL50YURJ19RJ_A9T5E
2024-11-30T22:01:30.799Z - Successfully translated location ChIJ4bboBQ3_0YURCK4ctp7rVSA
2024-11-30T22:01:31.245Z - Successfully translated location ChIJ4SnQzS_90YURf7BzOtlBGOU
2024-11-30T22:01:31.695Z - Successfully translated location ChIJ48cUpaUDzoURGxwSKYGhIYA
2024-11-30T22:01:31.698Z - Completed batch. Total processed: 70
2024-11-30T22:01:34.585Z - Successfully translated location ChIJ501Qh6X_zYURscfM-BDPR08
2024-11-30T22:01:35.037Z - Successfully translated location ChIJ59EQFxwd0oURnAeioDZ1_LU
2024-11-30T22:01:35.491Z - Successfully translated location ChIJ4zh_SwD50YURGh83jE74WGw
2024-11-30T22:01:35.937Z - Successfully translated location ChIJ51FcagAdzoURYNRbQNGLCcQ
2024-11-30T22:01:36.379Z - Successfully translated location ChIJ5eeVDQ730YURj_m0_8pdWKk
2024-11-30T22:01:36.837Z - Successfully translated location ChIJ5-03XrwBzoURf31IZkidK_E
2024-11-30T22:01:37.291Z - Successfully translated location ChIJ53FOWlwBzoUR1Rrc8mFAc2c
2024-11-30T22:01:37.862Z - Successfully translated location ChIJ5_a8Nh8C0oURiYrDI5rn5sM
2024-11-30T22:01:38.315Z - Successfully translated location ChIJ53XajJH4zYUROVaDw4ljKLM
2024-11-30T22:01:38.774Z - Successfully translated location ChIJ4w9qs4L_0YURI1fh1gJE424
2024-11-30T22:01:38.778Z - Completed batch. Total processed: 80
2024-11-30T22:01:41.619Z - Successfully translated location ChIJ63ppRxYF0oURjTWgK5HZdWI
2024-11-30T22:01:42.100Z - Successfully translated location ChIJ5xY48Z350YURhLTdU3_KgJs
2024-11-30T22:01:42.555Z - Successfully translated location ChIJ5ykajGUDzoURO7dwqGpqH5Y
2024-11-30T22:01:43.000Z - Successfully translated location ChIJ5Rk_Xzr_0YURXvh_UF9PrLU
2024-11-30T22:01:43.447Z - Successfully translated location ChIJ5TpAcVH_0YURQGTpuE_TGic
2024-11-30T22:01:43.898Z - Successfully translated location ChIJ5TSoip7x0YURLa3IKnBLmzs
2024-11-30T22:01:44.343Z - Successfully translated location ChIJ5SWpYigDzoURRdAC6ycIprQ
2024-11-30T22:01:44.794Z - Successfully translated location ChIJ66w-bDrj0YURCOLQZYI5iOg
2024-11-30T22:01:45.249Z - Successfully translated location ChIJ62RLBesA0oURPA4J8ro0S1k
2024-11-30T22:01:45.782Z - Successfully translated location ChIJ5SgC61sH0oUR3zsYW6DRTmA
2024-11-30T22:01:45.785Z - Completed batch. Total processed: 90
2024-11-30T22:01:48.829Z - Successfully translated location ChIJ6-BIKkX_0YURTZmR7NVx11w
2024-11-30T22:01:49.282Z - Successfully translated location ChIJ6_C82ZL90YURtk2ef5JiEDA
2024-11-30T22:01:49.726Z - Successfully translated location ChIJ6XzRWQIA0oURzNHWnQB_ERs
2024-11-30T22:01:50.173Z - Successfully translated location ChIJ6xeUtdz_0YUR930AMg8viWw
2024-11-30T22:01:50.623Z - Successfully translated location ChIJ6SVzyvQAzoUR5ZgcjlTdWtA
2024-11-30T22:01:51.077Z - Successfully translated location ChIJ6QmtgHAAzoUR8QvIhrm1vfA
2024-11-30T22:01:51.536Z - Successfully translated location ChIJ_6pkSM3-0YURDDaRslwM_0w
2024-11-30T22:01:51.980Z - Successfully translated location ChIJ6-mYhcH_0YURLjWlwMkTqAc
2024-11-30T22:01:52.429Z - Successfully translated location ChIJ-6vBJO340YURMQofbgt6j4M
2024-11-30T22:01:52.885Z - Successfully translated location ChIJ679sxOgB0oURm7Zl-v8T3ZI
2024-11-30T22:01:52.888Z - Completed batch. Total processed: 100
2024-11-30T22:01:55.555Z - Successfully translated location ChIJ7UMSHLYHzoUR1Qe2znDARqo
2024-11-30T22:01:56.005Z - Successfully translated location ChIJ7XGfMTH80YURGf6F9Lc-xks
2024-11-30T22:01:56.461Z - Successfully translated location ChIJ6YsZv_sd0oURYWt6xRKq8ZM
2024-11-30T22:01:56.908Z - Successfully translated location ChIJ73nzVwD_zYURDT9fhpRrmhs
2024-11-30T22:01:57.354Z - Successfully translated location ChIJ71r40sn90YURyyBJ46j3rlE
2024-11-30T22:01:57.801Z - Successfully translated location ChIJ72avqM0DzoURSOThSWv_BH0
2024-11-30T22:01:58.261Z - Successfully translated location ChIJ76w0iYgH0oURJUMCgzuq_Bs
2024-11-30T22:01:58.707Z - Successfully translated location ChIJ6ZnrVPT_0YURDafgXAlnO6s
2024-11-30T22:01:59.160Z - Successfully translated location ChIJ7Z_qrm350YUR2sU3U11fsrU
2024-11-30T22:01:59.663Z - Successfully translated location ChIJ7SNUb4z_0YURbfUjA-wzOSM
2024-11-30T22:01:59.665Z - Completed batch. Total processed: 110
2024-11-30T22:02:02.566Z - Successfully translated location ChIJ8_1X3w7_zYURU0uATHLTx_I
2024-11-30T22:02:03.010Z - Successfully translated location ChIJ83tEVNr_0YURu5F3vJMDIAc
2024-11-30T22:02:03.455Z - Successfully translated location ChIJ8R1MG4j80YURhg1QUP0xxZI
2024-11-30T22:02:03.901Z - Successfully translated location ChIJ-89vkK3_0YURX8ofiyWZXng
2024-11-30T22:02:04.345Z - Successfully translated location ChIJ-8RZdqwFzoUR2kEquFLmzv4
2024-11-30T22:02:04.789Z - Successfully translated location ChIJ8VqaJZQD0oUR2mzRWQU2CaM
2024-11-30T22:02:05.235Z - Successfully translated location ChIJ884Rcvb70YURBB1RwBPAIgg
2024-11-30T22:02:05.688Z - Successfully translated location ChIJ8-2XhJP_0YURyEOo1O4sUAc
2024-11-30T22:02:06.133Z - Successfully translated location ChIJ807mtr_x0YURvXPXSoQxRGc
2024-11-30T22:02:06.578Z - Successfully translated location ChIJ8-EMuhD50YURiOcy39suZCo
2024-11-30T22:02:06.581Z - Completed batch. Total processed: 120
2024-11-30T22:02:09.495Z - Successfully translated location ChIJ93GlO9UD0oUR6c1p-2NEEWM
2024-11-30T22:02:09.946Z - Successfully translated location ChIJ9997Fmf60YURdvgmwgbLi0Q
2024-11-30T22:02:10.396Z - Successfully translated location ChIJ90nqKecB0oURP-SJHo3_GKk
2024-11-30T22:02:10.843Z - Successfully translated location ChIJ8YilLIX70YURFbKK8pQpt5U
2024-11-30T22:02:11.290Z - Successfully translated location ChIJ9aTQgzr_0YURaua-0bHZiBQ
2024-11-30T22:02:11.742Z - Successfully translated location ChIJ9ac60rD_0YURl9Xs_y1eGMY
2024-11-30T22:02:12.197Z - Successfully translated location ChIJ99vJwjD_0YURCImM-UydYCQ
2024-11-30T22:02:12.652Z - Successfully translated location ChIJ8Wls0Y_-zYURTqBshe3uSGs
2024-11-30T22:02:13.102Z - Successfully translated location ChIJ8ZWV2cz-0YUR_dZtPvUaOPc
2024-11-30T22:02:13.551Z - Successfully translated location ChIJ9bEvGqkd0oURfrLDw2qoNbA
2024-11-30T22:02:13.552Z - Completed batch. Total processed: 130
2024-11-30T22:02:16.411Z - Successfully translated location ChIJ9S93HPEB0oUR8V1R-3TpC6w
2024-11-30T22:02:16.863Z - Successfully translated location ChIJ_a0Eopr40YUR2LidqNMLbTk
2024-11-30T22:02:17.327Z - Successfully translated location ChIJ9cCqaSr90YURPQ-mYnYLhGM
2024-11-30T22:02:17.773Z - Successfully translated location ChIJ9T1PaZob0oURFtsS9Md6F-Y
2024-11-30T22:02:18.240Z - Successfully translated location ChIJ9_WNr08AzoURGGkN_6Xmfy4
2024-11-30T22:02:18.695Z - Successfully translated location ChIJ9_mnXTH50YURh7my4joJ0qQ
2024-11-30T22:02:19.148Z - Successfully translated location ChIJ9cD_1cP30YURNsUyg6c10PA
2024-11-30T22:02:19.592Z - Successfully translated location ChIJ9VyRBXn30YUR4Av0CPuMT34
2024-11-30T22:02:20.039Z - Successfully translated location ChIJ9dC2SSr50YURbY8j7GyISTc
2024-11-30T22:02:20.491Z - Successfully translated location ChIJ9fDGfGX50YURK65yT33JM4w
2024-11-30T22:02:20.493Z - Completed batch. Total processed: 140
2024-11-30T22:02:23.348Z - Successfully translated location ChIJA8dOZwABzoURj7QG8Mkrsqs
2024-11-30T22:02:23.799Z - Successfully translated location ChIJA62SGbT_zYURF6KXLpjCsRA
2024-11-30T22:02:24.245Z - Successfully translated location ChIJA-7PelsDzoURALP8x8VXFZw
2024-11-30T22:02:24.695Z - Successfully translated location ChIJa7j1VPUAzoURSvL9QrjhUtw
2024-11-30T22:02:25.149Z - Successfully translated location ChIJA5mctML_0YURw3xoEYq41Y8
2024-11-30T22:02:25.605Z - Successfully translated location ChIJA7T-ZQABzoURatsyTJldqtE
2024-11-30T22:02:26.067Z - Successfully translated location ChIJA5JbKBP_0YURwu-725fB0zA
2024-11-30T22:02:26.514Z - Successfully translated location ChIJa4YdgjP50YURda1s8q-h8kQ
2024-11-30T22:02:26.966Z - Successfully translated location ChIJA80MOAwDzoUR8B5bVC8e_WA
2024-11-30T22:02:27.416Z - Successfully translated location ChIJa1IN43oC0oURl7AvrbZIeqo
2024-11-30T22:02:27.417Z - Completed batch. Total processed: 150
2024-11-30T22:02:30.265Z - Successfully translated location ChIJa_pPTL750YUREkIyrKLtvO8
2024-11-30T22:02:30.719Z - Successfully translated location ChIJadWJThz50YURyf2cqHzb6c8
2024-11-30T22:02:31.181Z - Successfully translated location ChIJAR10S_cDzoURCKlGF60jjWk
2024-11-30T22:02:31.717Z - Successfully translated location ChIJ-aAzbnH30YURKc-GPJkujUs
2024-11-30T22:02:32.164Z - Successfully translated location ChIJAdrT9QX-0YURIMz2hsyU3RY
2024-11-30T22:02:32.610Z - Successfully translated location ChIJab8RTxEA0oURmN2jcx408F4
2024-11-30T22:02:33.056Z - Successfully translated location ChIJAQAAMLMB0oURD_4FLwX5JUs
2024-11-30T22:02:33.500Z - Successfully translated location ChIJAa5eNVAd0oURD0n1Mcty_Os
2024-11-30T22:02:33.945Z - Successfully translated location ChIJAbok_8wB0oUR30u3-5j1g1U
2024-11-30T22:02:34.392Z - Successfully translated location ChIJA9hKxvn_0YURkEiE73k6_NA
2024-11-30T22:02:34.393Z - Completed batch. Total processed: 160
2024-11-30T22:02:37.278Z - Successfully translated location ChIJaWoOO9fx0YURiO3DUUBMUoM
2024-11-30T22:02:37.728Z - Successfully translated location ChIJaRBlUP4C0oURiCyh2UakV08
2024-11-30T22:02:38.179Z - Successfully translated location ChIJaS5RXtj-0YURjFjbyv425GQ
2024-11-30T22:02:38.628Z - Successfully translated location ChIJAw6NOEX_0YURAWGp5-IvJXk
2024-11-30T22:02:39.076Z - Successfully translated location ChIJAWEeXcn-0YURT9zbe9cSLn0
2024-11-30T22:02:39.520Z - Successfully translated location ChIJAwOThp75zYUR0lBUTwEyF6Y
2024-11-30T22:02:39.971Z - Successfully translated location ChIJAwSmFJYBzoURH-p2iZpRk08
2024-11-30T22:02:40.423Z - Successfully translated location ChIJARhtetT50YUROx0Wnm_gkkU
2024-11-30T22:02:40.878Z - Successfully translated location ChIJAUxhLtUDzoUR4NmN-yRR26M
2024-11-30T22:02:41.326Z - Successfully translated location ChIJAW6mReEB0oURfai5Fj_zJO8
2024-11-30T22:02:41.328Z - Completed batch. Total processed: 170
2024-11-30T22:02:44.005Z - Successfully translated location ChIJAzkyfsIDzoURLvDXZaDllPM
2024-11-30T22:02:44.456Z - Successfully translated location ChIJAz9rMAABzoURA7LXyGVaZBA
2024-11-30T22:02:44.901Z - Successfully translated location ChIJaZm8J7_50YURFBwLkPyv_as
2024-11-30T22:02:45.347Z - Successfully translated location ChIJayqiWQAD0oURtICZK_F107M
2024-11-30T22:02:45.792Z - Successfully translated location ChIJAxwYHm8BzoUR0zxGV436T8I
2024-11-30T22:02:46.237Z - Successfully translated location ChIJAxmhebED0oURx0djYPOR6cU
2024-11-30T22:02:46.682Z - Successfully translated location ChIJayBdMbr-0YURQDqM2VyFNc0
2024-11-30T22:02:47.217Z - Successfully translated location ChIJAwtiA4v-0YURSNdeI-NXibg
2024-11-30T22:02:47.664Z - Successfully translated location ChIJazaSh-n5zYURx6Kp-fx2EvI
2024-11-30T22:02:48.112Z - Successfully translated location ChIJAZuvG3kC0oURZpwgpzgYgp4
2024-11-30T22:02:48.116Z - Completed batch. Total processed: 180
2024-11-30T22:02:50.989Z - Successfully translated location ChIJb5CHvWwC0oURZThZWCeFWIs
2024-11-30T22:02:51.433Z - Successfully translated location ChIJBbNRYI7-0YURkqdKRRH1VM0
2024-11-30T22:02:51.878Z - Successfully translated location ChIJb4SC-U7_0YUR2BELt3Jz6m0
2024-11-30T22:02:52.325Z - Successfully translated location ChIJB7HjNwAd0oURSJUK6YREMhg
2024-11-30T22:02:52.787Z - Successfully translated location ChIJBdi1Ql4AzoURfbWo_SzdUwQ
2024-11-30T22:02:53.235Z - Successfully translated location ChIJB70mh3z_zYURwuvgk4fejDQ
2024-11-30T22:02:53.685Z - Successfully translated location ChIJB-AzoNH-0YURZryH2uWPzQ8
2024-11-30T22:02:54.146Z - Successfully translated location ChIJB7I09Fr_0YUR5fvenGABiFA
2024-11-30T22:02:54.595Z - Successfully translated location ChIJbcYN3Eb_0YURVSjT7eaVnu0
2024-11-30T22:02:55.044Z - Successfully translated location ChIJb8brj_n_0YURP6P7j8_u4J0
2024-11-30T22:02:55.054Z - Completed batch. Total processed: 190
2024-11-30T22:02:57.787Z - Successfully translated location ChIJbUPBwwrx0YUR8hQwdG7t47I
2024-11-30T22:02:58.228Z - Successfully translated location ChIJBXTiMZAD0oURRaTiVANHDFk
2024-11-30T22:02:58.674Z - Successfully translated location ChIJbY707-b90YURNeWoLzqy-KI
2024-11-30T22:02:59.119Z - Successfully translated location ChIJBQCsOjIAzoURSod0xTE-q0g
2024-11-30T22:02:59.565Z - Successfully translated location ChIJBQoCWLT50YURniAdkQyP204
2024-11-30T22:03:00.012Z - Successfully translated location ChIJBRyzT0f_0YURlPyodD3o94A
2024-11-30T22:03:00.460Z - Successfully translated location ChIJbSWQ03r90YURaPWYMbVf0LQ
2024-11-30T22:03:00.909Z - Successfully translated location ChIJbSOWF74H0oUR7jPNwEm6-tk
2024-11-30T22:03:01.351Z - Successfully translated location ChIJ_bDnDWb30YURvyiIdMKBSng
2024-11-30T22:03:01.798Z - Successfully translated location ChIJbU2eV4P_0YURBPZef1PTCtM
2024-11-30T22:03:01.800Z - Completed batch. Total processed: 200
2024-11-30T22:03:04.702Z - Successfully translated location ChIJc8BabPwD0oURvlJrx_lo5bE
2024-11-30T22:03:05.149Z - Successfully translated location ChIJCcOMNAAb0oURgyoPJjWt19M
2024-11-30T22:03:05.598Z - Successfully translated location ChIJ_bZeGQABzoURkU_LMEoUOkY
2024-11-30T22:03:06.048Z - Successfully translated location ChIJc8BdvUL80YURwLWegCFnRZc
2024-11-30T22:03:06.495Z - Successfully translated location ChIJc3z1YQIAzoUR1iX1EalUEPc
2024-11-30T22:03:06.936Z - Successfully translated location ChIJC1iKBgEC0oURc6gSScA8Cd8
2024-11-30T22:03:07.383Z - Successfully translated location ChIJc0bF1Pn_0YURF6J3xq9TFJE
2024-11-30T22:03:07.828Z - Successfully translated location ChIJc4bqHiL50YURh_KFUYgcIYs
2024-11-30T22:03:08.272Z - Successfully translated location ChIJC6AwnDP_0YURAv2Rda0Inio
2024-11-30T22:03:08.718Z - Successfully translated location ChIJc5iJQeX_0YURi8rtgHnJ3ko
2024-11-30T22:03:08.722Z - Completed batch. Total processed: 210
2024-11-30T22:03:11.362Z - Successfully translated location ChIJcfncPhgH0oURjXNtbAa2t1U
2024-11-30T22:03:11.808Z - Successfully translated location ChIJC_THVEAA0oURqFM4BBjV85c
2024-11-30T22:03:12.253Z - Successfully translated location ChIJCdXyJtj90YURIMzw0VQ_0EU
2024-11-30T22:03:12.704Z - Successfully translated location ChIJcQayEpn_zYURKeKvPrL2h1E
2024-11-30T22:03:13.147Z - Successfully translated location ChIJcWXZ-3gC0oURN9gUz2Tn1Ns
2024-11-30T22:03:13.591Z - Successfully translated location ChIJ_cjrdUEC0oURrzNuSExiBNg
2024-11-30T22:03:14.038Z - Successfully translated location ChIJCWUvP1z90YURKAIDP2EQC40
2024-11-30T22:03:14.486Z - Successfully translated location ChIJCT06bhoC0oURszwDTCLicpM
2024-11-30T22:03:14.932Z - Successfully translated location ChIJCUc6tZ7_0YUR4bGhHGUQj-s
2024-11-30T22:03:15.379Z - Successfully translated location ChIJCWP4wE0B0oUR7x7vhrQF9Fo
2024-11-30T22:03:15.381Z - Completed batch. Total processed: 220
2024-11-30T22:03:18.657Z - Successfully translated location ChIJcysQv4gH0oUR-keQY7uR9_E
2024-11-30T22:03:19.102Z - Successfully translated location ChIJCXDVeOf_zYURZJhLjJkoOpA
2024-11-30T22:03:19.559Z - Successfully translated location ChIJcyfG1Er60YURa5vm9STb0Ao
2024-11-30T22:03:20.004Z - Successfully translated location ChIJCZcDeQADzoURoyxhL9LKi9c
2024-11-30T22:03:20.450Z - Successfully translated location ChIJczpRreMC0oURp3Bt-gXHJPo
2024-11-30T22:03:20.889Z - Successfully translated location ChIJcYFJtHD-zYURMX_EQ5Vja4E
2024-11-30T22:03:21.334Z - Successfully translated location ChIJCxVPMPH70YURJo_Bqqjl6ME
2024-11-30T22:03:21.780Z - Successfully translated location ChIJczjP3ur4zYURwyJ9oggqxOg
2024-11-30T22:03:22.231Z - Successfully translated location ChIJcyHgF0b-0YURNvIjEXzHFHQ
2024-11-30T22:03:22.682Z - Successfully translated location ChIJCzMxKLv90YURFjEQySHlVlY
2024-11-30T22:03:22.684Z - Completed batch. Total processed: 230
2024-11-30T22:03:25.658Z - Successfully translated location ChIJD53k8VcDzoURf9NIvfei0Ys
2024-11-30T22:03:26.129Z - Successfully translated location ChIJD0MRGK39zYURyqJ2MRWgHAk
2024-11-30T22:03:26.572Z - Successfully translated location ChIJDa5z1Rf50YURdLU1g6aKYBU
2024-11-30T22:03:27.021Z - Successfully translated location ChIJD5xlpfr_0YURzRIpMYPobcQ
2024-11-30T22:03:27.472Z - Successfully translated location ChIJd25Lcsz_0YURIBM1lxVsRwM
2024-11-30T22:03:27.920Z - Successfully translated location ChIJd9Q8dBb_0YURQ0KlhkGDpRU
2024-11-30T22:03:28.366Z - Successfully translated location ChIJdaArK4MFzoURsDk4wsJnsHE
2024-11-30T22:03:28.811Z - Successfully translated location ChIJD_4SqPcH0oURa0pEw3Wj9uY
2024-11-30T22:03:29.254Z - Successfully translated location ChIJD1zqiGoAzoURqJSlAOD5zAM
2024-11-30T22:03:29.705Z - Successfully translated location ChIJd1746375zYURjp51YDQpO2M
2024-11-30T22:03:29.707Z - Completed batch. Total processed: 240
2024-11-30T22:03:32.307Z - Successfully translated location ChIJD-SwdfH9zYURoDVMfQ769HM
2024-11-30T22:03:32.772Z - Successfully translated location ChIJDcfctBkBzoUR3UpHdmk3jOA
2024-11-30T22:03:33.216Z - Successfully translated location ChIJdfCSsSPx0YURdxN1GpI979M
2024-11-30T22:03:33.757Z - Successfully translated location ChIJDQuuqAYF0oURsPzBE5wTgDQ
2024-11-30T22:03:34.202Z - Successfully translated location ChIJ-dDMLXL_0YURFiY0wnexgNw
2024-11-30T22:03:34.645Z - Successfully translated location ChIJDTVgghkC0oURsra34pUGt84
2024-11-30T22:03:35.096Z - Successfully translated location ChIJdakpBW3w0YURcZEqc8z7Kzc
2024-11-30T22:03:35.553Z - Successfully translated location ChIJdVpROhj80YUREfRXD8MDYIU
2024-11-30T22:03:35.998Z - Successfully translated location ChIJddqZ8xodzoURzdFlU517HgY
2024-11-30T22:03:36.453Z - Successfully translated location ChIJdauHcy__0YUR--QGJ2RUhsc
2024-11-30T22:03:36.456Z - Completed batch. Total processed: 250
2024-11-30T22:03:39.073Z - Successfully translated location ChIJdWfdi-UDzoURtqeS89C5-ek
2024-11-30T22:03:39.524Z - Successfully translated location ChIJDZuwguL50YURKElZkaQ4Cag
2024-11-30T22:03:39.972Z - Successfully translated location ChIJDY1XcAAD0oURglRqJzLwlq4
2024-11-30T22:03:40.428Z - Successfully translated location ChIJdWLrWFb-0YURznQFIn8NdOk
2024-11-30T22:03:40.876Z - Successfully translated location ChIJDxH2OTP50YURh7Lp438zrIg
2024-11-30T22:03:41.327Z - Successfully translated location ChIJDVzWwPIB0oURR5i2oxIUhPI
2024-11-30T22:03:41.783Z - Successfully translated location ChIJdYcEGqri0YURQ2wO8JbThGw
2024-11-30T22:03:42.260Z - Successfully translated location ChIJDXgWU_f-zYURk5UkHprzUFc
2024-11-30T22:03:42.712Z - Successfully translated location ChIJDwWAPZkBzoURQiJyeEdfGtg
2024-11-30T22:03:43.162Z - Successfully translated location ChIJDyVqpOEB0oURU3r1WNxPXlo
2024-11-30T22:03:43.166Z - Completed batch. Total processed: 260
2024-11-30T22:03:46.035Z - Successfully translated location ChIJE3XPDyj90YURPycqK0EUnxU
2024-11-30T22:03:46.486Z - Successfully translated location ChIJEaNZmzIB0oURI5MzWHyPZDI
2024-11-30T22:03:46.941Z - Successfully translated location ChIJEa1A3wj50YURsh5C9ejCmLM
2024-11-30T22:03:47.390Z - Successfully translated location ChIJE6V1Y8MB0oURXujK55jB_Ts
2024-11-30T22:03:47.940Z - Successfully translated location ChIJe9tntaX90YURaLsjp1oi04o
2024-11-30T22:03:48.392Z - Successfully translated location ChIJefo0bW390YUR2mQ_K4BfLhc
2024-11-30T22:03:48.940Z - Successfully translated location ChIJEcaoKrn_0YURbC4EiWkomtQ
2024-11-30T22:03:49.396Z - Successfully translated location ChIJeRfbmab50YURhy4yH1ofUKo
2024-11-30T22:03:49.840Z - Successfully translated location ChIJe5D-DdT-0YURQGGka-Vd-NE
2024-11-30T22:03:50.285Z - Successfully translated location ChIJe-MDIPT_zYURTR9m6hbVPUg
2024-11-30T22:03:50.287Z - Completed batch. Total processed: 270
2024-11-30T22:03:53.019Z - Successfully translated location ChIJeRfpAyEHzoURPYfweTZ0caU
2024-11-30T22:03:53.471Z - Successfully translated location ChIJeTYmi9sdzoURkq_VIX1DRtA
2024-11-30T22:03:53.915Z - Successfully translated location ChIJeYLOZMT_0YURFEhp2ubb43c
2024-11-30T22:03:54.364Z - Successfully translated location ChIJeYCyoS3_zYURzyHJVAaQHlc
2024-11-30T22:03:54.810Z - Successfully translated location ChIJewYUqQEA0oURZz2YNZAvENw
2024-11-30T22:03:55.261Z - Successfully translated location ChIJeYNfW7H50YURagxRTNJy_iE
2024-11-30T22:03:55.707Z - Successfully translated location ChIJEwJq2rz_0YURNU35weZX9xI
2024-11-30T22:03:56.167Z - Successfully translated location ChIJeW6jCzr5zYUR5BYKjugo1JM
2024-11-30T22:03:56.612Z - Successfully translated location ChIJeyStGpv_0YUR14k5uj9gkeY
2024-11-30T22:03:57.064Z - Successfully translated location ChIJeWWEgUb50YURbP3qTf2xST0
2024-11-30T22:03:57.067Z - Completed batch. Total processed: 280
2024-11-30T22:03:59.961Z - Successfully translated location ChIJF3QB1Kbx0YUR3mXOoJxziho
2024-11-30T22:04:00.412Z - Successfully translated location ChIJf0Hz0PYD0oURsMQw6CIHcU4
2024-11-30T22:04:00.878Z - Successfully translated location ChIJeY-WiFL-0YUR2zz7iwrunFs
2024-11-30T22:04:01.332Z - Successfully translated location ChIJf2B-j5AD0oURXvysF7NJKc0
2024-11-30T22:04:01.776Z - Successfully translated location ChIJEZ-R7AMA0oUR5zFQVPep0mw
2024-11-30T22:04:02.224Z - Successfully translated location ChIJE-z088wBzoURBQC1jpv8UXc
2024-11-30T22:04:02.678Z - Successfully translated location ChIJF2PwVib90YURGAaSNjC_Aw8
2024-11-30T22:04:03.141Z - Successfully translated location ChIJF01h_L4H0oURXjGAR5ZaReo
2024-11-30T22:04:03.589Z - Successfully translated location ChIJF5cFefgB0oURmsC_YnK-shQ
2024-11-30T22:04:04.124Z - Successfully translated location ChIJF5YvS2L_0YURZeUoewaOfbM
2024-11-30T22:04:04.126Z - Completed batch. Total processed: 290
2024-11-30T22:04:06.822Z - Successfully translated location ChIJfcOcEgD30YURLQlkn3BIy-M
2024-11-30T22:04:07.270Z - Successfully translated location ChIJFcENofoBzoURCN6lP0FcFBE
2024-11-30T22:04:07.718Z - Successfully translated location ChIJF9gWaTL-zYURrhJRUPdJsws
2024-11-30T22:04:08.168Z - Successfully translated location ChIJF98FO0P80YURv0akk3eCre8
2024-11-30T22:04:08.615Z - Successfully translated location ChIJFdCPK3b40YURt-tC6-PuprM
2024-11-30T22:04:09.065Z - Successfully translated location ChIJf9dJJjEHzoURuFOpWhYVLfs
2024-11-30T22:04:09.548Z - Successfully translated location ChIJfbh7n-wAzoUR_01cb8dfSmw
2024-11-30T22:04:10.011Z - Successfully translated location ChIJfaYqAnQd0oURa8yYSHP4R5k
2024-11-30T22:04:10.462Z - Successfully translated location ChIJF6eQA9b-zYURuxEMUZTwmms
2024-11-30T22:04:10.905Z - Successfully translated location ChIJfbxVhjL_0YURCiDlh4xnSpM
2024-11-30T22:04:10.906Z - Completed batch. Total processed: 300
2024-11-30T22:04:13.708Z - Successfully translated location ChIJfTnqBGL30YUR4uy9WTKWv5Y
2024-11-30T22:04:14.154Z - Successfully translated location ChIJfUht5qcB0oURDXpXYhcX4lU
2024-11-30T22:04:14.602Z - Successfully translated location ChIJfRpE_zsDzoURxcfnKQARufc
2024-11-30T22:04:15.069Z - Successfully translated location ChIJFRiE5RL50YURK7Fh7qIbPtM
2024-11-30T22:04:15.532Z - Successfully translated location ChIJfXSaHgDx0YURAwKP4Q2QTvE
2024-11-30T22:04:15.972Z - Successfully translated location ChIJFWh6wH8BzoURoQOnEb8QEaM
2024-11-30T22:04:16.439Z - Successfully translated location ChIJFTJWo_cB0oURIpDYOZ2njk8
2024-11-30T22:04:16.895Z - Successfully translated location ChIJFXjQ5uEB0oURq_9OSpyeMoo
2024-11-30T22:04:17.339Z - Successfully translated location ChIJf-s2RUL_zYURXQJHBbVc4ck
2024-11-30T22:04:17.785Z - Successfully translated location ChIJFUDnw_n_0YURXvVExVsHl0o
2024-11-30T22:04:17.789Z - Completed batch. Total processed: 310
2024-11-30T22:04:20.956Z - Successfully translated location ChIJG2cMID3_zYURRoUDaQRq8wQ
2024-11-30T22:04:21.476Z - Successfully translated location ChIJFZ-6Z7X-0YUR5-hNGnvn2To
2024-11-30T22:04:21.923Z - Successfully translated location ChIJfyWh0FUB0oURWtRqjwsmGfo
2024-11-30T22:04:22.369Z - Successfully translated location ChIJg2XmytP90YURsR8xxbVll9s
2024-11-30T22:04:22.818Z - Successfully translated location ChIJFYJj0jwA0oURWZQ_Rkhu-FE
2024-11-30T22:04:23.270Z - Successfully translated location ChIJFy_m_2780YURop0ZT_3j0-8
2024-11-30T22:04:23.721Z - Successfully translated location ChIJfyTtXycC0oURKCmNVPKJYV8
2024-11-30T22:04:24.168Z - Successfully translated location ChIJg1lZZG4A0oURd3MELmfsDLM
2024-11-30T22:04:24.650Z - Successfully translated location ChIJG5SAVJ750YUR609N24j2tIU
2024-11-30T22:04:25.112Z - Successfully translated location ChIJFYKyQb340YURHT8x2f3RMzw
2024-11-30T22:04:25.115Z - Completed batch. Total processed: 320
2024-11-30T22:04:27.926Z - Successfully translated location ChIJGcvCBgADzoURnX9whfkjZB8
2024-11-30T22:04:28.382Z - Successfully translated location ChIJgbKFQB330YURTC4NJ5rBgnk
2024-11-30T22:04:28.830Z - Successfully translated location ChIJGcX84iD50YUROgjvzjMf5dY
2024-11-30T22:04:29.282Z - Successfully translated location ChIJG6lqV2EC0oURdnirWKSJN2Y
2024-11-30T22:04:29.725Z - Successfully translated location ChIJG8CKRfr50YURjLQENbWzj1Y
2024-11-30T22:04:30.174Z - Successfully translated location ChIJG97J8zIB0oURMJiOzHvOCls
2024-11-30T22:04:30.618Z - Successfully translated location ChIJgbpKCSf_0YURyWp4d_8unS8
2024-11-30T22:04:31.067Z - Successfully translated location ChIJG5xihCQA0oURcZL-oFhK7zk
2024-11-30T22:04:31.561Z - Successfully translated location ChIJgcZCTmsA0oURVfilITz2nhY
2024-11-30T22:04:32.008Z - Successfully translated location ChIJgbrlxmL5zYURjgL0rqzuPS0
2024-11-30T22:04:32.013Z - Completed batch. Total processed: 330
2024-11-30T22:04:34.941Z - Successfully translated location ChIJGR9ALgD5zYURRZYdKE0upxU
2024-11-30T22:04:35.397Z - Successfully translated location ChIJGR-EF4L30YURHIUMSGK6uJM
2024-11-30T22:04:35.852Z - Successfully translated location ChIJgRP2wvgBzoURiLn_airCI9A
2024-11-30T22:04:36.293Z - Successfully translated location ChIJGR3YBFj_0YURWGEHZ1rH-9M
2024-11-30T22:04:36.744Z - Successfully translated location ChIJGTETmFj_0YUR6RI0bD8t8LU
2024-11-30T22:04:37.190Z - Successfully translated location ChIJGRwMH80D0oURa9DY0psAQJM
2024-11-30T22:04:37.644Z - Successfully translated location ChIJGejuV8b_0YUR8n8674zMxRA
2024-11-30T22:04:38.095Z - Successfully translated location ChIJGfAEDtf50YURjbMXREE2gGw
2024-11-30T22:04:38.538Z - Successfully translated location ChIJGfSjXjL-0YURp14nFKJ3zCM
2024-11-30T22:04:38.983Z - Successfully translated location ChIJgd37MPUAzoURXFDzxHsSOH0
2024-11-30T22:04:38.985Z - Completed batch. Total processed: 340
2024-11-30T22:04:41.969Z - Successfully translated location ChIJgZFPMXwD0oUROb-2Q9YiCas
2024-11-30T22:04:42.427Z - Successfully translated location ChIJGwMxMOL40YUR_EVnjuLlDzk
2024-11-30T22:04:42.876Z - Successfully translated location ChIJGV813cQBzoURezeSv1hsBxs
2024-11-30T22:04:43.328Z - Successfully translated location ChIJGy3sxab70YURXy8t-O3Rnv0
2024-11-30T22:04:43.779Z - Successfully translated location ChIJGUpVra8DzoUR6rNrXgx9m_E
2024-11-30T22:04:44.224Z - Successfully translated location ChIJgYNqTY7x0YUR0uEGi7Plg4k
2024-11-30T22:04:44.677Z - Successfully translated location ChIJGykx_qLx0YURJNsUU2rodns
2024-11-30T22:04:45.127Z - Successfully translated location ChIJGZFPH7YA0oUR0s5BIBOhGus
2024-11-30T22:04:45.583Z - Successfully translated location ChIJG_ytk8H70YUR_gOGciXfVZQ
2024-11-30T22:04:46.030Z - Successfully translated location ChIJGz3Epb0BzoUR1LJ8CfCO6TY
2024-11-30T22:04:46.033Z - Completed batch. Total processed: 350
2024-11-30T22:04:48.819Z - Successfully translated location ChIJH3xQKecDzoURbya8Iabv2fc
2024-11-30T22:04:49.269Z - Successfully translated location ChIJh48TeZsBzoURAzOrQ37YUU0
2024-11-30T22:04:49.739Z - Successfully translated location ChIJh1mQzWT_zYURSfqFmvadPHg
2024-11-30T22:04:50.283Z - Successfully translated location ChIJH7ULyAQA0oURsW62EobNBCE
2024-11-30T22:04:50.733Z - Successfully translated location ChIJH8IlcbYF0oUReIC-ZzWUQHI
2024-11-30T22:04:51.186Z - Successfully translated location ChIJH3x1xy750YUR90qP2ipcKeQ
2024-11-30T22:04:51.665Z - Successfully translated location ChIJh9XuegMBzoURZef90WljQxs
2024-11-30T22:04:52.118Z - Successfully translated location ChIJGZTVlcn_zYURRZxrmu06Qto
2024-11-30T22:04:52.579Z - Successfully translated location ChIJh5if0FD-0YURZiN5sgxxReU
2024-11-30T22:04:53.024Z - Successfully translated location ChIJh1zVR_UAzoUR-b6mWULWfXM
2024-11-30T22:04:53.026Z - Completed batch. Total processed: 360
2024-11-30T22:04:56.078Z - Successfully translated location ChIJHU5M35X90YUR0jZn2XDKd7U
2024-11-30T22:04:56.528Z - Successfully translated location ChIJh-r4KwADzoURpjAVEdf0-SM
2024-11-30T22:04:56.982Z - Successfully translated location ChIJHdfB_kAH0oURjaXqCnc9tcU
2024-11-30T22:04:57.427Z - Successfully translated location ChIJHf9Dw9_x0YURHpJh5vg37ho
2024-11-30T22:04:57.878Z - Successfully translated location ChIJHUMfYOcc0oURQnCEd9UDaNY
2024-11-30T22:04:58.331Z - Successfully translated location ChIJHSAhfnAAzoURSQyJUPspwX0
2024-11-30T22:04:58.782Z - Successfully translated location ChIJh-KVKdz-0YUR0B98L86KKQ0
2024-11-30T22:04:59.234Z - Successfully translated location ChIJHUKMb0H50YURpGwnWn_bbtg
2024-11-30T22:04:59.674Z - Successfully translated location ChIJHUFtNnf_0YURvGacyULQGvw
2024-11-30T22:05:00.126Z - Successfully translated location ChIJhcDbvm4D0oURnurwgin-tnQ
2024-11-30T22:05:00.127Z - Completed batch. Total processed: 370
2024-11-30T22:05:03.193Z - Successfully translated location ChIJHZ_Hqk790YURP8VlVjZA6hY
2024-11-30T22:05:03.640Z - Successfully translated location ChIJHy11T4T50YURrBx6Q9Fpcbs
2024-11-30T22:05:04.086Z - Successfully translated location ChIJi_7Puvr90YURSPz0x5AZ9EY
2024-11-30T22:05:04.538Z - Successfully translated location ChIJHwciRdL40YURIAzMPd3G_SA
2024-11-30T22:05:05.000Z - Successfully translated location ChIJHVWUnXv_0YURqPTYRof2aro
2024-11-30T22:05:05.550Z - Successfully translated location ChIJI5J-r1r50YURM7NmDXm3IJo
2024-11-30T22:05:06.009Z - Successfully translated location ChIJI4_tR83-0YURMouBJIUA4KY
2024-11-30T22:05:06.462Z - Successfully translated location ChIJI4_tR83-0YURwk0tscoXHrI
2024-11-30T22:05:06.922Z - Successfully translated location ChIJI_2SZf7-0YURiupe_g1uGEE
2024-11-30T22:05:07.381Z - Successfully translated location ChIJhZtL4Yb_0YURtR8RljTZ4n4
2024-11-30T22:05:07.384Z - Completed batch. Total processed: 380
2024-11-30T22:05:10.319Z - Successfully translated location ChIJi8sU0CLx0YURbuC3hgTKhWQ
2024-11-30T22:05:10.771Z - Successfully translated location ChIJi_jvfRn50YURtVhstzEu8k0
2024-11-30T22:05:11.230Z - Successfully translated location ChIJI_iy0m0DzoURIQ1bLYn3r9s
2024-11-30T22:05:11.684Z - Successfully translated location ChIJi_M5ohX80YUR2fRQok-nK5Q
2024-11-30T22:05:12.129Z - Successfully translated location ChIJicnbC9AB0oUR4p0YR80VLZU
2024-11-30T22:05:12.596Z - Successfully translated location ChIJieiPY2340YUR2YlzLQjGSE4
2024-11-30T22:05:13.055Z - Successfully translated location ChIJi-9OPvUAzoURsPRISwoTZ3I
2024-11-30T22:05:13.505Z - Successfully translated location ChIJIeTkB3gBzoURpYknf2jyyQE
2024-11-30T22:05:13.951Z - Successfully translated location ChIJibF6Okf9zYUR-kdnSmIVFes
2024-11-30T22:05:14.400Z - Successfully translated location ChIJidgQNcYCzoURZmuIejJ7bZs
2024-11-30T22:05:14.402Z - Completed batch. Total processed: 390
2024-11-30T22:05:17.600Z - Successfully translated location ChIJIUkv9Iz9zYURbGM736W1sxg
2024-11-30T22:05:18.055Z - Successfully translated location ChIJIRoUsdz_0YURX84VhI3hHVs
2024-11-30T22:05:18.499Z - Successfully translated location ChIJiW-1vUMbzoURq6gWjZfx96I
2024-11-30T22:05:18.946Z - Successfully translated location ChIJizvGV_8AzoUR8BxvBDERHKI
2024-11-30T22:05:19.398Z - Successfully translated location ChIJIz2jfSP50YURNjvHtw5vIiQ
2024-11-30T22:05:19.845Z - Successfully translated location ChIJiSWoesX-0YURk2ve_iP_g70
2024-11-30T22:05:20.301Z - Successfully translated location ChIJIQB7f7j90YURSBdAvvrzY5U
2024-11-30T22:05:20.882Z - Successfully translated location ChIJISgmFO390YURi3FosT2CnOM
2024-11-30T22:05:21.337Z - Successfully translated location ChIJIRo9WdX-0YUR8SAxEJ2aSHU
2024-11-30T22:05:21.787Z - Successfully translated location ChIJiVinnRb-0YUR45ZopYoaE5I
2024-11-30T22:05:21.796Z - Completed batch. Total processed: 400
2024-11-30T22:05:24.676Z - Successfully translated location ChIJJ7f3J8z80YURwwYxCsMbajI
2024-11-30T22:05:25.133Z - Successfully translated location ChIJJ2jgVHMBzoUR7MSrvEwVwFM
2024-11-30T22:05:25.588Z - Successfully translated location ChIJJ7CbK3wB0oURZLLlYcE67dU
2024-11-30T22:05:26.042Z - Successfully translated location ChIJj95GZVIezoURIOey7T9gfk0
2024-11-30T22:05:26.491Z - Successfully translated location ChIJJ7kjIGD_0YUReCkUcGrE3R8
2024-11-30T22:05:26.947Z - Successfully translated location ChIJj69pZMD50YUR9Ttmm2PV3oQ
2024-11-30T22:05:27.400Z - Successfully translated location ChIJj5ibeSAFzoURmF8LnyFBNmE
2024-11-30T22:05:27.845Z - Successfully translated location ChIJja3Hhvvx0YURwBK5M0DYPrw
2024-11-30T22:05:28.290Z - Successfully translated location ChIJJ9Oad8b70YURJUmYUS4eVaU
2024-11-30T22:05:28.754Z - Successfully translated location ChIJj7QDYxj_zYUR3m_-uZ6Tvt0
2024-11-30T22:05:28.758Z - Completed batch. Total processed: 410
2024-11-30T22:05:31.546Z - Successfully translated location ChIJjTLB-bn5zYURH4SQFFxefgU
2024-11-30T22:05:31.993Z - Successfully translated location ChIJJR9g1OX_zYURjSeEyYnPX_0
2024-11-30T22:05:32.454Z - Successfully translated location ChIJjcFE2hr50YURPnhoNIZIuO4
2024-11-30T22:05:32.908Z - Successfully translated location ChIJjWdn2B350YURGwbS7cWXOhk
2024-11-30T22:05:33.359Z - Successfully translated location ChIJjb0pP0cD0oURRBXvHgC6Z4w
2024-11-30T22:05:33.805Z - Successfully translated location ChIJJeV299r_0YURAWwYCP9ev60
2024-11-30T22:05:34.251Z - Successfully translated location ChIJJWiihdcBzoURpiViKJXtPts
2024-11-30T22:05:34.698Z - Successfully translated location ChIJJ-tKP9n40YURp5pHADS1W0g
2024-11-30T22:05:35.146Z - Successfully translated location ChIJJc1r73sAzoUR4XhNLSBwwg0
2024-11-30T22:05:35.602Z - Successfully translated location ChIJJaIaXcP_0YURnNXIUZIw_mA
2024-11-30T22:05:35.604Z - Completed batch. Total processed: 420
2024-11-30T22:05:38.548Z - Successfully translated location ChIJK2dLhp3_0YURVA5ZL47rtfo
2024-11-30T22:05:39.012Z - Successfully translated location ChIJk2ukA-H_0YUR3YxkqCQBVvo
2024-11-30T22:05:39.463Z - Successfully translated location ChIJk0N4IwDx0YUR5PFtUBOa8VM
2024-11-30T22:05:39.922Z - Successfully translated location ChIJjZkIo1n50YURjEhXrMxK7ps
2024-11-30T22:05:40.367Z - Successfully translated location ChIJjwtLuMUDzoURgFl2PlXk0NM
2024-11-30T22:05:40.819Z - Successfully translated location ChIJJYzT9TP_0YURNtpwNArG8OE
2024-11-30T22:05:41.274Z - Successfully translated location ChIJjZNvefX50YUR21eyVSVLqLY
2024-11-30T22:05:41.737Z - Successfully translated location ChIJJWRNjSkd0oURn2Szp5Qfots
2024-11-30T22:05:42.181Z - Successfully translated location ChIJK6cqaZz50YURziuvZ5wHZPg
2024-11-30T22:05:42.638Z - Successfully translated location ChIJK033Xc0DzoURJGCKU682DYs
2024-11-30T22:05:42.641Z - Completed batch. Total processed: 430
2024-11-30T22:05:45.333Z - Successfully translated location ChIJKQ8CkhEFzoURSoUrA4U-JxE
2024-11-30T22:05:45.798Z - Successfully translated location ChIJK8qobvIDzoURR0vBljlIs-I
2024-11-30T22:05:46.242Z - Successfully translated location ChIJKbnIQ6gH0oURHywO98aLC3U
2024-11-30T22:05:46.689Z - Successfully translated location ChIJk_f3Qvb70YURcoYyeS4JKcc
2024-11-30T22:05:47.142Z - Successfully translated location ChIJK-aKkLMdzoURIIA1HjOdZS4
2024-11-30T22:05:47.591Z - Successfully translated location ChIJKdE3HAD30YURYoGWn0Fuyvc
2024-11-30T22:05:48.036Z - Successfully translated location ChIJKbxWu_wDzoURkpPvQVCkUkw
2024-11-30T22:05:48.485Z - Successfully translated location ChIJKTdl5fgDzoUR7-PuVI8sMCs
2024-11-30T22:05:48.961Z - Successfully translated location ChIJKSa9_8v_0YUR9u1wSQDi-X0
2024-11-30T22:05:49.414Z - Successfully translated location ChIJke8daDb_0YUR9T-ueTlHy_8
2024-11-30T22:05:49.416Z - Completed batch. Total processed: 440
2024-11-30T22:05:52.189Z - Successfully translated location ChIJkwEi0zD_0YURNcemgv_3-Wc
2024-11-30T22:05:52.740Z - Successfully translated location ChIJkwLn1rj7zYUR0xsOfYJGUIs
2024-11-30T22:05:53.199Z - Successfully translated location ChIJkywy7O770YURf5Y5klGACPw
2024-11-30T22:05:53.649Z - Successfully translated location ChIJkVJIc5sFzoURcUZVPyY3Yvc
2024-11-30T22:05:54.091Z - Successfully translated location ChIJkWmF0FoDzoURPta5uDvBu2o
2024-11-30T22:05:54.543Z - Successfully translated location ChIJkxTY32od0oURvZa_DzajCm0
2024-11-30T22:05:54.993Z - Successfully translated location ChIJkTWLbvkDzoURMoTKaekOPkA
2024-11-30T22:05:55.456Z - Successfully translated location ChIJkz3zDlv50YUR3IsEkkCcNrc
2024-11-30T22:05:55.902Z - Successfully translated location ChIJKyKJaG7-0YURtitTdAKlgy4
2024-11-30T22:05:56.350Z - Successfully translated location ChIJL0UaXyv50YURNyz05p6HsQg
2024-11-30T22:05:56.351Z - Completed batch. Total processed: 450
2024-11-30T22:05:59.126Z - Successfully translated location ChIJL2oQGYr5zYUR4tAJYkU8yK0
2024-11-30T22:05:59.579Z - Successfully translated location ChIJl2bm0_EbzoURZ6ocyI7QGx0
2024-11-30T22:06:00.030Z - Successfully translated location ChIJl2IDv5sD0oURpWSgU6adsm8
2024-11-30T22:06:00.475Z - Successfully translated location ChIJL30_S8X90YURu87JTc4lNpM
2024-11-30T22:06:00.920Z - Successfully translated location ChIJL7fxBgT_0YURQM6A0wl47e4
2024-11-30T22:06:01.369Z - Successfully translated location ChIJl2FBmiYCzoURTBDbOOOiEN0
2024-11-30T22:06:01.818Z - Successfully translated location ChIJl3e0rrMczoURNBhEmxzd4yA
2024-11-30T22:06:02.268Z - Successfully translated location ChIJl2NJSEUAzoURqf70p6tNCL8
2024-11-30T22:06:02.720Z - Successfully translated location ChIJL7cQvDX60YURPPViSKQbG28
2024-11-30T22:06:03.170Z - Successfully translated location ChIJL7EfCzP50YURNvzmA7gabIU
2024-11-30T22:06:03.171Z - Completed batch. Total processed: 460
2024-11-30T22:06:06.221Z - Successfully translated location ChIJL9wnJc4c0oUReFHBqes-TcY
2024-11-30T22:06:06.674Z - Successfully translated location ChIJLUrOppT60YURghglOdp-4yo
2024-11-30T22:06:07.123Z - Successfully translated location ChIJlY0Dgr_9zYURp7H7dsNXcqQ
2024-11-30T22:06:07.580Z - Successfully translated location ChIJLxDrndwBzoURZ6xG_ujt-3I
2024-11-30T22:06:08.126Z - Successfully translated location ChIJL9YA8DwdzoURs7-E9ah3ys8
2024-11-30T22:06:08.576Z - Successfully translated location ChIJLXHf-aP_0YURdofBnspb2tM
2024-11-30T22:06:09.027Z - Successfully translated location ChIJl7hG81_90YURGwsyVHNhno4
2024-11-30T22:06:09.477Z - Successfully translated location ChIJLeheezz50YURsQP4V2EKOyw
2024-11-30T22:06:09.924Z - Successfully translated location ChIJlVoSy9IazoURqzCjD_D4KEs
2024-11-30T22:06:10.370Z - Successfully translated location ChIJlUKPwi8FzoUR0ry8H1ku4iY
2024-11-30T22:06:10.370Z - Completed batch. Total processed: 470
2024-11-30T22:06:13.416Z - Successfully translated location ChIJm9uzjLv30YURPjDgehF06Z8
2024-11-30T22:06:14.119Z - Successfully translated location ChIJlyrYagAd0oUR0fvlR6nexJs
2024-11-30T22:06:14.774Z - Successfully translated location ChIJM2_nI7cBzoURiEpqHgXgH4U
2024-11-30T22:06:15.232Z - Successfully translated location ChIJm1tM4Dvx0YURD_k9qWvmD8k
2024-11-30T22:06:15.677Z - Successfully translated location ChIJm6_PDfj-0YURJbYHM-NFV3A
2024-11-30T22:06:16.121Z - Successfully translated location ChIJMaTYV6z_0YURUs5ZLsJZ1a8
2024-11-30T22:06:16.575Z - Successfully translated location ChIJm2ddOwAdzoUR38OjIHWnnaA
2024-11-30T22:06:17.035Z - Successfully translated location ChIJM3AIG-sD0oUR--ydzBJYWkw
2024-11-30T22:06:17.495Z - Successfully translated location ChIJlYK52vT-0YUR-0lEF2BD7Yc
2024-11-30T22:06:17.947Z - Successfully translated location ChIJm6F_SqHx0YURGeaxepDTEvg
2024-11-30T22:06:17.950Z - Completed batch. Total processed: 480
2024-11-30T22:06:20.894Z - Successfully translated location ChIJmWvtmlUB0oUR8lMLFc3Z_9g
2024-11-30T22:06:21.348Z - Successfully translated location ChIJmVDiGRoDzoUR_VlKnYilKqo
2024-11-30T22:06:21.833Z - Successfully translated location ChIJM_vLkY_x0YURqmAOdbuk5Ew
2024-11-30T22:06:22.280Z - Successfully translated location ChIJMQi0RC8BzoURUDOKKmwNBeg
2024-11-30T22:06:22.736Z - Successfully translated location ChIJMRdafwD70YURmkU-5E86Kew
2024-11-30T22:06:23.279Z - Successfully translated location ChIJMRSEcwDj0YURMzi2g1az4uE
2024-11-30T22:06:23.721Z - Successfully translated location ChIJMfX_nZr40YURWjrB1U8Ysqo
2024-11-30T22:06:24.163Z - Successfully translated location ChIJM_mRahoC0oURmt8R_M3udzw
2024-11-30T22:06:24.616Z - Successfully translated location ChIJMUgTY8z_0YURQVR0mAgAZYo
2024-11-30T22:06:25.063Z - Successfully translated location ChIJmVP0CVr_0YURmK4FtqQ4H58
2024-11-30T22:06:25.065Z - Completed batch. Total processed: 490
2024-11-30T22:06:27.875Z - Successfully translated location ChIJmWW6kMcH0oUR2WlvOXdv5-Y
2024-11-30T22:06:28.323Z - Successfully translated location ChIJn03moyP90YURD8x67ZjwjEY
2024-11-30T22:06:28.779Z - Successfully translated location ChIJn2jdv3T50YURJEnViBhB1Ww
2024-11-30T22:06:29.241Z - Successfully translated location ChIJN1KGCYkAzoURPYQO13JdnZE
2024-11-30T22:06:29.686Z - Successfully translated location ChIJmX6Qkev50YURgMQV0qA6klg
2024-11-30T22:06:30.153Z - Successfully translated location ChIJn0L5O34BzoURfh3-HLm4m2g
2024-11-30T22:06:30.603Z - Successfully translated location ChIJmXiXgO8BzoURk-k176yVIo4
2024-11-30T22:06:31.056Z - Successfully translated location ChIJmXGkb4__zYUR0msq9AyTJ9M
2024-11-30T22:06:31.514Z - Successfully translated location ChIJmyGhNB8DzoURJIBiGLmXE0g
2024-11-30T22:06:31.964Z - Successfully translated location ChIJmZVH3hH_zYURLaVT4ZwKonk
2024-11-30T22:06:31.968Z - Completed batch. Total processed: 500
2024-11-30T22:06:34.572Z - Successfully translated location ChIJN4jnfR4B0oURh8z_Lg8ll5s
2024-11-30T22:06:35.023Z - Successfully translated location ChIJN65ql3r50YURJfK7CW3qH-Y
2024-11-30T22:06:35.483Z - Successfully translated location ChIJn788yij-0YURql4zyV-22x4
2024-11-30T22:06:35.937Z - Successfully translated location ChIJn_BSlP0BzoURkQhG5hS5v4M
2024-11-30T22:06:36.388Z - Successfully translated location ChIJNbj_Z2YB0oURcr_eCdf7hO8
2024-11-30T22:06:36.838Z - Successfully translated location ChIJn37ReFD_0YURavShYdtvAck
2024-11-30T22:06:37.289Z - Successfully translated location ChIJNaF-CUP50YURt17Qeq56350
2024-11-30T22:06:37.740Z - Successfully translated location ChIJNc3VZp__0YURJ5vNc3Xejro
2024-11-30T22:06:38.185Z - Successfully translated location ChIJn63wsUf_0YUR7w-2EDnhTFw
2024-11-30T22:06:38.728Z - Successfully translated location ChIJnb61RNX40YURjLOqxoI9oh0
2024-11-30T22:06:38.731Z - Completed batch. Total processed: 510
2024-11-30T22:06:41.661Z - Successfully translated location ChIJnVl05XYA0oUR37IRVBUpXJE
2024-11-30T22:06:42.115Z - Successfully translated location ChIJNU8Uk9wBzoURuI60gco5ppg
2024-11-30T22:06:42.570Z - Successfully translated location ChIJnSqiqOgFzoURo-9Vdj-7ZGo
2024-11-30T22:06:43.015Z - Successfully translated location ChIJnRzbic370YURASVOFJxeWec
2024-11-30T22:06:43.471Z - Successfully translated location ChIJnVnR3hsBzoURN1Or0kmvPgg
2024-11-30T22:06:43.924Z - Successfully translated location ChIJNfurU_UE0oURh3nnYfeiN_E
2024-11-30T22:06:44.384Z - Successfully translated location ChIJNweCT6r_0YURRCsUAxen5c8
2024-11-30T22:06:44.834Z - Successfully translated location ChIJnfKdSGD_0YURkmQcI8nM2sY
2024-11-30T22:06:45.295Z - Successfully translated location ChIJn-vceSkd0oURaujWGbh7gdY
2024-11-30T22:06:45.747Z - Successfully translated location ChIJncqI2egBzoURFN6Jgv2YAMA
2024-11-30T22:06:45.754Z - Completed batch. Total processed: 520
2024-11-30T22:06:48.735Z - Successfully translated location ChIJO0N8aJH-0YURFCrRteP86k8
2024-11-30T22:06:49.189Z - Successfully translated location ChIJo1eZ1zj90YURQClUPh6mf7w
2024-11-30T22:06:49.641Z - Successfully translated location ChIJo2PkBJcA0oURKtZ1hQjjCzc
2024-11-30T22:06:50.094Z - Successfully translated location ChIJnz_n8VQE0oURVaubpukuEh8
2024-11-30T22:06:50.545Z - Successfully translated location ChIJO2W__nb90YURn4wS7vQ_Sj8
2024-11-30T22:06:50.998Z - Successfully translated location ChIJO3tsfeIDzoURH3_Q9mJ5bWg
2024-11-30T22:06:51.454Z - Successfully translated location ChIJNWSsywP80YURrMI29KUemDQ
2024-11-30T22:06:51.902Z - Successfully translated location ChIJo0kWffb_zYURFnrYJzz_pag
2024-11-30T22:06:52.354Z - Successfully translated location ChIJO2Wxq4kDzoURGe0Xeu-IEJU
2024-11-30T22:06:52.805Z - Successfully translated location ChIJO2kM0pr_0YURrkluI9jv5-I
2024-11-30T22:06:52.809Z - Completed batch. Total processed: 530
2024-11-30T22:06:55.709Z - Successfully translated location ChIJoblh9eAAzoURnQTEL1z0vVo
2024-11-30T22:06:56.169Z - Successfully translated location ChIJofOK0pQD0oURjZ7SxFYA130
2024-11-30T22:06:56.619Z - Successfully translated location ChIJo8n8nlEAzoURrO3XRNj1qyw
2024-11-30T22:06:57.075Z - Successfully translated location ChIJodTm020D0oUROyyUG5Dzobo
2024-11-30T22:06:57.517Z - Successfully translated location ChIJOfNvJVD_0YUR0hqYBvlmxkw
2024-11-30T22:06:57.974Z - Successfully translated location ChIJob2t4Mb30YURl8Jn8O6sPBM
2024-11-30T22:06:58.429Z - Successfully translated location ChIJOdwpSVADzoURF93GLelW_Ws
2024-11-30T22:06:58.889Z - Successfully translated location ChIJo4k_YQD70YURanQku9hm6Cc
2024-11-30T22:06:59.348Z - Successfully translated location ChIJO9BSfEX_0YURxjD8IBz7ZdA
2024-11-30T22:06:59.793Z - Successfully translated location ChIJO7c_Hlod0oURXME9hYjeU5g
2024-11-30T22:06:59.795Z - Completed batch. Total processed: 540
2024-11-30T22:07:02.759Z - Successfully translated location ChIJoR0zSFYbzoURqEdgr0VT3Bs
2024-11-30T22:07:03.207Z - Successfully translated location ChIJoV9pVaf40YURJGPB0QgZb6k
2024-11-30T22:07:03.653Z - Successfully translated location ChIJOfThwM4DzoUR_UIn_hVw9Mk
2024-11-30T22:07:04.196Z - Successfully translated location ChIJoS2_vXnx0YURMeqZXJk2114
2024-11-30T22:07:04.641Z - Successfully translated location ChIJOVKaSVUBzoURkqb2fq2awB4
2024-11-30T22:07:05.096Z - Successfully translated location ChIJo-LV4VEdzoURQGXAmPFzql0
2024-11-30T22:07:05.554Z - Successfully translated location ChIJORu3lCMBzoURI33GPS-l9Xw
2024-11-30T22:07:06.011Z - Successfully translated location ChIJOVHhJZQC0oURkoTujgJYBVQ
2024-11-30T22:07:06.470Z - Successfully translated location ChIJOSAfo7Qb0oUR-wMuEM-dC6I
2024-11-30T22:07:06.929Z - Successfully translated location ChIJO_q-BDobzoURSllClH3GQ4U
2024-11-30T22:07:06.937Z - Completed batch. Total processed: 550
2024-11-30T22:07:10.085Z - Successfully translated location ChIJOxpTWvP30YURdqXUxOgdSRc
2024-11-30T22:07:10.528Z - Successfully translated location ChIJOz0RYED30YURTSksVe2eqX0
2024-11-30T22:07:10.985Z - Successfully translated location ChIJoZUYBaID0oURhqBkAdt4f1k
2024-11-30T22:07:11.437Z - Successfully translated location ChIJozRx9Rr50YURZ5IsIvAJF9M
2024-11-30T22:07:11.887Z - Successfully translated location ChIJOYu5gtMB0oURYnaN9i6pH1w
2024-11-30T22:07:12.343Z - Successfully translated location ChIJOZgIti3_0YURYLtqYW2hfjg
2024-11-30T22:07:12.802Z - Successfully translated location ChIJoXG9Uz4BzoURUh6XkUqgPmw
2024-11-30T22:07:13.256Z - Successfully translated location ChIJoyPuNCn80YURzGxvBheMClI
2024-11-30T22:07:13.711Z - Successfully translated location ChIJOZSdpWwBzoURoGUNa61i7Co
2024-11-30T22:07:14.184Z - Successfully translated location ChIJOVxyhYP_0YURvvUMGVCMBSg
2024-11-30T22:07:14.185Z - Completed batch. Total processed: 560
2024-11-30T22:07:16.735Z - Successfully translated location ChIJp4vTrigBzoURdpQ3KRSoP-8
2024-11-30T22:07:17.188Z - Successfully translated location ChIJp1IL-g730YURWNqDSFAI3ZQ
2024-11-30T22:07:17.650Z - Successfully translated location ChIJOZX7WrAB0oURAoZSwbvfBxc
2024-11-30T22:07:18.098Z - Successfully translated location ChIJp3oXjZoBzoURUwgFxx3Ri90
2024-11-30T22:07:18.548Z - Successfully translated location ChIJp2Uuxczx0YURUmqjNK03pac
2024-11-30T22:07:19.001Z - Successfully translated location ChIJp2No594DzoUR-QnTQseEgJE
2024-11-30T22:07:19.454Z - Successfully translated location ChIJp3zIgyP50YUR6zMJBWCMnhc
2024-11-30T22:07:19.902Z - Successfully translated location ChIJp1VSaMIDzoURkktBRXbqlck
2024-11-30T22:07:20.351Z - Successfully translated location ChIJp6j8KXEEzoURyTH-Ax-wyhI
2024-11-30T22:07:20.803Z - Successfully translated location ChIJP1dJRVf_0YURr8MZosHl4kI
2024-11-30T22:07:20.811Z - Completed batch. Total processed: 570
2024-11-30T22:07:23.838Z - Successfully translated location ChIJpVviKmoH0oUR6blaMdjMF10
2024-11-30T22:07:24.286Z - Successfully translated location ChIJP8EW5vMB0oURKiMRxq6dBik
2024-11-30T22:07:24.737Z - Successfully translated location ChIJPTfyIQsBzoURStXBMrEkyj4
2024-11-30T22:07:25.269Z - Successfully translated location ChIJPXsqQQADzoURJ-BNdrN5WL8
2024-11-30T22:07:25.803Z - Successfully translated location ChIJPwblveX90YURrP3oTL7bNIk
2024-11-30T22:07:26.253Z - Successfully translated location ChIJpbPBXyr40YURLcdT4cWEP6M
2024-11-30T22:07:26.699Z - Successfully translated location ChIJpVxerIb50YURKBTzOrtWVm8
2024-11-30T22:07:27.160Z - Successfully translated location ChIJpfn6HQAd0oURmeIEcDdt0bs
2024-11-30T22:07:27.619Z - Successfully translated location ChIJPXON8IT90YURW3pi1GbMu7M
2024-11-30T22:07:28.068Z - Successfully translated location ChIJP8BE46wEzoURyA0BCV2pRyg
2024-11-30T22:07:28.070Z - Completed batch. Total processed: 580
2024-11-30T22:07:30.909Z - Successfully translated location ChIJq2_1Non50YURs-rBDNv60ok
2024-11-30T22:07:31.358Z - Successfully translated location ChIJq1tfvEv9zYURfmW2uCg0V4I
2024-11-30T22:07:31.810Z - Successfully translated location ChIJQ1eVhd8BzoURRcFjrITsoAc
2024-11-30T22:07:32.269Z - Successfully translated location ChIJq6qq6nYA0oUR-xL5d_u3WEY
2024-11-30T22:07:32.718Z - Successfully translated location ChIJq6kJg_AB0oURdNBlm0zWxM8
2024-11-30T22:07:33.170Z - Successfully translated location ChIJpzENNmEd0oURPnFBsLXz_SI
2024-11-30T22:07:33.627Z - Successfully translated location ChIJQ16Y7f0BzoUR1qDtZh01mUE
2024-11-30T22:07:34.076Z - Successfully translated location ChIJQ7YZJd370YUR12XQKDEpnO0
2024-11-30T22:07:34.527Z - Successfully translated location ChIJPYMSYU7w0YURw90D5GGaqUs
2024-11-30T22:07:34.976Z - Successfully translated location ChIJQ8Am9uoBzoURbb9JdFtzXxc
2024-11-30T22:07:34.978Z - Completed batch. Total processed: 590
2024-11-30T22:07:37.898Z - Successfully translated location ChIJq8sCtQ__0YURe-AYZ8Yc8Fs
2024-11-30T22:07:38.349Z - Successfully translated location ChIJQ-dY1fAc0oUReAjxt4S69Zg
2024-11-30T22:07:38.806Z - Successfully translated location ChIJQenfdqED0oURIW55MsT69ZU
2024-11-30T22:07:39.258Z - Successfully translated location ChIJq8q0IND-0YUR8ENL3GWrLsI
2024-11-30T22:07:39.709Z - Successfully translated location ChIJqewKBJz90YURI_x4xeQPIYY
2024-11-30T22:07:40.151Z - Successfully translated location ChIJq-B2HoH_zYURxjyPPevA6AU
2024-11-30T22:07:40.701Z - Successfully translated location ChIJ_QAnyOQB0oUR4EowuGoa7sw
2024-11-30T22:07:41.150Z - Successfully translated location ChIJQcThjoYBzoURkg_b3I7HYtA
2024-11-30T22:07:41.609Z - Successfully translated location ChIJQdMft97-0YURTo_Mz8uU4jM
2024-11-30T22:07:42.060Z - Successfully translated location ChIJQb6V74sB0oURXM2btPOZWCA
2024-11-30T22:07:42.061Z - Completed batch. Total processed: 600
2024-11-30T22:07:45.087Z - Successfully translated location ChIJqYe9rqr_0YURL4BEw2k8sC0
2024-11-30T22:07:45.536Z - Successfully translated location ChIJQUoVIjP50YURyAfX7nCVX_w
2024-11-30T22:07:45.992Z - Successfully translated location ChIJqSpxSqMb0oURVv-I5XeFbgs
2024-11-30T22:07:46.443Z - Successfully translated location ChIJQQq6xjT-0YURJdbSprzriGY
2024-11-30T22:07:46.896Z - Successfully translated location ChIJQ__fTFTx0YUROHL3rimjWzA
2024-11-30T22:07:47.545Z - Successfully translated location ChIJQYhQEhn90YURWVngv2UZPuY
2024-11-30T22:07:47.981Z - Successfully translated location ChIJqY5HNzP50YURxcqDF58XtuE
2024-11-30T22:07:48.435Z - Successfully translated location ChIJq_rVNnH50YURVLLnxwmxyso
2024-11-30T22:07:48.890Z - Successfully translated location ChIJQ_G4nND_zYUR4xE5OSw9108
2024-11-30T22:07:49.336Z - Successfully translated location ChIJ-QT8_ov_0YURqvkTWfsNoqM
2024-11-30T22:07:49.337Z - Completed batch. Total processed: 610
2024-11-30T22:07:52.308Z - Successfully translated location ChIJr3rWYmUb0oURp5SGe-3g6Y0
2024-11-30T22:07:52.753Z - Successfully translated location ChIJr3MZKysHzoUREsMtaZkN8rg
2024-11-30T22:07:53.200Z - Successfully translated location ChIJqyWdEs370YURx_MEDhPb56Y
2024-11-30T22:07:53.656Z - Successfully translated location ChIJr82ZuhcC0oUR42JqEUE3cZw
2024-11-30T22:07:54.101Z - Successfully translated location ChIJ-R8Kgxj-0YURB0z6PihjzC0
2024-11-30T22:07:54.551Z - Successfully translated location ChIJ-R6gAvwB0oURb42WS821FF4
2024-11-30T22:07:55.001Z - Successfully translated location ChIJR2LfQ_X7zYURJFI04VfNZ4o
2024-11-30T22:07:55.449Z - Successfully translated location ChIJQZEcuuUBzoURJMcy1f2rTOM
2024-11-30T22:07:55.992Z - Successfully translated location ChIJr1q4i8QA0oUREwt-m-rCTiI
2024-11-30T22:07:56.446Z - Successfully translated location ChIJr6M6vjT50YURQ-y3ZORNIVw
2024-11-30T22:07:56.450Z - Completed batch. Total processed: 620
2024-11-30T22:07:59.587Z - Successfully translated location ChIJrazZuFsA0oURmyGbrjKwoFU
2024-11-30T22:08:00.046Z - Successfully translated location ChIJReq3x_n90YURox5y-FjNIRM
2024-11-30T22:08:00.491Z - Successfully translated location ChIJraZkTlnx0YURUE9PrgXCW_M
2024-11-30T22:08:00.940Z - Successfully translated location ChIJr9jBhKj50YURA_D3SX3qPB4
2024-11-30T22:08:01.379Z - Successfully translated location ChIJRbZO1NL50YUR7MVdm7hP7Ug
2024-11-30T22:08:01.827Z - Successfully translated location ChIJrcalMQwAzoURyXCMkV9Xjk8
2024-11-30T22:08:02.281Z - Successfully translated location ChIJrfuANvQd0oURV1M6VT7sC7U
2024-11-30T22:08:02.733Z - Successfully translated location ChIJRcoTlrgH0oUR48Aa2qGI1uc
2024-11-30T22:08:03.177Z - Successfully translated location ChIJR8kNBiYb0oURyWj8CzasAtA
2024-11-30T22:08:03.624Z - Successfully translated location ChIJR8TrOi750YUR9LUyKaYe0kk
2024-11-30T22:08:03.625Z - Completed batch. Total processed: 630
2024-11-30T22:08:06.853Z - Successfully translated location ChIJRXx3TXn_0YUR7aLyChzPp8M
2024-11-30T22:08:07.299Z - Successfully translated location ChIJrytwDXsAzoURdPOX5AOA3nw
2024-11-30T22:08:07.760Z - Successfully translated location ChIJRVkChvj_0YURriMSF4QlBf0
2024-11-30T22:08:08.201Z - Successfully translated location ChIJr-TYCBHx0YURcWui4g6DOcc
2024-11-30T22:08:08.647Z - Successfully translated location ChIJRxPS-07_0YURbJgw_6mMOi8
2024-11-30T22:08:09.149Z - Successfully translated location ChIJrXChnL740YUROOzbbdPEo0o
2024-11-30T22:08:09.592Z - Successfully translated location ChIJrXkY93b90YURG4lbcBNyU1k
2024-11-30T22:08:10.048Z - Successfully translated location ChIJrWAKhTP60YURG-N9Ta9TETo
2024-11-30T22:08:10.501Z - Successfully translated location ChIJRWueLTP50YURlCgtSyiZm14
2024-11-30T22:08:10.954Z - Successfully translated location ChIJ-_rwt9X50YURb1RNWFNrjsc
2024-11-30T22:08:10.957Z - Completed batch. Total processed: 640
2024-11-30T22:08:13.988Z - Successfully translated location ChIJS9TjDQD90YUR6LgeFVh1tfM
2024-11-30T22:08:14.441Z - Successfully translated location ChIJS4IE9HsAzoURt9JVE3pbK6Y
2024-11-30T22:08:14.884Z - Successfully translated location ChIJS0phsIH80YURk2Vl3uIfwfU
2024-11-30T22:08:15.333Z - Successfully translated location ChIJ-Rz1mLP_0YURWOCZbUJ326E
2024-11-30T22:08:15.791Z - Successfully translated location ChIJs2qaH-_90YURPoYyZ3ZSlxA
2024-11-30T22:08:16.234Z - Successfully translated location ChIJs0j25Vb80YUR-D8feMDfZHo
2024-11-30T22:08:16.679Z - Successfully translated location ChIJs7xyvjv60YUR2Gd_RSR2k2I
2024-11-30T22:08:17.133Z - Successfully translated location ChIJS7R39Sr50YURQE6mi9UOKds
2024-11-30T22:08:17.604Z - Successfully translated location ChIJS0th0lP_0YURUhbp0wYZ1Cw
2024-11-30T22:08:18.059Z - Successfully translated location ChIJs4nT1xoC0oURXhfHSqfAVYE
2024-11-30T22:08:18.061Z - Completed batch. Total processed: 650
2024-11-30T22:08:21.185Z - Successfully translated location ChIJSdfReqYBzoURwYrVP4sf8IM
2024-11-30T22:08:21.629Z - Successfully translated location ChIJsSb9fmMAzoURad-Ouzy1694
2024-11-30T22:08:22.074Z - Successfully translated location ChIJsTG7GZX50YURZbXLL9FZfxM
2024-11-30T22:08:22.538Z - Successfully translated location ChIJSXaFysz-0YUR_TmRjmzfMN0
2024-11-30T22:08:22.983Z - Successfully translated location ChIJS-jAs5MB0oUR9X9--y9Wppo
2024-11-30T22:08:23.433Z - Successfully translated location ChIJsdHqQbv40YUR-o6Hpdb3O3g
2024-11-30T22:08:23.893Z - Successfully translated location ChIJsbIu52v_0YUR1m_4hsfHKCQ
2024-11-30T22:08:24.351Z - Successfully translated location ChIJScjIILQB0oURJMVub-MaI4Q
2024-11-30T22:08:24.799Z - Successfully translated location ChIJsTqvU2f30YUROXuMX6t4Tgg
2024-11-30T22:08:25.255Z - Successfully translated location ChIJs_N7ANL-0YUR72p7FaEep-Y
2024-11-30T22:08:25.256Z - Completed batch. Total processed: 660
2024-11-30T22:08:28.251Z - Successfully translated location ChIJszlWlTABzoURT-aFjOWPjBI
2024-11-30T22:08:28.709Z - Successfully translated location ChIJsYimf8L_zYUR9Ligyimtdok
2024-11-30T22:08:29.157Z - Successfully translated location ChIJsXcCHwD90YURsYbjLaTpc_E
2024-11-30T22:08:29.609Z - Successfully translated location ChIJt0KL5Cr90YURgT9UhoC8vJo
2024-11-30T22:08:30.061Z - Successfully translated location ChIJszK-2XD50YUR0DLGrAvkLnk
2024-11-30T22:08:30.516Z - Successfully translated location ChIJT6hyBtrj0YURqIZy1JPuj-4
2024-11-30T22:08:30.965Z - Successfully translated location ChIJsxepPVwBzoURDoGWUxWFGWo
2024-11-30T22:08:31.430Z - Successfully translated location ChIJT4i7NN_30YURobP0S031WXg
2024-11-30T22:08:31.876Z - Successfully translated location ChIJSyujwA8DzoURcVRCmqJ8w6o
2024-11-30T22:08:32.334Z - Successfully translated location ChIJT11ehYcD0oURIvADPETZAJw
2024-11-30T22:08:32.345Z - Completed batch. Total processed: 670
2024-11-30T22:08:35.267Z - Successfully translated location ChIJTbzHUbD90YURI269hbMTDUE
2024-11-30T22:08:35.725Z - Successfully translated location ChIJt-KqKQAD0oURLy7JRk8DNDM
2024-11-30T22:08:36.178Z - Successfully translated location ChIJTQ2Pah_50YURsBxaAMGZfuU
2024-11-30T22:08:36.634Z - Successfully translated location ChIJTbXRdqsHzoURArJtqsCxVJk
2024-11-30T22:08:37.076Z - Successfully translated location ChIJtceaBtoB0oURYY6I_ASPrmA
2024-11-30T22:08:37.534Z - Successfully translated location ChIJt8vxXMz_0YURjTC8755jIPc
2024-11-30T22:08:37.986Z - Successfully translated location ChIJt6_tYPQCzoURzdE89F8bQU0
2024-11-30T22:08:38.435Z - Successfully translated location ChIJtd21Md8B0oURSCOcab5yNp0
2024-11-30T22:08:38.888Z - Successfully translated location ChIJ-TATuSz_0YUR-kmEr193Jc8
2024-11-30T22:08:39.334Z - Successfully translated location ChIJTQGqdSv50YURJKLN5Eu1o3U
2024-11-30T22:08:39.336Z - Completed batch. Total processed: 680
2024-11-30T22:08:42.490Z - Successfully translated location ChIJTyZEQTn_zYURlg_TFv4jQM8
2024-11-30T22:08:42.944Z - Successfully translated location ChIJTxSV3DsDzoURTgV95AwQ-zg
2024-11-30T22:08:43.482Z - Successfully translated location ChIJTYWIy9z_0YURddO8zJQYnqo
2024-11-30T22:08:43.935Z - Successfully translated location ChIJTRyV0bYczoURmQnERDgeTUg
2024-11-30T22:08:44.392Z - Successfully translated location ChIJtwuvqz0BzoURkq7VYL8wXME
2024-11-30T22:08:44.843Z - Successfully translated location ChIJTxtSrrr50YUR9c8ItEiHvUk
2024-11-30T22:08:45.301Z - Successfully translated location ChIJtx9WaDb-zYURlOCBc9SeZwM
2024-11-30T22:08:45.752Z - Successfully translated location ChIJtQwe_OUDzoUR-MyVlt_hWdM
2024-11-30T22:08:46.211Z - Successfully translated location ChIJTTWJazz_zYUR5YCGt251VJc
2024-11-30T22:08:46.656Z - Successfully translated location ChIJTQGqdSv50YURz-imDdIQ2Bc
2024-11-30T22:08:46.658Z - Completed batch. Total processed: 690
2024-11-30T22:08:49.422Z - Successfully translated location ChIJu0nDbdH_zYURg0DwWiPi75I
2024-11-30T22:08:49.869Z - Successfully translated location ChIJtzi0aMfx0YURpqbDgDEGhIo
2024-11-30T22:08:50.317Z - Successfully translated location ChIJT_ZQSnv90YURbWSnCvFASuQ
2024-11-30T22:08:50.768Z - Successfully translated location ChIJu2aSJaQFzoURMev60544LUU
2024-11-30T22:08:51.217Z - Successfully translated location ChIJU3UtlXgBzoURla255grhKVc
2024-11-30T22:08:51.665Z - Successfully translated location ChIJu5SW0zv50YURV2PHYi4tfzw
2024-11-30T22:08:52.126Z - Successfully translated location ChIJU5iJDwv_zYURjFmpRY-9f1I
2024-11-30T22:08:52.578Z - Successfully translated location ChIJU5JKUIkd0oUR9BjuyK0Z0eQ
2024-11-30T22:08:53.025Z - Successfully translated location ChIJU2JlAH8EzoURc6VKF4ndLmA
2024-11-30T22:08:53.471Z - Successfully translated location ChIJTzpDYyX_0YURxxfOtnPkB3c
2024-11-30T22:08:53.476Z - Completed batch. Total processed: 700
2024-11-30T22:08:56.257Z - Successfully translated location ChIJu6ZG9_oA0oUR6AFcGdviVBY
2024-11-30T22:08:56.704Z - Successfully translated location ChIJ-UKJ62n_0YURicx37OhS0kM
2024-11-30T22:08:57.149Z - Successfully translated location ChIJudloDbP_zYURSJODnr_v8no
2024-11-30T22:08:57.595Z - Successfully translated location ChIJUcdxhLH_zYUR14MpLuiRT0g
2024-11-30T22:08:58.040Z - Successfully translated location ChIJU-_c4Vj90YURkdSdWPrBEAs
2024-11-30T22:08:58.582Z - Successfully translated location ChIJ_UghKRz9zYURWUUx4kgPNL4
2024-11-30T22:08:59.031Z - Successfully translated location ChIJuac9VtH90YURQtOj6eDm8SY
2024-11-30T22:08:59.481Z - Successfully translated location ChIJu_HDCmD90YUR1l8cDYlavxk
2024-11-30T22:08:59.928Z - Successfully translated location ChIJubnDN0790YUR25DnBY-RZPw
2024-11-30T22:09:00.379Z - Successfully translated location ChIJu8Q1hBoC0oUR3pO4s85bcUE
2024-11-30T22:09:00.382Z - Completed batch. Total processed: 710
2024-11-30T22:09:03.141Z - Successfully translated location ChIJUT8CQMACzoURJG72OBnnHEo
2024-11-30T22:09:03.600Z - Successfully translated location ChIJUSdX0n3x0YURpTUOm22W0i8
2024-11-30T22:09:04.060Z - Successfully translated location ChIJUQ2z6hgDzoURTGjfvxW4lw4
2024-11-30T22:09:04.509Z - Successfully translated location ChIJuUwvr0b50YURk-NmXhj06vs
2024-11-30T22:09:04.960Z - Successfully translated location ChIJuwdpbgoC0oUR8hZEqssQD3Y
2024-11-30T22:09:05.407Z - Successfully translated location ChIJuxJobRwD0oURCMtGLD0FZs0
2024-11-30T22:09:05.874Z - Successfully translated location ChIJuV6IllIAzoURRbiH2iYAtSM
2024-11-30T22:09:06.328Z - Successfully translated location ChIJuX1Hxtr_0YUR-vXtj7o8QiU
2024-11-30T22:09:06.776Z - Successfully translated location ChIJUw_eavX_zYURwjfHlX0JjMk
2024-11-30T22:09:07.229Z - Successfully translated location ChIJuSjUDY8d0oURYN9U5FhfM-4
2024-11-30T22:09:07.232Z - Completed batch. Total processed: 720
2024-11-30T22:09:10.029Z - Successfully translated location ChIJv1QVIQIB0oURFEDajvGFrps
2024-11-30T22:09:10.474Z - Successfully translated location ChIJv_4dy2T50YURhgMbn7L9e-s
2024-11-30T22:09:10.973Z - Successfully translated location ChIJv2hmaMv-0YUR3HNtNTPZys0
2024-11-30T22:09:11.438Z - Successfully translated location ChIJV26h9dDx0YURet581ODr2nA
2024-11-30T22:09:11.885Z - Successfully translated location ChIJV5TiG1D_0YUR_QVQFSGVq-4
2024-11-30T22:09:12.335Z - Successfully translated location ChIJUyIKvH0C0oURlxi5zRLxnlA
2024-11-30T22:09:12.783Z - Successfully translated location ChIJuzwcRsvi0YUR9pc61kyfPv0
2024-11-30T22:09:13.230Z - Successfully translated location ChIJV56WUgD70YUR617-POdw1zg
2024-11-30T22:09:13.765Z - Successfully translated location ChIJv1Ni6Dj90YURwdhFCUIYA0g
2024-11-30T22:09:14.276Z - Successfully translated location ChIJv0LcYRoC0oURwXXz3593qE8
2024-11-30T22:09:14.277Z - Completed batch. Total processed: 730
2024-11-30T22:09:16.927Z - Successfully translated location ChIJvSn9gcoH0oURBV_lZeI6SK8
2024-11-30T22:09:17.371Z - Successfully translated location ChIJv5Y6XgADzoURyuQm2FwJ_tk
2024-11-30T22:09:17.818Z - Successfully translated location ChIJVfiBBfz_0YUR5GfFAwi5_6w
2024-11-30T22:09:18.271Z - Successfully translated location ChIJVf-VH2L90YURV2e7QYf8E4k
2024-11-30T22:09:18.723Z - Successfully translated location ChIJVc_-HgD30YURhg2wV_H3API
2024-11-30T22:09:19.165Z - Successfully translated location ChIJvRU3IFkBzoURHIbSwxOmms4
2024-11-30T22:09:19.609Z - Successfully translated location ChIJvawqY0T_zYURnZJw0mScx5w
2024-11-30T22:09:20.062Z - Successfully translated location ChIJVSETXR0A0oURnCpMTXsKQdw
2024-11-30T22:09:20.521Z - Successfully translated location ChIJvRdReIT_0YURzPTc8xRvKlI
2024-11-30T22:09:20.976Z - Successfully translated location ChIJVe15uynj0YURsfqpINLIGw4
2024-11-30T22:09:20.977Z - Completed batch. Total processed: 740
2024-11-30T22:09:23.864Z - Successfully translated location ChIJv-_T6ikDzoURRfSeHjt7xzk
2024-11-30T22:09:24.310Z - Successfully translated location ChIJvYLraZgD0oURX5mFY35CoAc
2024-11-30T22:09:24.754Z - Successfully translated location ChIJvXPgznT90YUR6uBfrYPqMCQ
2024-11-30T22:09:25.199Z - Successfully translated location ChIJ-VYYM2IBzoURJv9vc3g7qbU
2024-11-30T22:09:25.649Z - Successfully translated location ChIJVyZYSb35zYURMZnqwnjL5XY
2024-11-30T22:09:26.098Z - Successfully translated location ChIJVxOVE8380YURSFrbTTM9yOU
2024-11-30T22:09:26.559Z - Successfully translated location ChIJvV5kbXwd0oURL8aiktsA8N0
2024-11-30T22:09:27.000Z - Successfully translated location ChIJVWJrv88DzoURXovCOdnfYe8
2024-11-30T22:09:27.449Z - Successfully translated location ChIJvUeFagsAzoURBMV2ubEDduI
2024-11-30T22:09:27.900Z - Successfully translated location ChIJVXmuMcP_0YURBRTMHESl2zo
2024-11-30T22:09:27.902Z - Completed batch. Total processed: 750
2024-11-30T22:09:30.797Z - Successfully translated location ChIJvZ73xwf90YURsM0dYUDCOHE
2024-11-30T22:09:31.240Z - Successfully translated location ChIJW27T2wn50YURXfuEVyquP-4
2024-11-30T22:09:31.684Z - Successfully translated location ChIJvZIsCMri0YUR137azlTRQ-w
2024-11-30T22:09:32.147Z - Successfully translated location ChIJ-w1y67b-0YUR6mPtTj6pI28
2024-11-30T22:09:32.601Z - Successfully translated location ChIJw0fLJTj60YURVzdwFUUEhFA
2024-11-30T22:09:33.053Z - Successfully translated location ChIJW3bYG4zj0YURcggKpGfRtZg
2024-11-30T22:09:33.503Z - Successfully translated location ChIJw0O77bAczoURlvZjcs4AtG4
2024-11-30T22:09:33.956Z - Successfully translated location ChIJw36XHtIb0oUR4JU2OHsWsQ4
2024-11-30T22:09:34.399Z - Successfully translated location ChIJVzA29SwCzoURM1Dq1KcwIek
2024-11-30T22:09:34.857Z - Successfully translated location ChIJvZx5lnYDzoURhY0hsBDZoQU
2024-11-30T22:09:34.858Z - Completed batch. Total processed: 760
2024-11-30T22:09:37.792Z - Successfully translated location ChIJw3Sk-EIBzoURvdid9DJ9m0c
2024-11-30T22:09:38.245Z - Successfully translated location ChIJw7g8s0790YURmzfvpkxLLjk
2024-11-30T22:09:38.696Z - Successfully translated location ChIJW757fb0BzoURTLbZk4YQjbY
2024-11-30T22:09:39.145Z - Successfully translated location ChIJWbi-P8YH0oUR36MI40LFSPo
2024-11-30T22:09:39.596Z - Successfully translated location ChIJw5xFBh__0YURmjSRInmBLSg
2024-11-30T22:09:40.041Z - Successfully translated location ChIJw4SugHAAzoURyRtoBBdxfAc
2024-11-30T22:09:40.486Z - Successfully translated location ChIJw-66vMT40YURhOxTB0UKnzE
2024-11-30T22:09:40.934Z - Successfully translated location ChIJw4CcgkoBzoURvfwVUzAmk9M
2024-11-30T22:09:41.384Z - Successfully translated location ChIJW4ZQaUwDzoURigYR_HyYGv8
2024-11-30T22:09:41.839Z - Successfully translated location ChIJW4iMiST50YURCfHJBjK_4tE
2024-11-30T22:09:41.842Z - Completed batch. Total processed: 770
2024-11-30T22:09:44.811Z - Successfully translated location ChIJWUvOegAD0oURzaWzTr3nwJ8
2024-11-30T22:09:45.267Z - Successfully translated location ChIJwcFQA9gCzoURwnlGzoMmDLY
2024-11-30T22:09:45.719Z - Successfully translated location ChIJWfed-pv_0YUR9qQE_Iw43sE
2024-11-30T22:09:46.169Z - Successfully translated location ChIJwVvyzKz7zYURc2nt8Q7Va4U
2024-11-30T22:09:46.614Z - Successfully translated location ChIJWedxR3b70YURp7IucMtPK78
2024-11-30T22:09:47.065Z - Successfully translated location ChIJWw1tLuH50YURCBBD2aIPA_w
2024-11-30T22:09:47.509Z - Successfully translated location ChIJwQtXverx0YUREzl6J-ZRiEI
2024-11-30T22:09:47.967Z - Successfully translated location ChIJ-wBzWNH40YURTUqnO6pJWOM
2024-11-30T22:09:48.412Z - Successfully translated location ChIJWbZn1c_40YURM2XEZgPFq54
2024-11-30T22:09:48.869Z - Successfully translated location ChIJwe9YeR_80YURteCtRp_gKIs
2024-11-30T22:09:48.871Z - Completed batch. Total processed: 780
2024-11-30T22:09:51.741Z - Successfully translated location ChIJx3jcpoj40YURIDi0Hoopk2w
2024-11-30T22:09:52.194Z - Successfully translated location ChIJX0st2hIAzoURLIoqphrxRa4
2024-11-30T22:09:52.653Z - Successfully translated location ChIJwzRfIfr_0YURuRv_tM52_RM
2024-11-30T22:09:53.108Z - Successfully translated location ChIJX2GGNZX40YURmNx0V7rLf_0
2024-11-30T22:09:53.560Z - Successfully translated location ChIJwXCkijf_0YURw2O8mtKqEL0
2024-11-30T22:09:54.012Z - Successfully translated location ChIJWZNoAtX_0YURUL9sjZRX13k
2024-11-30T22:09:54.473Z - Successfully translated location ChIJx2AAXI350YURu7_XQi2cc3M
2024-11-30T22:09:54.928Z - Successfully translated location ChIJx4f5gu8B0oURMx7E8J7wGTI
2024-11-30T22:09:55.406Z - Successfully translated location ChIJwXColAIC0oURBKBWFzsqhkI
2024-11-30T22:09:55.847Z - Successfully translated location ChIJWy9MY1gD0oURI9bIoBIrL7U
2024-11-30T22:09:55.851Z - Completed batch. Total processed: 790
2024-11-30T22:09:58.578Z - Successfully translated location ChIJxaVc7x__zYURFis5q_4V6c8
2024-11-30T22:09:59.026Z - Successfully translated location ChIJxbc_JZP_0YURQM1Z8WqZ1Uo
2024-11-30T22:09:59.480Z - Successfully translated location ChIJXfCHFFobzoURY3rcsrjDgkE
2024-11-30T22:10:00.020Z - Successfully translated location ChIJxak0Kpz50YURsGoopfnqoCE
2024-11-30T22:10:00.466Z - Successfully translated location ChIJ-xhK7__40YURwzyu5h3FESU
2024-11-30T22:10:00.912Z - Successfully translated location ChIJXciXoILx0YURuuFdN4KVZ7s
2024-11-30T22:10:01.364Z - Successfully translated location ChIJx7x08iIBzoURgHXCbMPo0xk
2024-11-30T22:10:01.815Z - Successfully translated location ChIJx9BkmksBzoURhvN0yp_4cEM
2024-11-30T22:10:02.266Z - Successfully translated location ChIJx_IErwIBzoUR1FxW6JVsPOU
2024-11-30T22:10:02.721Z - Successfully translated location ChIJxb_Xhiz-zYUR545UAVU4fKs
2024-11-30T22:10:02.722Z - Completed batch. Total processed: 800
2024-11-30T22:10:05.415Z - Successfully translated location ChIJXRzWKqv_0YURFXq7yleGc8s
2024-11-30T22:10:05.861Z - Successfully translated location ChIJxU3ZH0YBzoUR2FXrn4CpjOc
2024-11-30T22:10:06.310Z - Successfully translated location ChIJxRSXkCTx0YURpKqr7kBVp5k
2024-11-30T22:10:06.766Z - Successfully translated location ChIJ-XN1uTsDzoURLVNytH18e3o
2024-11-30T22:10:07.217Z - Successfully translated location ChIJxTI49TcB0oURsfrs_Mbs8GU
2024-11-30T22:10:07.677Z - Successfully translated location ChIJxUpYS3UEzoURnTs95_pyS3I
2024-11-30T22:10:08.118Z - Successfully translated location ChIJxTrmYH77zYURa3AdkDrmEVs
2024-11-30T22:10:08.567Z - Successfully translated location ChIJXTroNdEB0oURTHgaQYmcmnQ
2024-11-30T22:10:09.019Z - Successfully translated location ChIJ_xlMuP8DzoURL66VBRyx4yA
2024-11-30T22:10:09.469Z - Successfully translated location ChIJxSUeddX-0YURNIFMA2OAD6I
2024-11-30T22:10:09.473Z - Completed batch. Total processed: 810
2024-11-30T22:10:12.405Z - Successfully translated location ChIJXX5-HXoD0oURdCTwQq0ibXg
2024-11-30T22:10:12.870Z - Successfully translated location ChIJY1jU2Xb_0YURQXEB7qqWACQ
2024-11-30T22:10:13.323Z - Successfully translated location ChIJxWRUueEDzoURhg4qN_aL6Mc
2024-11-30T22:10:13.770Z - Successfully translated location ChIJxY9yXDr_0YURSHaJB-onrro
2024-11-30T22:10:14.210Z - Successfully translated location ChIJX_wqEy0d0oURXBSqCJuFbdI
2024-11-30T22:10:14.658Z - Successfully translated location ChIJxWFpwyH-0YURimnt_rSofJY
2024-11-30T22:10:15.199Z - Successfully translated location ChIJy0HQCT_50YURqXyNA-fFkp8
2024-11-30T22:10:15.650Z - Successfully translated location ChIJY2WVmNX40YUReN3PtV1PvGQ
2024-11-30T22:10:16.095Z - Successfully translated location ChIJy0sY1h750YURI543ztyrAF8
2024-11-30T22:10:16.541Z - Successfully translated location ChIJy23ppTD_0YUR5FL-h27cOLc
2024-11-30T22:10:16.542Z - Completed batch. Total processed: 820
2024-11-30T22:10:19.418Z - Successfully translated location ChIJy6uUeyn50YURNL0lVTFg_r0
2024-11-30T22:10:19.863Z - Successfully translated location ChIJY_iBM0v-0YURVZgdY8Ttju8
2024-11-30T22:10:20.326Z - Successfully translated location ChIJy6_LGAD_0YURMZwosO4FsoI
2024-11-30T22:10:20.779Z - Successfully translated location ChIJYQA_UjH_zYURZJUmR7kkWP4
2024-11-30T22:10:21.227Z - Successfully translated location ChIJ_yrf4ab50YURqF_bl-6WpbI
2024-11-30T22:10:21.674Z - Successfully translated location ChIJySAZlJ4CzoURQtHinLXvCxM
2024-11-30T22:10:22.118Z - Successfully translated location ChIJY349lcv70YURkJmyeo1Xw_E
2024-11-30T22:10:22.562Z - Successfully translated location ChIJycty2vn-0YURe7h_Hs7o49s
2024-11-30T22:10:23.007Z - Successfully translated location ChIJyeeaLyH_0YURebbhWxDAQAQ
2024-11-30T22:10:23.455Z - Successfully translated location ChIJyf8fM1H_0YURtPQJ7O20etA
2024-11-30T22:10:23.457Z - Completed batch. Total processed: 830
2024-11-30T22:10:26.525Z - Successfully translated location ChIJYSwpMyAD0oURbHxYZNuMPz0
2024-11-30T22:10:26.975Z - Successfully translated location ChIJyXdgne0D0oURKatcuReVoVA
2024-11-30T22:10:27.422Z - Successfully translated location ChIJyVBdXMgD0oURCoinPbXFInE
2024-11-30T22:10:27.872Z - Successfully translated location ChIJyw2GQDQFzoURBLXjrsDVTws
2024-11-30T22:10:28.324Z - Successfully translated location ChIJZ2cWw9X40YURuJ537bvh9WA
2024-11-30T22:10:28.777Z - Successfully translated location ChIJyY5Mpcr70YURSf0GWApUMzA
2024-11-30T22:10:29.227Z - Successfully translated location ChIJz1OIZB390YUR69MZ2_XUgfU
2024-11-30T22:10:29.680Z - Successfully translated location ChIJYxW99TX_0YUR9y_gLQ5vNmw
2024-11-30T22:10:30.137Z - Successfully translated location ChIJZ2lB4Mf-0YUR1xUYsitgvN8
2024-11-30T22:10:30.683Z - Successfully translated location ChIJYZyus_7x0YURBWwhnRsdDQQ
2024-11-30T22:10:30.683Z - Completed batch. Total processed: 840
2024-11-30T22:10:33.299Z - Successfully translated location ChIJz3rqPAD9zYURKsVsiT2Ewtc
2024-11-30T22:10:33.776Z - Successfully translated location ChIJz2LYk-__0YURF9E17VOiyZg
2024-11-30T22:10:34.252Z - Successfully translated location ChIJz3h4mY3_zYURL_k0X-KlWyQ
2024-11-30T22:10:34.711Z - Successfully translated location ChIJz38qvpYCzoUReIttKSqEuBw
2024-11-30T22:10:35.170Z - Successfully translated location ChIJz4mERdT40YURxmDVb-xLmPw
2024-11-30T22:10:35.614Z - Successfully translated location ChIJz8dbfeYB0oURF7jfsmSa6D8
2024-11-30T22:10:36.055Z - Successfully translated location ChIJZ5MCM6YAzoURFlntx4_8WRU
2024-11-30T22:10:36.511Z - Successfully translated location ChIJzc5SY7X-0YURyh1Hfe2Iszg
2024-11-30T22:10:36.967Z - Successfully translated location ChIJz6av9UL7zYURVftPCJODtqI
2024-11-30T22:10:37.417Z - Successfully translated location ChIJz4n2NYrx0YURJAt_A6PuuDQ
2024-11-30T22:10:37.420Z - Completed batch. Total processed: 850
2024-11-30T22:10:39.958Z - Successfully translated location ChIJz_MX7XP30YURBiv4TnOmn5Q
2024-11-30T22:10:40.408Z - Successfully translated location ChIJ-ZIacgDx0YURvNqAiVyJgAs
2024-11-30T22:10:40.852Z - Successfully translated location ChIJzR-L9xz40YURi-yc0-5pIbI
2024-11-30T22:10:41.393Z - Successfully translated location ChIJZRjYEtIBzoURK-cmNc1RB1w
2024-11-30T22:10:41.839Z - Successfully translated location ChIJZfcnyVD50YURfo1H_0nhXN4
2024-11-30T22:10:42.281Z - Successfully translated location ChIJzeGsZpv_0YUR_hdjGL2J1NI
2024-11-30T22:10:42.739Z - Successfully translated location ChIJze-QBF3-zYUR3uJtn_R8bi0
2024-11-30T22:10:43.195Z - Successfully translated location ChIJzVy1lZn50YURro-MGmjKDcE
2024-11-30T22:10:43.647Z - Successfully translated location ChIJzSrTeyT50YURo7DapMJZwy8
2024-11-30T22:10:44.096Z - Successfully translated location ChIJZTMErjL-0YURBU8Dj-O1oYY
2024-11-30T22:10:44.099Z - Completed batch. Total processed: 860
2024-11-30T22:10:46.991Z - Successfully translated location ChIJzWQfZg3x0YURgGY9N4lo6Gk
2024-11-30T22:10:47.438Z - Successfully translated location ChIJzWnTqhHj0YURGOZwqBF5qt8
2024-11-30T22:10:47.892Z - Successfully translated location ChIJZxCATMj50YUR7VNfEs2wYBM
2024-11-30T22:10:48.349Z - Successfully translated location ChIJZz4xfB3-zYURckX4t-1WUgM
2024-11-30T22:10:48.804Z - Successfully translated location ChIJzw7RuTT_0YURE2EXNI7CeCc
2024-11-30T22:10:48.806Z - Completed batch. Total processed: 865
2024-11-30T22:10:50.264Z - No more locations to process
2024-11-30T22:10:50.265Z - Translation process completed successfully
